<?xml version="1.0" encoding="UTF-8" ?>
<testsuites name="vitest tests" tests="910" failures="0" errors="0" time="1.492914055">
    <testsuite name="src/stores/test/circleOfFifthsStore.test.ts" timestamp="2025-09-28T12:42:07.323Z" hostname="runnervm3ublj" tests="1" failures="0" errors="0" skipped="0" time="0.003786895">
        <testcase classname="src/stores/test/circleOfFifthsStore.test.ts" name="Zustandストアの基本動作確認 &gt; ストアが正常に初期化される" time="0.001955589">
        </testcase>
    </testsuite>
    <testsuite name="src/stores/test/currentScaleStore.test.ts" timestamp="2025-09-28T12:42:07.324Z" hostname="runnervm3ublj" tests="4" failures="0" errors="0" skipped="0" time="0.041492701">
        <testcase classname="src/stores/test/currentScaleStore.test.ts" name="currentKeyStore &gt; 初期状態はC Majorキーである" time="0.023024002">
        </testcase>
        <testcase classname="src/stores/test/currentScaleStore.test.ts" name="currentKeyStore &gt; 音楽キーを設定できる" time="0.005990338">
        </testcase>
        <testcase classname="src/stores/test/currentScaleStore.test.ts" name="currentKeyStore &gt; デフォルトにリセットできる" time="0.00575667">
        </testcase>
        <testcase classname="src/stores/test/currentScaleStore.test.ts" name="currentKeyStore &gt; メジャーキーとマイナーキーを正しく区別する" time="0.004791529">
        </testcase>
    </testsuite>
    <testsuite name="src/stores/test/hubStore.test.ts" timestamp="2025-09-28T12:42:07.326Z" hostname="runnervm3ublj" tests="13" failures="0" errors="0" skipped="0" time="0.009058906">
        <testcase classname="src/stores/test/hubStore.test.ts" name="hubStore &gt; 初期状態 &gt; 正常ケース: デフォルトでcircle-of-fifthsが設定される" time="0.002088298">
        </testcase>
        <testcase classname="src/stores/test/hubStore.test.ts" name="hubStore &gt; 初期状態 &gt; 正常ケース: setHubType関数が定義されている" time="0.000294202">
        </testcase>
        <testcase classname="src/stores/test/hubStore.test.ts" name="hubStore &gt; 初期状態 &gt; 正常ケース: ストアの型構造が正しい" time="0.001528017">
        </testcase>
        <testcase classname="src/stores/test/hubStore.test.ts" name="hubStore &gt; setHubType関数 &gt; 正常ケース: circle-of-fifthsに設定できる" time="0.000266229">
        </testcase>
        <testcase classname="src/stores/test/hubStore.test.ts" name="hubStore &gt; setHubType関数 &gt; 正常ケース: chromatic-circleに設定できる" time="0.000235692">
        </testcase>
        <testcase classname="src/stores/test/hubStore.test.ts" name="hubStore &gt; setHubType関数 &gt; 正常ケース: 状態変更後もsetHubType関数が同じ参照を保持" time="0.00028757">
        </testcase>
        <testcase classname="src/stores/test/hubStore.test.ts" name="hubStore &gt; setHubType関数 &gt; 境界値ケース: 全てのHubTypeを正しく設定できる" time="0.000376377">
        </testcase>
        <testcase classname="src/stores/test/hubStore.test.ts" name="hubStore &gt; 状態変更の動作 &gt; 正常ケース: 複数回の状態変更が正しく処理される" time="0.000395712">
        </testcase>
        <testcase classname="src/stores/test/hubStore.test.ts" name="hubStore &gt; 状態変更の動作 &gt; 正常ケース: 同じ値を設定しても状態は変更される" time="0.000340909">
        </testcase>
        <testcase classname="src/stores/test/hubStore.test.ts" name="hubStore &gt; ストア購読の動作 &gt; 正常ケース: 状態変更時にリスナーが呼ばれる" time="0.000458621">
        </testcase>
        <testcase classname="src/stores/test/hubStore.test.ts" name="hubStore &gt; ストアの独立性 &gt; 正常ケース: 複数のgetState()呼び出しが同じオブジェクトを参照" time="0.00021356">
        </testcase>
        <testcase classname="src/stores/test/hubStore.test.ts" name="hubStore &gt; ストアの独立性 &gt; 正常ケース: ストアの状態が適切に分離されている" time="0.00020239">
        </testcase>
        <testcase classname="src/stores/test/hubStore.test.ts" name="hubStore &gt; 型安全性 &gt; 正常ケース: HubType以外の値は型エラーとなる（TypeScript）" time="0.000216957">
        </testcase>
    </testsuite>
    <testsuite name="src/stores/test/layerStore.test.ts" timestamp="2025-09-28T12:42:07.328Z" hostname="runnervm3ublj" tests="11" failures="0" errors="0" skipped="0" time="0.009680521">
        <testcase classname="src/stores/test/layerStore.test.ts" name="layerStore &gt; initial state &gt; 正常ケース: 初期状態でダイアトニックコード非表示" time="0.002220396">
        </testcase>
        <testcase classname="src/stores/test/layerStore.test.ts" name="layerStore &gt; toggleDiatonicChords action &gt; 正常ケース: falseからtrueに切り替わる" time="0.000382217">
        </testcase>
        <testcase classname="src/stores/test/layerStore.test.ts" name="layerStore &gt; toggleDiatonicChords action &gt; 正常ケース: trueからfalseに切り替わる" time="0.000478017">
        </testcase>
        <testcase classname="src/stores/test/layerStore.test.ts" name="layerStore &gt; toggleDiatonicChords action &gt; 正常ケース: 複数回のトグル動作" time="0.000583705">
        </testcase>
        <testcase classname="src/stores/test/layerStore.test.ts" name="layerStore &gt; toggleDiatonicChords action &gt; 正常ケース: 関数の参照が安定している" time="0.000254408">
        </testcase>
        <testcase classname="src/stores/test/layerStore.test.ts" name="layerStore &gt; state immutability &gt; 正常ケース: setState後に元のstateが変更されない" time="0.000494597">
        </testcase>
        <testcase classname="src/stores/test/layerStore.test.ts" name="layerStore &gt; state immutability &gt; 正常ケース: toggleDiatonicChords後の不変性" time="0.001228865">
        </testcase>
        <testcase classname="src/stores/test/layerStore.test.ts" name="layerStore &gt; store subscription &gt; 正常ケース: 状態変更時にsubscriberが呼ばれる" time="0.000520036">
        </testcase>
        <testcase classname="src/stores/test/layerStore.test.ts" name="layerStore &gt; direct state manipulation &gt; 正常ケース: setStateによる直接的な状態変更" time="0.000439384">
        </testcase>
        <testcase classname="src/stores/test/layerStore.test.ts" name="layerStore &gt; direct state manipulation &gt; 正常ケース: 部分的な状態更新" time="0.000302157">
        </testcase>
        <testcase classname="src/stores/test/layerStore.test.ts" name="layerStore &gt; type safety &gt; 正常ケース: 型安全な状態アクセス" time="0.000323116">
        </testcase>
    </testsuite>
    <testsuite name="src/domain/chord/test/Chord.test.ts" timestamp="2025-09-28T12:42:07.331Z" hostname="runnervm3ublj" tests="30" failures="0" errors="0" skipped="0" time="0.01898094">
        <testcase classname="src/domain/chord/test/Chord.test.ts" name="Chord &gt; コンストラクタ（ファクトリメソッド経由） &gt; 正常ケース: メジャーコードを生成" time="0.002683143">
        </testcase>
        <testcase classname="src/domain/chord/test/Chord.test.ts" name="Chord &gt; コンストラクタ（ファクトリメソッド経由） &gt; 正常ケース: マイナーコードを生成" time="0.000579578">
        </testcase>
        <testcase classname="src/domain/chord/test/Chord.test.ts" name="Chord &gt; コンストラクタ（ファクトリメソッド経由） &gt; 正常ケース: ドミナント7thコードを生成" time="0.000584727">
        </testcase>
        <testcase classname="src/domain/chord/test/Chord.test.ts" name="Chord &gt; 構成音生成テスト &gt; 正常ケース: 各メジャートライアドの構成音" time="0.001032658">
        </testcase>
        <testcase classname="src/domain/chord/test/Chord.test.ts" name="Chord &gt; 構成音生成テスト &gt; 正常ケース: 各マイナートライアドの構成音" time="0.000894238">
        </testcase>
        <testcase classname="src/domain/chord/test/Chord.test.ts" name="Chord &gt; KeyDTOファクトリメソッド &gt; 正常ケース: KeyDTOからメジャーコード生成" time="0.000880451">
        </testcase>
        <testcase classname="src/domain/chord/test/Chord.test.ts" name="Chord &gt; KeyDTOファクトリメソッド &gt; 正常ケース: KeyDTOからマイナーコード生成" time="0.000573466">
        </testcase>
        <testcase classname="src/domain/chord/test/Chord.test.ts" name="Chord &gt; オクターブ処理 &gt; 正常ケース: オクターブを跨ぐ音程の処理" time="0.000260638">
        </testcase>
        <testcase classname="src/domain/chord/test/Chord.test.ts" name="Chord &gt; オクターブ処理 &gt; 正常ケース: 低いオクターブでの和音" time="0.000359194">
        </testcase>
        <testcase classname="src/domain/chord/test/Chord.test.ts" name="Chord &gt; オクターブ処理 &gt; 正常ケース: 高いオクターブでの和音" time="0.000311645">
        </testcase>
        <testcase classname="src/domain/chord/test/Chord.test.ts" name="Chord &gt; fromNotes ファクトリメソッド &gt; 正常ケース: メジャートライアドの構成音から生成" time="0.000732845">
        </testcase>
        <testcase classname="src/domain/chord/test/Chord.test.ts" name="Chord &gt; fromNotes ファクトリメソッド &gt; 正常ケース: マイナートライアドの構成音から生成" time="0.000418936">
        </testcase>
        <testcase classname="src/domain/chord/test/Chord.test.ts" name="Chord &gt; fromNotes ファクトリメソッド &gt; 正常ケース: ドミナント7thコードの構成音から生成" time="0.000438623">
        </testcase>
        <testcase classname="src/domain/chord/test/Chord.test.ts" name="Chord &gt; fromNotes ファクトリメソッド &gt; 正常ケース: ディミニッシュトライアドの構成音から生成" time="0.000620955">
        </testcase>
        <testcase classname="src/domain/chord/test/Chord.test.ts" name="Chord &gt; fromNotes ファクトリメソッド &gt; エラーケース: 空の構成音配列" time="0.001163022">
        </testcase>
        <testcase classname="src/domain/chord/test/Chord.test.ts" name="Chord &gt; fromNotes ファクトリメソッド &gt; エラーケース: 認識できないコード品質" time="0.00055415">
        </testcase>
        <testcase classname="src/domain/chord/test/Chord.test.ts" name="Chord &gt; ChordPattern.from ファクトリメソッド &gt; 正常ケース: MajorSeventhコード" time="0.000385052">
        </testcase>
        <testcase classname="src/domain/chord/test/Chord.test.ts" name="Chord &gt; ChordPattern.from ファクトリメソッド &gt; 正常ケース: MinorSeventhコード" time="0.000346811">
        </testcase>
        <testcase classname="src/domain/chord/test/Chord.test.ts" name="Chord &gt; ChordPattern.from ファクトリメソッド &gt; 正常ケース: DiminishedTriadコード" time="0.000312747">
        </testcase>
        <testcase classname="src/domain/chord/test/Chord.test.ts" name="Chord &gt; equals メソッド &gt; 正常ケース: 同じルート音と同じ品質のChordは等しい" time="0.000248727">
        </testcase>
        <testcase classname="src/domain/chord/test/Chord.test.ts" name="Chord &gt; equals メソッド &gt; 正常ケース: 同じChord同士は等しい" time="0.000177323">
        </testcase>
        <testcase classname="src/domain/chord/test/Chord.test.ts" name="Chord &gt; equals メソッド &gt; 正常ケース: 異なる品質のChordは等しくない" time="0.000193283">
        </testcase>
        <testcase classname="src/domain/chord/test/Chord.test.ts" name="Chord &gt; equals メソッド &gt; 正常ケース: 異なるルート音のChordは等しくない" time="0.000203602">
        </testcase>
        <testcase classname="src/domain/chord/test/Chord.test.ts" name="Chord &gt; equals メソッド &gt; 正常ケース: 異なるオクターブでも同じピッチクラスと品質なら等しい" time="0.00019702">
        </testcase>
        <testcase classname="src/domain/chord/test/Chord.test.ts" name="Chord &gt; equals メソッド &gt; エッジケース: null、undefined、非Chordオブジェクトとの比較" time="0.000286047">
        </testcase>
        <testcase classname="src/domain/chord/test/Chord.test.ts" name="Chord &gt; equals メソッド &gt; 正常ケース: 異なる生成方法で作られた同じChordは等しい" time="0.000177784">
        </testcase>
        <testcase classname="src/domain/chord/test/Chord.test.ts" name="Chord &gt; equals メソッド &gt; 正常ケース: fromNotesで生成したChordとの比較" time="0.000205746">
        </testcase>
        <testcase classname="src/domain/chord/test/Chord.test.ts" name="Chord &gt; 音楽理論的検証 &gt; 正常ケース: 基本トライアドの音程関係" time="0.000311895">
        </testcase>
        <testcase classname="src/domain/chord/test/Chord.test.ts" name="Chord &gt; 音楽理論的検証 &gt; 正常ケース: セブンスコードの音程関係" time="0.000469571">
        </testcase>
        <testcase classname="src/domain/chord/test/Chord.test.ts" name="Chord &gt; 音楽理論的検証 &gt; 正常ケース: KeyDTOを使った和音進行" time="0.000591038">
        </testcase>
    </testsuite>
    <testsuite name="src/domain/common/test/AbstractMusicalContext.test.ts" timestamp="2025-09-28T12:42:07.339Z" hostname="runnervm3ublj" tests="287" failures="0" errors="0" skipped="0" time="0.172587158">
        <testcase classname="src/domain/common/test/AbstractMusicalContext.test.ts" name="AbstractMusicalContext &gt; getDegreeNameFromNumber - 静的メソッド &gt; 正常ケース: 1-7度の各度数で正しいローマ数字を返す" time="0.002493446">
        </testcase>
        <testcase classname="src/domain/common/test/AbstractMusicalContext.test.ts" name="AbstractMusicalContext &gt; getDegreeNameFromNumber - 静的メソッド &gt; 正常ケース: sharp記号付き度数名を正しく返す" time="0.000462216">
        </testcase>
        <testcase classname="src/domain/common/test/AbstractMusicalContext.test.ts" name="AbstractMusicalContext &gt; getDegreeNameFromNumber - 静的メソッド &gt; 正常ケース: flat記号付き度数名を正しく返す" time="0.000544331">
        </testcase>
        <testcase classname="src/domain/common/test/AbstractMusicalContext.test.ts" name="AbstractMusicalContext &gt; getDegreeNameFromNumber - 静的メソッド &gt; 異常ケース: 範囲外の度数でエラーをスロー" time="0.00111966">
        </testcase>
        <testcase classname="src/domain/common/test/AbstractMusicalContext.test.ts" name="AbstractMusicalContext &gt; getDegreeNameFromNumber - 静的メソッド &gt; 境界値ケース: 最小値と最大値で正しく動作" time="0.00024494">
        </testcase>
        <testcase classname="src/domain/common/test/AbstractMusicalContext.test.ts" name="AbstractMusicalContext &gt; 基本プロパティ &gt; Key (C Major) &gt; centerPitchが正しく設定されている" time="0.000280837">
        </testcase>
        <testcase classname="src/domain/common/test/AbstractMusicalContext.test.ts" name="AbstractMusicalContext &gt; 基本プロパティ &gt; Key (C Major) &gt; scaleが正しく設定されている" time="0.000144551">
        </testcase>
        <testcase classname="src/domain/common/test/AbstractMusicalContext.test.ts" name="AbstractMusicalContext &gt; 基本プロパティ &gt; Key (C Major) &gt; contextNameが生成される" time="0.000345077">
        </testcase>
        <testcase classname="src/domain/common/test/AbstractMusicalContext.test.ts" name="AbstractMusicalContext &gt; 基本プロパティ &gt; Key (C Major) &gt; shortNameが生成される" time="0.000245019">
        </testcase>
        <testcase classname="src/domain/common/test/AbstractMusicalContext.test.ts" name="AbstractMusicalContext &gt; 基本プロパティ &gt; Key (G Major - Sharp) &gt; centerPitchが正しく設定されている" time="0.000272942">
        </testcase>
        <testcase classname="src/domain/common/test/AbstractMusicalContext.test.ts" name="AbstractMusicalContext &gt; 基本プロパティ &gt; Key (G Major - Sharp) &gt; scaleが正しく設定されている" time="0.000108954">
        </testcase>
        <testcase classname="src/domain/common/test/AbstractMusicalContext.test.ts" name="AbstractMusicalContext &gt; 基本プロパティ &gt; Key (G Major - Sharp) &gt; contextNameが生成される" time="0.00010135">
        </testcase>
        <testcase classname="src/domain/common/test/AbstractMusicalContext.test.ts" name="AbstractMusicalContext &gt; 基本プロパティ &gt; Key (G Major - Sharp) &gt; shortNameが生成される" time="0.000093105">
        </testcase>
        <testcase classname="src/domain/common/test/AbstractMusicalContext.test.ts" name="AbstractMusicalContext &gt; 基本プロパティ &gt; Key (F Major - Flat) &gt; centerPitchが正しく設定されている" time="0.000342041">
        </testcase>
        <testcase classname="src/domain/common/test/AbstractMusicalContext.test.ts" name="AbstractMusicalContext &gt; 基本プロパティ &gt; Key (F Major - Flat) &gt; scaleが正しく設定されている" time="0.000174097">
        </testcase>
        <testcase classname="src/domain/common/test/AbstractMusicalContext.test.ts" name="AbstractMusicalContext &gt; 基本プロパティ &gt; Key (F Major - Flat) &gt; contextNameが生成される" time="0.00015501">
        </testcase>
        <testcase classname="src/domain/common/test/AbstractMusicalContext.test.ts" name="AbstractMusicalContext &gt; 基本プロパティ &gt; Key (F Major - Flat) &gt; shortNameが生成される" time="0.000104776">
        </testcase>
        <testcase classname="src/domain/common/test/AbstractMusicalContext.test.ts" name="AbstractMusicalContext &gt; 基本プロパティ &gt; Key (A Minor) &gt; centerPitchが正しく設定されている" time="0.00009067">
        </testcase>
        <testcase classname="src/domain/common/test/AbstractMusicalContext.test.ts" name="AbstractMusicalContext &gt; 基本プロパティ &gt; Key (A Minor) &gt; scaleが正しく設定されている" time="0.000074109">
        </testcase>
        <testcase classname="src/domain/common/test/AbstractMusicalContext.test.ts" name="AbstractMusicalContext &gt; 基本プロパティ &gt; Key (A Minor) &gt; contextNameが生成される" time="0.000182111">
        </testcase>
        <testcase classname="src/domain/common/test/AbstractMusicalContext.test.ts" name="AbstractMusicalContext &gt; 基本プロパティ &gt; Key (A Minor) &gt; shortNameが生成される" time="0.000190658">
        </testcase>
        <testcase classname="src/domain/common/test/AbstractMusicalContext.test.ts" name="AbstractMusicalContext &gt; 基本プロパティ &gt; Key (E Minor - Sharp) &gt; centerPitchが正しく設定されている" time="0.000113373">
        </testcase>
        <testcase classname="src/domain/common/test/AbstractMusicalContext.test.ts" name="AbstractMusicalContext &gt; 基本プロパティ &gt; Key (E Minor - Sharp) &gt; scaleが正しく設定されている" time="0.000078196">
        </testcase>
        <testcase classname="src/domain/common/test/AbstractMusicalContext.test.ts" name="AbstractMusicalContext &gt; 基本プロパティ &gt; Key (E Minor - Sharp) &gt; contextNameが生成される" time="0.000135764">
        </testcase>
        <testcase classname="src/domain/common/test/AbstractMusicalContext.test.ts" name="AbstractMusicalContext &gt; 基本プロパティ &gt; Key (E Minor - Sharp) &gt; shortNameが生成される" time="0.000108824">
        </testcase>
        <testcase classname="src/domain/common/test/AbstractMusicalContext.test.ts" name="AbstractMusicalContext &gt; 基本プロパティ &gt; Key (D Minor - Flat) &gt; centerPitchが正しく設定されている" time="0.000081823">
        </testcase>
        <testcase classname="src/domain/common/test/AbstractMusicalContext.test.ts" name="AbstractMusicalContext &gt; 基本プロパティ &gt; Key (D Minor - Flat) &gt; scaleが正しく設定されている" time="0.000079348">
        </testcase>
        <testcase classname="src/domain/common/test/AbstractMusicalContext.test.ts" name="AbstractMusicalContext &gt; 基本プロパティ &gt; Key (D Minor - Flat) &gt; contextNameが生成される" time="0.000089117">
        </testcase>
        <testcase classname="src/domain/common/test/AbstractMusicalContext.test.ts" name="AbstractMusicalContext &gt; 基本プロパティ &gt; Key (D Minor - Flat) &gt; shortNameが生成される" time="0.000090199">
        </testcase>
        <testcase classname="src/domain/common/test/AbstractMusicalContext.test.ts" name="AbstractMusicalContext &gt; 基本プロパティ &gt; ModalContext (D Dorian) &gt; centerPitchが正しく設定されている" time="0.000095119">
        </testcase>
        <testcase classname="src/domain/common/test/AbstractMusicalContext.test.ts" name="AbstractMusicalContext &gt; 基本プロパティ &gt; ModalContext (D Dorian) &gt; scaleが正しく設定されている" time="0.000068398">
        </testcase>
        <testcase classname="src/domain/common/test/AbstractMusicalContext.test.ts" name="AbstractMusicalContext &gt; 基本プロパティ &gt; ModalContext (D Dorian) &gt; contextNameが生成される" time="0.000079489">
        </testcase>
        <testcase classname="src/domain/common/test/AbstractMusicalContext.test.ts" name="AbstractMusicalContext &gt; 基本プロパティ &gt; ModalContext (D Dorian) &gt; shortNameが生成される" time="0.000081583">
        </testcase>
        <testcase classname="src/domain/common/test/AbstractMusicalContext.test.ts" name="AbstractMusicalContext &gt; 基本プロパティ &gt; ModalContext (E Phrygian) &gt; centerPitchが正しく設定されている" time="0.000075061">
        </testcase>
        <testcase classname="src/domain/common/test/AbstractMusicalContext.test.ts" name="AbstractMusicalContext &gt; 基本プロパティ &gt; ModalContext (E Phrygian) &gt; scaleが正しく設定されている" time="0.000067737">
        </testcase>
        <testcase classname="src/domain/common/test/AbstractMusicalContext.test.ts" name="AbstractMusicalContext &gt; 基本プロパティ &gt; ModalContext (E Phrygian) &gt; contextNameが生成される" time="0.000073939">
        </testcase>
        <testcase classname="src/domain/common/test/AbstractMusicalContext.test.ts" name="AbstractMusicalContext &gt; 基本プロパティ &gt; ModalContext (E Phrygian) &gt; shortNameが生成される" time="0.000072046">
        </testcase>
        <testcase classname="src/domain/common/test/AbstractMusicalContext.test.ts" name="AbstractMusicalContext &gt; 基本プロパティ &gt; ModalContext (F Lydian) &gt; centerPitchが正しく設定されている" time="0.000134392">
        </testcase>
        <testcase classname="src/domain/common/test/AbstractMusicalContext.test.ts" name="AbstractMusicalContext &gt; 基本プロパティ &gt; ModalContext (F Lydian) &gt; scaleが正しく設定されている" time="0.000179888">
        </testcase>
        <testcase classname="src/domain/common/test/AbstractMusicalContext.test.ts" name="AbstractMusicalContext &gt; 基本プロパティ &gt; ModalContext (F Lydian) &gt; contextNameが生成される" time="0.000220944">
        </testcase>
        <testcase classname="src/domain/common/test/AbstractMusicalContext.test.ts" name="AbstractMusicalContext &gt; 基本プロパティ &gt; ModalContext (F Lydian) &gt; shortNameが生成される" time="0.000147016">
        </testcase>
        <testcase classname="src/domain/common/test/AbstractMusicalContext.test.ts" name="AbstractMusicalContext &gt; 基本プロパティ &gt; ModalContext (G Mixolydian) &gt; centerPitchが正しく設定されている" time="0.000155812">
        </testcase>
        <testcase classname="src/domain/common/test/AbstractMusicalContext.test.ts" name="AbstractMusicalContext &gt; 基本プロパティ &gt; ModalContext (G Mixolydian) &gt; scaleが正しく設定されている" time="0.000151685">
        </testcase>
        <testcase classname="src/domain/common/test/AbstractMusicalContext.test.ts" name="AbstractMusicalContext &gt; 基本プロパティ &gt; ModalContext (G Mixolydian) &gt; contextNameが生成される" time="0.000126508">
        </testcase>
        <testcase classname="src/domain/common/test/AbstractMusicalContext.test.ts" name="AbstractMusicalContext &gt; 基本プロパティ &gt; ModalContext (G Mixolydian) &gt; shortNameが生成される" time="0.000097152">
        </testcase>
        <testcase classname="src/domain/common/test/AbstractMusicalContext.test.ts" name="AbstractMusicalContext &gt; buildTriad - 三和音構築機能 &gt; Key (C Major) &gt; 1-7度の三和音を構築できる" time="0.002535324">
        </testcase>
        <testcase classname="src/domain/common/test/AbstractMusicalContext.test.ts" name="AbstractMusicalContext &gt; buildTriad - 三和音構築機能 &gt; Key (C Major) &gt; 範囲外の度数でエラーが投げられる" time="0.000632146">
        </testcase>
        <testcase classname="src/domain/common/test/AbstractMusicalContext.test.ts" name="AbstractMusicalContext &gt; buildTriad - 三和音構築機能 &gt; Key (G Major - Sharp) &gt; 1-7度の三和音を構築できる" time="0.001267648">
        </testcase>
        <testcase classname="src/domain/common/test/AbstractMusicalContext.test.ts" name="AbstractMusicalContext &gt; buildTriad - 三和音構築機能 &gt; Key (G Major - Sharp) &gt; 範囲外の度数でエラーが投げられる" time="0.000463118">
        </testcase>
        <testcase classname="src/domain/common/test/AbstractMusicalContext.test.ts" name="AbstractMusicalContext &gt; buildTriad - 三和音構築機能 &gt; Key (F Major - Flat) &gt; 1-7度の三和音を構築できる" time="0.001217243">
        </testcase>
        <testcase classname="src/domain/common/test/AbstractMusicalContext.test.ts" name="AbstractMusicalContext &gt; buildTriad - 三和音構築機能 &gt; Key (F Major - Flat) &gt; 範囲外の度数でエラーが投げられる" time="0.000391093">
        </testcase>
        <testcase classname="src/domain/common/test/AbstractMusicalContext.test.ts" name="AbstractMusicalContext &gt; buildTriad - 三和音構築機能 &gt; Key (A Minor) &gt; 1-7度の三和音を構築できる" time="0.000687139">
        </testcase>
        <testcase classname="src/domain/common/test/AbstractMusicalContext.test.ts" name="AbstractMusicalContext &gt; buildTriad - 三和音構築機能 &gt; Key (A Minor) &gt; 範囲外の度数でエラーが投げられる" time="0.000236113">
        </testcase>
        <testcase classname="src/domain/common/test/AbstractMusicalContext.test.ts" name="AbstractMusicalContext &gt; buildTriad - 三和音構築機能 &gt; Key (E Minor - Sharp) &gt; 1-7度の三和音を構築できる" time="0.000582662">
        </testcase>
        <testcase classname="src/domain/common/test/AbstractMusicalContext.test.ts" name="AbstractMusicalContext &gt; buildTriad - 三和音構築機能 &gt; Key (E Minor - Sharp) &gt; 範囲外の度数でエラーが投げられる" time="0.000238628">
        </testcase>
        <testcase classname="src/domain/common/test/AbstractMusicalContext.test.ts" name="AbstractMusicalContext &gt; buildTriad - 三和音構築機能 &gt; Key (D Minor - Flat) &gt; 1-7度の三和音を構築できる" time="0.000552336">
        </testcase>
        <testcase classname="src/domain/common/test/AbstractMusicalContext.test.ts" name="AbstractMusicalContext &gt; buildTriad - 三和音構築機能 &gt; Key (D Minor - Flat) &gt; 範囲外の度数でエラーが投げられる" time="0.000228389">
        </testcase>
        <testcase classname="src/domain/common/test/AbstractMusicalContext.test.ts" name="AbstractMusicalContext &gt; buildTriad - 三和音構築機能 &gt; ModalContext (D Dorian) &gt; 1-7度の三和音を構築できる" time="0.000561674">
        </testcase>
        <testcase classname="src/domain/common/test/AbstractMusicalContext.test.ts" name="AbstractMusicalContext &gt; buildTriad - 三和音構築機能 &gt; ModalContext (D Dorian) &gt; 範囲外の度数でエラーが投げられる" time="0.000230182">
        </testcase>
        <testcase classname="src/domain/common/test/AbstractMusicalContext.test.ts" name="AbstractMusicalContext &gt; buildTriad - 三和音構築機能 &gt; ModalContext (E Phrygian) &gt; 1-7度の三和音を構築できる" time="0.000558016">
        </testcase>
        <testcase classname="src/domain/common/test/AbstractMusicalContext.test.ts" name="AbstractMusicalContext &gt; buildTriad - 三和音構築機能 &gt; ModalContext (E Phrygian) &gt; 範囲外の度数でエラーが投げられる" time="0.000313017">
        </testcase>
        <testcase classname="src/domain/common/test/AbstractMusicalContext.test.ts" name="AbstractMusicalContext &gt; buildTriad - 三和音構築機能 &gt; ModalContext (F Lydian) &gt; 1-7度の三和音を構築できる" time="0.000727865">
        </testcase>
        <testcase classname="src/domain/common/test/AbstractMusicalContext.test.ts" name="AbstractMusicalContext &gt; buildTriad - 三和音構築機能 &gt; ModalContext (F Lydian) &gt; 範囲外の度数でエラーが投げられる" time="0.000400401">
        </testcase>
        <testcase classname="src/domain/common/test/AbstractMusicalContext.test.ts" name="AbstractMusicalContext &gt; buildTriad - 三和音構築機能 &gt; ModalContext (G Mixolydian) &gt; 1-7度の三和音を構築できる" time="0.000925796">
        </testcase>
        <testcase classname="src/domain/common/test/AbstractMusicalContext.test.ts" name="AbstractMusicalContext &gt; buildTriad - 三和音構築機能 &gt; ModalContext (G Mixolydian) &gt; 範囲外の度数でエラーが投げられる" time="0.000360235">
        </testcase>
        <testcase classname="src/domain/common/test/AbstractMusicalContext.test.ts" name="AbstractMusicalContext &gt; diatonicChords - ダイアトニック和音配列 &gt; 特定キーの完全一致検証 &gt; 正常ケース: C Majorの7つのダイアトニック和音を完全検証" time="0.000459411">
        </testcase>
        <testcase classname="src/domain/common/test/AbstractMusicalContext.test.ts" name="AbstractMusicalContext &gt; diatonicChords - ダイアトニック和音配列 &gt; 特定キーの完全一致検証 &gt; 正常ケース: A Minorの7つのダイアトニック和音を完全検証" time="0.000331361">
        </testcase>
        <testcase classname="src/domain/common/test/AbstractMusicalContext.test.ts" name="AbstractMusicalContext &gt; diatonicChords - ダイアトニック和音配列 &gt; 特定キーの完全一致検証 &gt; 正常ケース: G Majorの7つのダイアトニック和音を完全検証" time="0.000324439">
        </testcase>
        <testcase classname="src/domain/common/test/AbstractMusicalContext.test.ts" name="AbstractMusicalContext &gt; diatonicChords - ダイアトニック和音配列 &gt; Key (C Major) &gt; 正常ケース: 7つのダイアトニック和音を返す" time="0.00050135">
        </testcase>
        <testcase classname="src/domain/common/test/AbstractMusicalContext.test.ts" name="AbstractMusicalContext &gt; diatonicChords - ダイアトニック和音配列 &gt; Key (C Major) &gt; 正常ケース: キャッシュ機能が動作する（同一インスタンスを返す）" time="0.000089037">
        </testcase>
        <testcase classname="src/domain/common/test/AbstractMusicalContext.test.ts" name="AbstractMusicalContext &gt; diatonicChords - ダイアトニック和音配列 &gt; Key (C Major) &gt; 正常ケース: 結果がフリーズされている（immutable）" time="0.000084739">
        </testcase>
        <testcase classname="src/domain/common/test/AbstractMusicalContext.test.ts" name="AbstractMusicalContext &gt; diatonicChords - ダイアトニック和音配列 &gt; Key (C Major) &gt; 正常ケース: 各和音が有効なコード名を持つ" time="0.000500979">
        </testcase>
        <testcase classname="src/domain/common/test/AbstractMusicalContext.test.ts" name="AbstractMusicalContext &gt; diatonicChords - ダイアトニック和音配列 &gt; Key (G Major - Sharp) &gt; 正常ケース: 7つのダイアトニック和音を返す" time="0.0004853">
        </testcase>
        <testcase classname="src/domain/common/test/AbstractMusicalContext.test.ts" name="AbstractMusicalContext &gt; diatonicChords - ダイアトニック和音配列 &gt; Key (G Major - Sharp) &gt; 正常ケース: キャッシュ機能が動作する（同一インスタンスを返す）" time="0.000058961">
        </testcase>
        <testcase classname="src/domain/common/test/AbstractMusicalContext.test.ts" name="AbstractMusicalContext &gt; diatonicChords - ダイアトニック和音配列 &gt; Key (G Major - Sharp) &gt; 正常ケース: 結果がフリーズされている（immutable）" time="0.000052749">
        </testcase>
        <testcase classname="src/domain/common/test/AbstractMusicalContext.test.ts" name="AbstractMusicalContext &gt; diatonicChords - ダイアトニック和音配列 &gt; Key (G Major - Sharp) &gt; 正常ケース: 各和音が有効なコード名を持つ" time="0.000322325">
        </testcase>
        <testcase classname="src/domain/common/test/AbstractMusicalContext.test.ts" name="AbstractMusicalContext &gt; diatonicChords - ダイアトニック和音配列 &gt; Key (F Major - Flat) &gt; 正常ケース: 7つのダイアトニック和音を返す" time="0.000411872">
        </testcase>
        <testcase classname="src/domain/common/test/AbstractMusicalContext.test.ts" name="AbstractMusicalContext &gt; diatonicChords - ダイアトニック和音配列 &gt; Key (F Major - Flat) &gt; 正常ケース: キャッシュ機能が動作する（同一インスタンスを返す）" time="0.00005862">
        </testcase>
        <testcase classname="src/domain/common/test/AbstractMusicalContext.test.ts" name="AbstractMusicalContext &gt; diatonicChords - ダイアトニック和音配列 &gt; Key (F Major - Flat) &gt; 正常ケース: 結果がフリーズされている（immutable）" time="0.000050404">
        </testcase>
        <testcase classname="src/domain/common/test/AbstractMusicalContext.test.ts" name="AbstractMusicalContext &gt; diatonicChords - ダイアトニック和音配列 &gt; Key (F Major - Flat) &gt; 正常ケース: 各和音が有効なコード名を持つ" time="0.000297478">
        </testcase>
        <testcase classname="src/domain/common/test/AbstractMusicalContext.test.ts" name="AbstractMusicalContext &gt; diatonicChords - ダイアトニック和音配列 &gt; Key (A Minor) &gt; 正常ケース: 7つのダイアトニック和音を返す" time="0.002492484">
        </testcase>
        <testcase classname="src/domain/common/test/AbstractMusicalContext.test.ts" name="AbstractMusicalContext &gt; diatonicChords - ダイアトニック和音配列 &gt; Key (A Minor) &gt; 正常ケース: キャッシュ機能が動作する（同一インスタンスを返す）" time="0.000105969">
        </testcase>
        <testcase classname="src/domain/common/test/AbstractMusicalContext.test.ts" name="AbstractMusicalContext &gt; diatonicChords - ダイアトニック和音配列 &gt; Key (A Minor) &gt; 正常ケース: 結果がフリーズされている（immutable）" time="0.000093275">
        </testcase>
        <testcase classname="src/domain/common/test/AbstractMusicalContext.test.ts" name="AbstractMusicalContext &gt; diatonicChords - ダイアトニック和音配列 &gt; Key (A Minor) &gt; 正常ケース: 各和音が有効なコード名を持つ" time="0.000544601">
        </testcase>
        <testcase classname="src/domain/common/test/AbstractMusicalContext.test.ts" name="AbstractMusicalContext &gt; diatonicChords - ダイアトニック和音配列 &gt; Key (E Minor - Sharp) &gt; 正常ケース: 7つのダイアトニック和音を返す" time="0.00062918">
        </testcase>
        <testcase classname="src/domain/common/test/AbstractMusicalContext.test.ts" name="AbstractMusicalContext &gt; diatonicChords - ダイアトニック和音配列 &gt; Key (E Minor - Sharp) &gt; 正常ケース: キャッシュ機能が動作する（同一インスタンスを返す）" time="0.000084879">
        </testcase>
        <testcase classname="src/domain/common/test/AbstractMusicalContext.test.ts" name="AbstractMusicalContext &gt; diatonicChords - ダイアトニック和音配列 &gt; Key (E Minor - Sharp) &gt; 正常ケース: 結果がフリーズされている（immutable）" time="0.000120977">
        </testcase>
        <testcase classname="src/domain/common/test/AbstractMusicalContext.test.ts" name="AbstractMusicalContext &gt; diatonicChords - ダイアトニック和音配列 &gt; Key (E Minor - Sharp) &gt; 正常ケース: 各和音が有効なコード名を持つ" time="0.000518523">
        </testcase>
        <testcase classname="src/domain/common/test/AbstractMusicalContext.test.ts" name="AbstractMusicalContext &gt; diatonicChords - ダイアトニック和音配列 &gt; Key (D Minor - Flat) &gt; 正常ケース: 7つのダイアトニック和音を返す" time="0.000695765">
        </testcase>
        <testcase classname="src/domain/common/test/AbstractMusicalContext.test.ts" name="AbstractMusicalContext &gt; diatonicChords - ダイアトニック和音配列 &gt; Key (D Minor - Flat) &gt; 正常ケース: キャッシュ機能が動作する（同一インスタンスを返す）" time="0.000111559">
        </testcase>
        <testcase classname="src/domain/common/test/AbstractMusicalContext.test.ts" name="AbstractMusicalContext &gt; diatonicChords - ダイアトニック和音配列 &gt; Key (D Minor - Flat) &gt; 正常ケース: 結果がフリーズされている（immutable）" time="0.000094137">
        </testcase>
        <testcase classname="src/domain/common/test/AbstractMusicalContext.test.ts" name="AbstractMusicalContext &gt; diatonicChords - ダイアトニック和音配列 &gt; Key (D Minor - Flat) &gt; 正常ケース: 各和音が有効なコード名を持つ" time="0.000555923">
        </testcase>
        <testcase classname="src/domain/common/test/AbstractMusicalContext.test.ts" name="AbstractMusicalContext &gt; diatonicChords - ダイアトニック和音配列 &gt; ModalContext (D Dorian) &gt; 正常ケース: 7つのダイアトニック和音を返す" time="0.000718748">
        </testcase>
        <testcase classname="src/domain/common/test/AbstractMusicalContext.test.ts" name="AbstractMusicalContext &gt; diatonicChords - ダイアトニック和音配列 &gt; ModalContext (D Dorian) &gt; 正常ケース: キャッシュ機能が動作する（同一インスタンスを返す）" time="0.000088516">
        </testcase>
        <testcase classname="src/domain/common/test/AbstractMusicalContext.test.ts" name="AbstractMusicalContext &gt; diatonicChords - ダイアトニック和音配列 &gt; ModalContext (D Dorian) &gt; 正常ケース: 結果がフリーズされている（immutable）" time="0.000105318">
        </testcase>
        <testcase classname="src/domain/common/test/AbstractMusicalContext.test.ts" name="AbstractMusicalContext &gt; diatonicChords - ダイアトニック和音配列 &gt; ModalContext (D Dorian) &gt; 正常ケース: 各和音が有効なコード名を持つ" time="0.000534493">
        </testcase>
        <testcase classname="src/domain/common/test/AbstractMusicalContext.test.ts" name="AbstractMusicalContext &gt; diatonicChords - ダイアトニック和音配列 &gt; ModalContext (E Phrygian) &gt; 正常ケース: 7つのダイアトニック和音を返す" time="0.000765044">
        </testcase>
        <testcase classname="src/domain/common/test/AbstractMusicalContext.test.ts" name="AbstractMusicalContext &gt; diatonicChords - ダイアトニック和音配列 &gt; ModalContext (E Phrygian) &gt; 正常ケース: キャッシュ機能が動作する（同一インスタンスを返す）" time="0.000091211">
        </testcase>
        <testcase classname="src/domain/common/test/AbstractMusicalContext.test.ts" name="AbstractMusicalContext &gt; diatonicChords - ダイアトニック和音配列 &gt; ModalContext (E Phrygian) &gt; 正常ケース: 結果がフリーズされている（immutable）" time="0.000079739">
        </testcase>
        <testcase classname="src/domain/common/test/AbstractMusicalContext.test.ts" name="AbstractMusicalContext &gt; diatonicChords - ダイアトニック和音配列 &gt; ModalContext (E Phrygian) &gt; 正常ケース: 各和音が有効なコード名を持つ" time="0.000550933">
        </testcase>
        <testcase classname="src/domain/common/test/AbstractMusicalContext.test.ts" name="AbstractMusicalContext &gt; diatonicChords - ダイアトニック和音配列 &gt; ModalContext (F Lydian) &gt; 正常ケース: 7つのダイアトニック和音を返す" time="0.000754255">
        </testcase>
        <testcase classname="src/domain/common/test/AbstractMusicalContext.test.ts" name="AbstractMusicalContext &gt; diatonicChords - ダイアトニック和音配列 &gt; ModalContext (F Lydian) &gt; 正常ケース: キャッシュ機能が動作する（同一インスタンスを返す）" time="0.000156964">
        </testcase>
        <testcase classname="src/domain/common/test/AbstractMusicalContext.test.ts" name="AbstractMusicalContext &gt; diatonicChords - ダイアトニック和音配列 &gt; ModalContext (F Lydian) &gt; 正常ケース: 結果がフリーズされている（immutable）" time="0.000109305">
        </testcase>
        <testcase classname="src/domain/common/test/AbstractMusicalContext.test.ts" name="AbstractMusicalContext &gt; diatonicChords - ダイアトニック和音配列 &gt; ModalContext (F Lydian) &gt; 正常ケース: 各和音が有効なコード名を持つ" time="0.00057604">
        </testcase>
        <testcase classname="src/domain/common/test/AbstractMusicalContext.test.ts" name="AbstractMusicalContext &gt; diatonicChords - ダイアトニック和音配列 &gt; ModalContext (G Mixolydian) &gt; 正常ケース: 7つのダイアトニック和音を返す" time="0.000723146">
        </testcase>
        <testcase classname="src/domain/common/test/AbstractMusicalContext.test.ts" name="AbstractMusicalContext &gt; diatonicChords - ダイアトニック和音配列 &gt; ModalContext (G Mixolydian) &gt; 正常ケース: キャッシュ機能が動作する（同一インスタンスを返す）" time="0.000088406">
        </testcase>
        <testcase classname="src/domain/common/test/AbstractMusicalContext.test.ts" name="AbstractMusicalContext &gt; diatonicChords - ダイアトニック和音配列 &gt; ModalContext (G Mixolydian) &gt; 正常ケース: 結果がフリーズされている（immutable）" time="0.000082234">
        </testcase>
        <testcase classname="src/domain/common/test/AbstractMusicalContext.test.ts" name="AbstractMusicalContext &gt; diatonicChords - ダイアトニック和音配列 &gt; ModalContext (G Mixolydian) &gt; 正常ケース: 各和音が有効なコード名を持つ" time="0.000534673">
        </testcase>
        <testcase classname="src/domain/common/test/AbstractMusicalContext.test.ts" name="AbstractMusicalContext &gt; analyzeChord - 和音分析機能 &gt; 特定キーの分析結果完全検証 &gt; 正常ケース: C Majorの各ダイアトニック和音分析を完全検証" time="0.001222392">
        </testcase>
        <testcase classname="src/domain/common/test/AbstractMusicalContext.test.ts" name="AbstractMusicalContext &gt; analyzeChord - 和音分析機能 &gt; 特定キーの分析結果完全検証 &gt; 正常ケース: A Minorの各ダイアトニック和音分析を完全検証" time="0.000703739">
        </testcase>
        <testcase classname="src/domain/common/test/AbstractMusicalContext.test.ts" name="AbstractMusicalContext &gt; analyzeChord - 和音分析機能 &gt; Key (C Major) &gt; 正常ケース: ダイアトニック和音の分析結果構造を検証" time="0.000331242">
        </testcase>
        <testcase classname="src/domain/common/test/AbstractMusicalContext.test.ts" name="AbstractMusicalContext &gt; analyzeChord - 和音分析機能 &gt; Key (C Major) &gt; 正常ケース: 全ダイアトニック和音が正しく分析される" time="0.001234565">
        </testcase>
        <testcase classname="src/domain/common/test/AbstractMusicalContext.test.ts" name="AbstractMusicalContext &gt; analyzeChord - 和音分析機能 &gt; Key (C Major) &gt; 正常ケース: 和音分析結果の詳細プロパティを検証" time="0.002004519">
        </testcase>
        <testcase classname="src/domain/common/test/AbstractMusicalContext.test.ts" name="AbstractMusicalContext &gt; analyzeChord - 和音分析機能 &gt; Key (G Major - Sharp) &gt; 正常ケース: ダイアトニック和音の分析結果構造を検証" time="0.000272381">
        </testcase>
        <testcase classname="src/domain/common/test/AbstractMusicalContext.test.ts" name="AbstractMusicalContext &gt; analyzeChord - 和音分析機能 &gt; Key (G Major - Sharp) &gt; 正常ケース: 全ダイアトニック和音が正しく分析される" time="0.00083187">
        </testcase>
        <testcase classname="src/domain/common/test/AbstractMusicalContext.test.ts" name="AbstractMusicalContext &gt; analyzeChord - 和音分析機能 &gt; Key (G Major - Sharp) &gt; 正常ケース: 和音分析結果の詳細プロパティを検証" time="0.004858882">
        </testcase>
        <testcase classname="src/domain/common/test/AbstractMusicalContext.test.ts" name="AbstractMusicalContext &gt; analyzeChord - 和音分析機能 &gt; Key (F Major - Flat) &gt; 正常ケース: ダイアトニック和音の分析結果構造を検証" time="0.000207809">
        </testcase>
        <testcase classname="src/domain/common/test/AbstractMusicalContext.test.ts" name="AbstractMusicalContext &gt; analyzeChord - 和音分析機能 &gt; Key (F Major - Flat) &gt; 正常ケース: 全ダイアトニック和音が正しく分析される" time="0.000635061">
        </testcase>
        <testcase classname="src/domain/common/test/AbstractMusicalContext.test.ts" name="AbstractMusicalContext &gt; analyzeChord - 和音分析機能 &gt; Key (F Major - Flat) &gt; 正常ケース: 和音分析結果の詳細プロパティを検証" time="0.002972064">
        </testcase>
        <testcase classname="src/domain/common/test/AbstractMusicalContext.test.ts" name="AbstractMusicalContext &gt; analyzeChord - 和音分析機能 &gt; Key (A Minor) &gt; 正常ケース: ダイアトニック和音の分析結果構造を検証" time="0.000248777">
        </testcase>
        <testcase classname="src/domain/common/test/AbstractMusicalContext.test.ts" name="AbstractMusicalContext &gt; analyzeChord - 和音分析機能 &gt; Key (A Minor) &gt; 正常ケース: 全ダイアトニック和音が正しく分析される" time="0.000680195">
        </testcase>
        <testcase classname="src/domain/common/test/AbstractMusicalContext.test.ts" name="AbstractMusicalContext &gt; analyzeChord - 和音分析機能 &gt; Key (A Minor) &gt; 正常ケース: 和音分析結果の詳細プロパティを検証" time="0.001667196">
        </testcase>
        <testcase classname="src/domain/common/test/AbstractMusicalContext.test.ts" name="AbstractMusicalContext &gt; analyzeChord - 和音分析機能 &gt; Key (E Minor - Sharp) &gt; 正常ケース: ダイアトニック和音の分析結果構造を検証" time="0.000193342">
        </testcase>
        <testcase classname="src/domain/common/test/AbstractMusicalContext.test.ts" name="AbstractMusicalContext &gt; analyzeChord - 和音分析機能 &gt; Key (E Minor - Sharp) &gt; 正常ケース: 全ダイアトニック和音が正しく分析される" time="0.000696016">
        </testcase>
        <testcase classname="src/domain/common/test/AbstractMusicalContext.test.ts" name="AbstractMusicalContext &gt; analyzeChord - 和音分析機能 &gt; Key (E Minor - Sharp) &gt; 正常ケース: 和音分析結果の詳細プロパティを検証" time="0.001589742">
        </testcase>
        <testcase classname="src/domain/common/test/AbstractMusicalContext.test.ts" name="AbstractMusicalContext &gt; analyzeChord - 和音分析機能 &gt; Key (D Minor - Flat) &gt; 正常ケース: ダイアトニック和音の分析結果構造を検証" time="0.000200867">
        </testcase>
        <testcase classname="src/domain/common/test/AbstractMusicalContext.test.ts" name="AbstractMusicalContext &gt; analyzeChord - 和音分析機能 &gt; Key (D Minor - Flat) &gt; 正常ケース: 全ダイアトニック和音が正しく分析される" time="0.000678232">
        </testcase>
        <testcase classname="src/domain/common/test/AbstractMusicalContext.test.ts" name="AbstractMusicalContext &gt; analyzeChord - 和音分析機能 &gt; Key (D Minor - Flat) &gt; 正常ケース: 和音分析結果の詳細プロパティを検証" time="0.002056336">
        </testcase>
        <testcase classname="src/domain/common/test/AbstractMusicalContext.test.ts" name="AbstractMusicalContext &gt; analyzeChord - 和音分析機能 &gt; ModalContext (D Dorian) &gt; 正常ケース: ダイアトニック和音の分析結果構造を検証" time="0.0002451">
        </testcase>
        <testcase classname="src/domain/common/test/AbstractMusicalContext.test.ts" name="AbstractMusicalContext &gt; analyzeChord - 和音分析機能 &gt; ModalContext (D Dorian) &gt; 正常ケース: 全ダイアトニック和音が正しく分析される" time="0.007787846">
        </testcase>
        <testcase classname="src/domain/common/test/AbstractMusicalContext.test.ts" name="AbstractMusicalContext &gt; analyzeChord - 和音分析機能 &gt; ModalContext (D Dorian) &gt; 正常ケース: 和音分析結果の詳細プロパティを検証" time="0.002101041">
        </testcase>
        <testcase classname="src/domain/common/test/AbstractMusicalContext.test.ts" name="AbstractMusicalContext &gt; analyzeChord - 和音分析機能 &gt; ModalContext (E Phrygian) &gt; 正常ケース: ダイアトニック和音の分析結果構造を検証" time="0.00024557">
        </testcase>
        <testcase classname="src/domain/common/test/AbstractMusicalContext.test.ts" name="AbstractMusicalContext &gt; analyzeChord - 和音分析機能 &gt; ModalContext (E Phrygian) &gt; 正常ケース: 全ダイアトニック和音が正しく分析される" time="0.000862677">
        </testcase>
        <testcase classname="src/domain/common/test/AbstractMusicalContext.test.ts" name="AbstractMusicalContext &gt; analyzeChord - 和音分析機能 &gt; ModalContext (E Phrygian) &gt; 正常ケース: 和音分析結果の詳細プロパティを検証" time="0.002013335">
        </testcase>
        <testcase classname="src/domain/common/test/AbstractMusicalContext.test.ts" name="AbstractMusicalContext &gt; analyzeChord - 和音分析機能 &gt; ModalContext (F Lydian) &gt; 正常ケース: ダイアトニック和音の分析結果構造を検証" time="0.00027702">
        </testcase>
        <testcase classname="src/domain/common/test/AbstractMusicalContext.test.ts" name="AbstractMusicalContext &gt; analyzeChord - 和音分析機能 &gt; ModalContext (F Lydian) &gt; 正常ケース: 全ダイアトニック和音が正しく分析される" time="0.000809157">
        </testcase>
        <testcase classname="src/domain/common/test/AbstractMusicalContext.test.ts" name="AbstractMusicalContext &gt; analyzeChord - 和音分析機能 &gt; ModalContext (F Lydian) &gt; 正常ケース: 和音分析結果の詳細プロパティを検証" time="0.0020051">
        </testcase>
        <testcase classname="src/domain/common/test/AbstractMusicalContext.test.ts" name="AbstractMusicalContext &gt; analyzeChord - 和音分析機能 &gt; ModalContext (G Mixolydian) &gt; 正常ケース: ダイアトニック和音の分析結果構造を検証" time="0.000258825">
        </testcase>
        <testcase classname="src/domain/common/test/AbstractMusicalContext.test.ts" name="AbstractMusicalContext &gt; analyzeChord - 和音分析機能 &gt; ModalContext (G Mixolydian) &gt; 正常ケース: 全ダイアトニック和音が正しく分析される" time="0.00086354">
        </testcase>
        <testcase classname="src/domain/common/test/AbstractMusicalContext.test.ts" name="AbstractMusicalContext &gt; analyzeChord - 和音分析機能 &gt; ModalContext (G Mixolydian) &gt; 正常ケース: 和音分析結果の詳細プロパティを検証" time="0.001991524">
        </testcase>
        <testcase classname="src/domain/common/test/AbstractMusicalContext.test.ts" name="AbstractMusicalContext &gt; analyzeChord - 和音分析機能 &gt; ノンダイアトニック和音の分析 &gt; 正常ケース: C Majorにおけるセカンダリードミナント（V/V = D major）の分析" time="0.000621596">
        </testcase>
        <testcase classname="src/domain/common/test/AbstractMusicalContext.test.ts" name="AbstractMusicalContext &gt; analyzeChord - 和音分析機能 &gt; ノンダイアトニック和音の分析 &gt; 正常ケース: A Minorにおけるナポリタン6度（♭Ⅱ = B♭ major）の分析" time="0.000531457">
        </testcase>
        <testcase classname="src/domain/common/test/AbstractMusicalContext.test.ts" name="AbstractMusicalContext &gt; analyzeChord - 和音分析機能 &gt; ノンダイアトニック和音の分析 &gt; 正常ケース: C Majorにおける借用和音（ⅵ♭ = A♭ major）の分析" time="0.000473608">
        </testcase>
        <testcase classname="src/domain/common/test/AbstractMusicalContext.test.ts" name="AbstractMusicalContext &gt; analyzeChord - 和音分析機能 &gt; ノンダイアトニック和音の分析 &gt; 正常ケース: G Majorにおけるクロマチック和音（F diminished）の分析" time="0.000427492">
        </testcase>
        <testcase classname="src/domain/common/test/AbstractMusicalContext.test.ts" name="AbstractMusicalContext &gt; analyzeChord - 和音分析機能 &gt; ノンダイアトニック和音の分析 &gt; 正常ケース: F Majorにおける増六和音（ドイツ増六 = D♭ major）の分析" time="0.000437761">
        </testcase>
        <testcase classname="src/domain/common/test/AbstractMusicalContext.test.ts" name="AbstractMusicalContext &gt; analyzeChord - 和音分析機能 &gt; ノンダイアトニック和音の分析 &gt; Key (C Major) - ノンダイアトニック和音 &gt; 正常ケース: 完全に異なる調の和音をfalseと分析" time="0.000431329">
        </testcase>
        <testcase classname="src/domain/common/test/AbstractMusicalContext.test.ts" name="AbstractMusicalContext &gt; analyzeChord - 和音分析機能 &gt; ノンダイアトニック和音の分析 &gt; Key (C Major) - ノンダイアトニック和音 &gt; 正常ケース: 異なるクオリティの同じルート音和音をfalseと分析" time="0.000331091">
        </testcase>
        <testcase classname="src/domain/common/test/AbstractMusicalContext.test.ts" name="AbstractMusicalContext &gt; analyzeChord - 和音分析機能 &gt; ノンダイアトニック和音の分析 &gt; Key (C Major) - ノンダイアトニック和音 &gt; 正常ケース: ノンダイアトニック和音の分析結果構造検証" time="0.000407414">
        </testcase>
        <testcase classname="src/domain/common/test/AbstractMusicalContext.test.ts" name="AbstractMusicalContext &gt; analyzeChord - 和音分析機能 &gt; ノンダイアトニック和音の分析 &gt; Key (G Major - Sharp) - ノンダイアトニック和音 &gt; 正常ケース: 完全に異なる調の和音をfalseと分析" time="0.000305433">
        </testcase>
        <testcase classname="src/domain/common/test/AbstractMusicalContext.test.ts" name="AbstractMusicalContext &gt; analyzeChord - 和音分析機能 &gt; ノンダイアトニック和音の分析 &gt; Key (G Major - Sharp) - ノンダイアトニック和音 &gt; 正常ケース: 異なるクオリティの同じルート音和音をfalseと分析" time="0.000254838">
        </testcase>
        <testcase classname="src/domain/common/test/AbstractMusicalContext.test.ts" name="AbstractMusicalContext &gt; analyzeChord - 和音分析機能 &gt; ノンダイアトニック和音の分析 &gt; Key (G Major - Sharp) - ノンダイアトニック和音 &gt; 正常ケース: ノンダイアトニック和音の分析結果構造検証" time="0.000354344">
        </testcase>
        <testcase classname="src/domain/common/test/AbstractMusicalContext.test.ts" name="AbstractMusicalContext &gt; analyzeChord - 和音分析機能 &gt; ノンダイアトニック和音の分析 &gt; Key (F Major - Flat) - ノンダイアトニック和音 &gt; 正常ケース: 完全に異なる調の和音をfalseと分析" time="0.000291436">
        </testcase>
        <testcase classname="src/domain/common/test/AbstractMusicalContext.test.ts" name="AbstractMusicalContext &gt; analyzeChord - 和音分析機能 &gt; ノンダイアトニック和音の分析 &gt; Key (F Major - Flat) - ノンダイアトニック和音 &gt; 正常ケース: 異なるクオリティの同じルート音和音をfalseと分析" time="0.000253315">
        </testcase>
        <testcase classname="src/domain/common/test/AbstractMusicalContext.test.ts" name="AbstractMusicalContext &gt; analyzeChord - 和音分析機能 &gt; ノンダイアトニック和音の分析 &gt; Key (F Major - Flat) - ノンダイアトニック和音 &gt; 正常ケース: ノンダイアトニック和音の分析結果構造検証" time="0.000315181">
        </testcase>
        <testcase classname="src/domain/common/test/AbstractMusicalContext.test.ts" name="AbstractMusicalContext &gt; analyzeChord - 和音分析機能 &gt; ノンダイアトニック和音の分析 &gt; Key (A Minor) - ノンダイアトニック和音 &gt; 正常ケース: 完全に異なる調の和音をfalseと分析" time="0.000312296">
        </testcase>
        <testcase classname="src/domain/common/test/AbstractMusicalContext.test.ts" name="AbstractMusicalContext &gt; analyzeChord - 和音分析機能 &gt; ノンダイアトニック和音の分析 &gt; Key (A Minor) - ノンダイアトニック和音 &gt; 正常ケース: 異なるクオリティの同じルート音和音をfalseと分析" time="0.000219041">
        </testcase>
        <testcase classname="src/domain/common/test/AbstractMusicalContext.test.ts" name="AbstractMusicalContext &gt; analyzeChord - 和音分析機能 &gt; ノンダイアトニック和音の分析 &gt; Key (A Minor) - ノンダイアトニック和音 &gt; 正常ケース: ノンダイアトニック和音の分析結果構造検証" time="0.000331552">
        </testcase>
        <testcase classname="src/domain/common/test/AbstractMusicalContext.test.ts" name="AbstractMusicalContext &gt; analyzeChord - 和音分析機能 &gt; ノンダイアトニック和音の分析 &gt; Key (E Minor - Sharp) - ノンダイアトニック和音 &gt; 正常ケース: 完全に異なる調の和音をfalseと分析" time="0.000303639">
        </testcase>
        <testcase classname="src/domain/common/test/AbstractMusicalContext.test.ts" name="AbstractMusicalContext &gt; analyzeChord - 和音分析機能 &gt; ノンダイアトニック和音の分析 &gt; Key (E Minor - Sharp) - ノンダイアトニック和音 &gt; 正常ケース: 異なるクオリティの同じルート音和音をfalseと分析" time="0.000242375">
        </testcase>
        <testcase classname="src/domain/common/test/AbstractMusicalContext.test.ts" name="AbstractMusicalContext &gt; analyzeChord - 和音分析機能 &gt; ノンダイアトニック和音の分析 &gt; Key (E Minor - Sharp) - ノンダイアトニック和音 &gt; 正常ケース: ノンダイアトニック和音の分析結果構造検証" time="0.000326683">
        </testcase>
        <testcase classname="src/domain/common/test/AbstractMusicalContext.test.ts" name="AbstractMusicalContext &gt; analyzeChord - 和音分析機能 &gt; ノンダイアトニック和音の分析 &gt; Key (D Minor - Flat) - ノンダイアトニック和音 &gt; 正常ケース: 完全に異なる調の和音をfalseと分析" time="0.000290474">
        </testcase>
        <testcase classname="src/domain/common/test/AbstractMusicalContext.test.ts" name="AbstractMusicalContext &gt; analyzeChord - 和音分析機能 &gt; ノンダイアトニック和音の分析 &gt; Key (D Minor - Flat) - ノンダイアトニック和音 &gt; 正常ケース: 異なるクオリティの同じルート音和音をfalseと分析" time="0.000211266">
        </testcase>
        <testcase classname="src/domain/common/test/AbstractMusicalContext.test.ts" name="AbstractMusicalContext &gt; analyzeChord - 和音分析機能 &gt; ノンダイアトニック和音の分析 &gt; Key (D Minor - Flat) - ノンダイアトニック和音 &gt; 正常ケース: ノンダイアトニック和音の分析結果構造検証" time="0.000360676">
        </testcase>
        <testcase classname="src/domain/common/test/AbstractMusicalContext.test.ts" name="AbstractMusicalContext &gt; analyzeChord - 和音分析機能 &gt; ノンダイアトニック和音の分析 &gt; ModalContext (D Dorian) - ノンダイアトニック和音 &gt; 正常ケース: 完全に異なる調の和音をfalseと分析" time="0.00025038">
        </testcase>
        <testcase classname="src/domain/common/test/AbstractMusicalContext.test.ts" name="AbstractMusicalContext &gt; analyzeChord - 和音分析機能 &gt; ノンダイアトニック和音の分析 &gt; ModalContext (D Dorian) - ノンダイアトニック和音 &gt; 正常ケース: 異なるクオリティの同じルート音和音をfalseと分析" time="0.000208361">
        </testcase>
        <testcase classname="src/domain/common/test/AbstractMusicalContext.test.ts" name="AbstractMusicalContext &gt; analyzeChord - 和音分析機能 &gt; ノンダイアトニック和音の分析 &gt; ModalContext (D Dorian) - ノンダイアトニック和音 &gt; 正常ケース: ノンダイアトニック和音の分析結果構造検証" time="0.000317345">
        </testcase>
        <testcase classname="src/domain/common/test/AbstractMusicalContext.test.ts" name="AbstractMusicalContext &gt; analyzeChord - 和音分析機能 &gt; ノンダイアトニック和音の分析 &gt; ModalContext (E Phrygian) - ノンダイアトニック和音 &gt; 正常ケース: 完全に異なる調の和音をfalseと分析" time="0.000247415">
        </testcase>
        <testcase classname="src/domain/common/test/AbstractMusicalContext.test.ts" name="AbstractMusicalContext &gt; analyzeChord - 和音分析機能 &gt; ノンダイアトニック和音の分析 &gt; ModalContext (E Phrygian) - ノンダイアトニック和音 &gt; 正常ケース: 異なるクオリティの同じルート音和音をfalseと分析" time="0.000164799">
        </testcase>
        <testcase classname="src/domain/common/test/AbstractMusicalContext.test.ts" name="AbstractMusicalContext &gt; analyzeChord - 和音分析機能 &gt; ノンダイアトニック和音の分析 &gt; ModalContext (E Phrygian) - ノンダイアトニック和音 &gt; 正常ケース: ノンダイアトニック和音の分析結果構造検証" time="0.000300083">
        </testcase>
        <testcase classname="src/domain/common/test/AbstractMusicalContext.test.ts" name="AbstractMusicalContext &gt; analyzeChord - 和音分析機能 &gt; ノンダイアトニック和音の分析 &gt; ModalContext (F Lydian) - ノンダイアトニック和音 &gt; 正常ケース: 完全に異なる調の和音をfalseと分析" time="0.000301415">
        </testcase>
        <testcase classname="src/domain/common/test/AbstractMusicalContext.test.ts" name="AbstractMusicalContext &gt; analyzeChord - 和音分析機能 &gt; ノンダイアトニック和音の分析 &gt; ModalContext (F Lydian) - ノンダイアトニック和音 &gt; 正常ケース: 異なるクオリティの同じルート音和音をfalseと分析" time="0.000285365">
        </testcase>
        <testcase classname="src/domain/common/test/AbstractMusicalContext.test.ts" name="AbstractMusicalContext &gt; analyzeChord - 和音分析機能 &gt; ノンダイアトニック和音の分析 &gt; ModalContext (F Lydian) - ノンダイアトニック和音 &gt; 正常ケース: ノンダイアトニック和音の分析結果構造検証" time="0.000348533">
        </testcase>
        <testcase classname="src/domain/common/test/AbstractMusicalContext.test.ts" name="AbstractMusicalContext &gt; analyzeChord - 和音分析機能 &gt; ノンダイアトニック和音の分析 &gt; ModalContext (G Mixolydian) - ノンダイアトニック和音 &gt; 正常ケース: 完全に異なる調の和音をfalseと分析" time="0.000344316">
        </testcase>
        <testcase classname="src/domain/common/test/AbstractMusicalContext.test.ts" name="AbstractMusicalContext &gt; analyzeChord - 和音分析機能 &gt; ノンダイアトニック和音の分析 &gt; ModalContext (G Mixolydian) - ノンダイアトニック和音 &gt; 正常ケース: 異なるクオリティの同じルート音和音をfalseと分析" time="0.000228188">
        </testcase>
        <testcase classname="src/domain/common/test/AbstractMusicalContext.test.ts" name="AbstractMusicalContext &gt; analyzeChord - 和音分析機能 &gt; ノンダイアトニック和音の分析 &gt; ModalContext (G Mixolydian) - ノンダイアトニック和音 &gt; 正常ケース: ノンダイアトニック和音の分析結果構造検証" time="0.000401643">
        </testcase>
        <testcase classname="src/domain/common/test/AbstractMusicalContext.test.ts" name="AbstractMusicalContext &gt; getDiatonicChordsInfo - ダイアトニック和音情報 &gt; 特定キーの和音情報完全検証 &gt; 正常ケース: C Majorの和音情報を完全検証" time="0.002017662">
        </testcase>
        <testcase classname="src/domain/common/test/AbstractMusicalContext.test.ts" name="AbstractMusicalContext &gt; getDiatonicChordsInfo - ダイアトニック和音情報 &gt; 特定キーの和音情報完全検証 &gt; 正常ケース: A Minorの和音情報を完全検証" time="0.000721353">
        </testcase>
        <testcase classname="src/domain/common/test/AbstractMusicalContext.test.ts" name="AbstractMusicalContext &gt; getDiatonicChordsInfo - ダイアトニック和音情報 &gt; Key (C Major) &gt; 正常ケース: 7つのダイアトニック和音情報を返す" time="0.000367149">
        </testcase>
        <testcase classname="src/domain/common/test/AbstractMusicalContext.test.ts" name="AbstractMusicalContext &gt; getDiatonicChordsInfo - ダイアトニック和音情報 &gt; Key (C Major) &gt; 正常ケース: 各情報に必要なプロパティが完全に含まれている" time="0.001445361">
        </testcase>
        <testcase classname="src/domain/common/test/AbstractMusicalContext.test.ts" name="AbstractMusicalContext &gt; getDiatonicChordsInfo - ダイアトニック和音情報 &gt; Key (C Major) &gt; 正常ケース: 和音情報とdiatonicChordsとanalyzeChordの一貫性を検証" time="0.001596023">
        </testcase>
        <testcase classname="src/domain/common/test/AbstractMusicalContext.test.ts" name="AbstractMusicalContext &gt; getDiatonicChordsInfo - ダイアトニック和音情報 &gt; Key (G Major - Sharp) &gt; 正常ケース: 7つのダイアトニック和音情報を返す" time="0.000302447">
        </testcase>
        <testcase classname="src/domain/common/test/AbstractMusicalContext.test.ts" name="AbstractMusicalContext &gt; getDiatonicChordsInfo - ダイアトニック和音情報 &gt; Key (G Major - Sharp) &gt; 正常ケース: 各情報に必要なプロパティが完全に含まれている" time="0.001432326">
        </testcase>
        <testcase classname="src/domain/common/test/AbstractMusicalContext.test.ts" name="AbstractMusicalContext &gt; getDiatonicChordsInfo - ダイアトニック和音情報 &gt; Key (G Major - Sharp) &gt; 正常ケース: 和音情報とdiatonicChordsとanalyzeChordの一貫性を検証" time="0.001314836">
        </testcase>
        <testcase classname="src/domain/common/test/AbstractMusicalContext.test.ts" name="AbstractMusicalContext &gt; getDiatonicChordsInfo - ダイアトニック和音情報 &gt; Key (F Major - Flat) &gt; 正常ケース: 7つのダイアトニック和音情報を返す" time="0.000284052">
        </testcase>
        <testcase classname="src/domain/common/test/AbstractMusicalContext.test.ts" name="AbstractMusicalContext &gt; getDiatonicChordsInfo - ダイアトニック和音情報 &gt; Key (F Major - Flat) &gt; 正常ケース: 各情報に必要なプロパティが完全に含まれている" time="0.001531222">
        </testcase>
        <testcase classname="src/domain/common/test/AbstractMusicalContext.test.ts" name="AbstractMusicalContext &gt; getDiatonicChordsInfo - ダイアトニック和音情報 &gt; Key (F Major - Flat) &gt; 正常ケース: 和音情報とdiatonicChordsとanalyzeChordの一貫性を検証" time="0.001246247">
        </testcase>
        <testcase classname="src/domain/common/test/AbstractMusicalContext.test.ts" name="AbstractMusicalContext &gt; getDiatonicChordsInfo - ダイアトニック和音情報 &gt; Key (A Minor) &gt; 正常ケース: 7つのダイアトニック和音情報を返す" time="0.00026652">
        </testcase>
        <testcase classname="src/domain/common/test/AbstractMusicalContext.test.ts" name="AbstractMusicalContext &gt; getDiatonicChordsInfo - ダイアトニック和音情報 &gt; Key (A Minor) &gt; 正常ケース: 各情報に必要なプロパティが完全に含まれている" time="0.001394155">
        </testcase>
        <testcase classname="src/domain/common/test/AbstractMusicalContext.test.ts" name="AbstractMusicalContext &gt; getDiatonicChordsInfo - ダイアトニック和音情報 &gt; Key (A Minor) &gt; 正常ケース: 和音情報とdiatonicChordsとanalyzeChordの一貫性を検証" time="0.001377664">
        </testcase>
        <testcase classname="src/domain/common/test/AbstractMusicalContext.test.ts" name="AbstractMusicalContext &gt; getDiatonicChordsInfo - ダイアトニック和音情報 &gt; Key (E Minor - Sharp) &gt; 正常ケース: 7つのダイアトニック和音情報を返す" time="0.000316494">
        </testcase>
        <testcase classname="src/domain/common/test/AbstractMusicalContext.test.ts" name="AbstractMusicalContext &gt; getDiatonicChordsInfo - ダイアトニック和音情報 &gt; Key (E Minor - Sharp) &gt; 正常ケース: 各情報に必要なプロパティが完全に含まれている" time="0.002046508">
        </testcase>
        <testcase classname="src/domain/common/test/AbstractMusicalContext.test.ts" name="AbstractMusicalContext &gt; getDiatonicChordsInfo - ダイアトニック和音情報 &gt; Key (E Minor - Sharp) &gt; 正常ケース: 和音情報とdiatonicChordsとanalyzeChordの一貫性を検証" time="0.001356854">
        </testcase>
        <testcase classname="src/domain/common/test/AbstractMusicalContext.test.ts" name="AbstractMusicalContext &gt; getDiatonicChordsInfo - ダイアトニック和音情報 &gt; Key (D Minor - Flat) &gt; 正常ケース: 7つのダイアトニック和音情報を返す" time="0.000304351">
        </testcase>
        <testcase classname="src/domain/common/test/AbstractMusicalContext.test.ts" name="AbstractMusicalContext &gt; getDiatonicChordsInfo - ダイアトニック和音情報 &gt; Key (D Minor - Flat) &gt; 正常ケース: 各情報に必要なプロパティが完全に含まれている" time="0.001365871">
        </testcase>
        <testcase classname="src/domain/common/test/AbstractMusicalContext.test.ts" name="AbstractMusicalContext &gt; getDiatonicChordsInfo - ダイアトニック和音情報 &gt; Key (D Minor - Flat) &gt; 正常ケース: 和音情報とdiatonicChordsとanalyzeChordの一貫性を検証" time="0.001155547">
        </testcase>
        <testcase classname="src/domain/common/test/AbstractMusicalContext.test.ts" name="AbstractMusicalContext &gt; getDiatonicChordsInfo - ダイアトニック和音情報 &gt; ModalContext (D Dorian) &gt; 正常ケース: 7つのダイアトニック和音情報を返す" time="0.000263053">
        </testcase>
        <testcase classname="src/domain/common/test/AbstractMusicalContext.test.ts" name="AbstractMusicalContext &gt; getDiatonicChordsInfo - ダイアトニック和音情報 &gt; ModalContext (D Dorian) &gt; 正常ケース: 各情報に必要なプロパティが完全に含まれている" time="0.001156919">
        </testcase>
        <testcase classname="src/domain/common/test/AbstractMusicalContext.test.ts" name="AbstractMusicalContext &gt; getDiatonicChordsInfo - ダイアトニック和音情報 &gt; ModalContext (D Dorian) &gt; 正常ケース: 和音情報とdiatonicChordsとanalyzeChordの一貫性を検証" time="0.000998803">
        </testcase>
        <testcase classname="src/domain/common/test/AbstractMusicalContext.test.ts" name="AbstractMusicalContext &gt; getDiatonicChordsInfo - ダイアトニック和音情報 &gt; ModalContext (E Phrygian) &gt; 正常ケース: 7つのダイアトニック和音情報を返す" time="0.000252503">
        </testcase>
        <testcase classname="src/domain/common/test/AbstractMusicalContext.test.ts" name="AbstractMusicalContext &gt; getDiatonicChordsInfo - ダイアトニック和音情報 &gt; ModalContext (E Phrygian) &gt; 正常ケース: 各情報に必要なプロパティが完全に含まれている" time="0.006762061">
        </testcase>
        <testcase classname="src/domain/common/test/AbstractMusicalContext.test.ts" name="AbstractMusicalContext &gt; getDiatonicChordsInfo - ダイアトニック和音情報 &gt; ModalContext (E Phrygian) &gt; 正常ケース: 和音情報とdiatonicChordsとanalyzeChordの一貫性を検証" time="0.001283146">
        </testcase>
        <testcase classname="src/domain/common/test/AbstractMusicalContext.test.ts" name="AbstractMusicalContext &gt; getDiatonicChordsInfo - ダイアトニック和音情報 &gt; ModalContext (F Lydian) &gt; 正常ケース: 7つのダイアトニック和音情報を返す" time="0.000286468">
        </testcase>
        <testcase classname="src/domain/common/test/AbstractMusicalContext.test.ts" name="AbstractMusicalContext &gt; getDiatonicChordsInfo - ダイアトニック和音情報 &gt; ModalContext (F Lydian) &gt; 正常ケース: 各情報に必要なプロパティが完全に含まれている" time="0.00144514">
        </testcase>
        <testcase classname="src/domain/common/test/AbstractMusicalContext.test.ts" name="AbstractMusicalContext &gt; getDiatonicChordsInfo - ダイアトニック和音情報 &gt; ModalContext (F Lydian) &gt; 正常ケース: 和音情報とdiatonicChordsとanalyzeChordの一貫性を検証" time="0.001248491">
        </testcase>
        <testcase classname="src/domain/common/test/AbstractMusicalContext.test.ts" name="AbstractMusicalContext &gt; getDiatonicChordsInfo - ダイアトニック和音情報 &gt; ModalContext (G Mixolydian) &gt; 正常ケース: 7つのダイアトニック和音情報を返す" time="0.000281458">
        </testcase>
        <testcase classname="src/domain/common/test/AbstractMusicalContext.test.ts" name="AbstractMusicalContext &gt; getDiatonicChordsInfo - ダイアトニック和音情報 &gt; ModalContext (G Mixolydian) &gt; 正常ケース: 各情報に必要なプロパティが完全に含まれている" time="0.001377564">
        </testcase>
        <testcase classname="src/domain/common/test/AbstractMusicalContext.test.ts" name="AbstractMusicalContext &gt; getDiatonicChordsInfo - ダイアトニック和音情報 &gt; ModalContext (G Mixolydian) &gt; 正常ケース: 和音情報とdiatonicChordsとanalyzeChordの一貫性を検証" time="0.001320306">
        </testcase>
        <testcase classname="src/domain/common/test/AbstractMusicalContext.test.ts" name="AbstractMusicalContext &gt; isDiatonicChord - ダイアトニックコード判定 &gt; 特定キーでの判定完全検証 &gt; 正常ケース: C Majorダイアトニック和音を正しく判定" time="0.000611437">
        </testcase>
        <testcase classname="src/domain/common/test/AbstractMusicalContext.test.ts" name="AbstractMusicalContext &gt; isDiatonicChord - ダイアトニックコード判定 &gt; 特定キーでの判定完全検証 &gt; 正常ケース: A Minorダイアトニック和音を正しく判定" time="0.000663655">
        </testcase>
        <testcase classname="src/domain/common/test/AbstractMusicalContext.test.ts" name="AbstractMusicalContext &gt; isDiatonicChord - ダイアトニックコード判定 &gt; Key (C Major) &gt; 正常ケース: 自身のダイアトニック和音を正しく判定" time="0.000353493">
        </testcase>
        <testcase classname="src/domain/common/test/AbstractMusicalContext.test.ts" name="AbstractMusicalContext &gt; isDiatonicChord - ダイアトニックコード判定 &gt; Key (C Major) &gt; 正常ケース: 遠い調の和音をfalseと判定" time="0.000275918">
        </testcase>
        <testcase classname="src/domain/common/test/AbstractMusicalContext.test.ts" name="AbstractMusicalContext &gt; isDiatonicChord - ダイアトニックコード判定 &gt; Key (G Major - Sharp) &gt; 正常ケース: 自身のダイアトニック和音を正しく判定" time="0.000280997">
        </testcase>
        <testcase classname="src/domain/common/test/AbstractMusicalContext.test.ts" name="AbstractMusicalContext &gt; isDiatonicChord - ダイアトニックコード判定 &gt; Key (G Major - Sharp) &gt; 正常ケース: 遠い調の和音をfalseと判定" time="0.000193293">
        </testcase>
        <testcase classname="src/domain/common/test/AbstractMusicalContext.test.ts" name="AbstractMusicalContext &gt; isDiatonicChord - ダイアトニックコード判定 &gt; Key (F Major - Flat) &gt; 正常ケース: 自身のダイアトニック和音を正しく判定" time="0.000257543">
        </testcase>
        <testcase classname="src/domain/common/test/AbstractMusicalContext.test.ts" name="AbstractMusicalContext &gt; isDiatonicChord - ダイアトニックコード判定 &gt; Key (F Major - Flat) &gt; 正常ケース: 遠い調の和音をfalseと判定" time="0.000194996">
        </testcase>
        <testcase classname="src/domain/common/test/AbstractMusicalContext.test.ts" name="AbstractMusicalContext &gt; isDiatonicChord - ダイアトニックコード判定 &gt; Key (A Minor) &gt; 正常ケース: 自身のダイアトニック和音を正しく判定" time="0.000236413">
        </testcase>
        <testcase classname="src/domain/common/test/AbstractMusicalContext.test.ts" name="AbstractMusicalContext &gt; isDiatonicChord - ダイアトニックコード判定 &gt; Key (A Minor) &gt; 正常ケース: 遠い調の和音をfalseと判定" time="0.000186169">
        </testcase>
        <testcase classname="src/domain/common/test/AbstractMusicalContext.test.ts" name="AbstractMusicalContext &gt; isDiatonicChord - ダイアトニックコード判定 &gt; Key (E Minor - Sharp) &gt; 正常ケース: 自身のダイアトニック和音を正しく判定" time="0.00028277">
        </testcase>
        <testcase classname="src/domain/common/test/AbstractMusicalContext.test.ts" name="AbstractMusicalContext &gt; isDiatonicChord - ダイアトニックコード判定 &gt; Key (E Minor - Sharp) &gt; 正常ケース: 遠い調の和音をfalseと判定" time="0.000182222">
        </testcase>
        <testcase classname="src/domain/common/test/AbstractMusicalContext.test.ts" name="AbstractMusicalContext &gt; isDiatonicChord - ダイアトニックコード判定 &gt; Key (D Minor - Flat) &gt; 正常ケース: 自身のダイアトニック和音を正しく判定" time="0.00026152">
        </testcase>
        <testcase classname="src/domain/common/test/AbstractMusicalContext.test.ts" name="AbstractMusicalContext &gt; isDiatonicChord - ダイアトニックコード判定 &gt; Key (D Minor - Flat) &gt; 正常ケース: 遠い調の和音をfalseと判定" time="0.000177352">
        </testcase>
        <testcase classname="src/domain/common/test/AbstractMusicalContext.test.ts" name="AbstractMusicalContext &gt; isDiatonicChord - ダイアトニックコード判定 &gt; ModalContext (D Dorian) &gt; 正常ケース: 自身のダイアトニック和音を正しく判定" time="0.00023461">
        </testcase>
        <testcase classname="src/domain/common/test/AbstractMusicalContext.test.ts" name="AbstractMusicalContext &gt; isDiatonicChord - ダイアトニックコード判定 &gt; ModalContext (D Dorian) &gt; 正常ケース: 遠い調の和音をfalseと判定" time="0.00022909">
        </testcase>
        <testcase classname="src/domain/common/test/AbstractMusicalContext.test.ts" name="AbstractMusicalContext &gt; isDiatonicChord - ダイアトニックコード判定 &gt; ModalContext (E Phrygian) &gt; 正常ケース: 自身のダイアトニック和音を正しく判定" time="0.000220995">
        </testcase>
        <testcase classname="src/domain/common/test/AbstractMusicalContext.test.ts" name="AbstractMusicalContext &gt; isDiatonicChord - ダイアトニックコード判定 &gt; ModalContext (E Phrygian) &gt; 正常ケース: 遠い調の和音をfalseと判定" time="0.00016537">
        </testcase>
        <testcase classname="src/domain/common/test/AbstractMusicalContext.test.ts" name="AbstractMusicalContext &gt; isDiatonicChord - ダイアトニックコード判定 &gt; ModalContext (F Lydian) &gt; 正常ケース: 自身のダイアトニック和音を正しく判定" time="0.000233017">
        </testcase>
        <testcase classname="src/domain/common/test/AbstractMusicalContext.test.ts" name="AbstractMusicalContext &gt; isDiatonicChord - ダイアトニックコード判定 &gt; ModalContext (F Lydian) &gt; 正常ケース: 遠い調の和音をfalseと判定" time="0.000188743">
        </testcase>
        <testcase classname="src/domain/common/test/AbstractMusicalContext.test.ts" name="AbstractMusicalContext &gt; isDiatonicChord - ダイアトニックコード判定 &gt; ModalContext (G Mixolydian) &gt; 正常ケース: 自身のダイアトニック和音を正しく判定" time="0.000220754">
        </testcase>
        <testcase classname="src/domain/common/test/AbstractMusicalContext.test.ts" name="AbstractMusicalContext &gt; isDiatonicChord - ダイアトニックコード判定 &gt; ModalContext (G Mixolydian) &gt; 正常ケース: 遠い調の和音をfalseと判定" time="0.000196178">
        </testcase>
        <testcase classname="src/domain/common/test/AbstractMusicalContext.test.ts" name="AbstractMusicalContext &gt; isDiatonicChord - ダイアトニックコード判定 &gt; 音楽理論的エッジケース &gt; 正常ケース: 関係調の共通和音を正しく判定" time="0.000281017">
        </testcase>
        <testcase classname="src/domain/common/test/AbstractMusicalContext.test.ts" name="AbstractMusicalContext &gt; isDiatonicChord - ダイアトニックコード判定 &gt; 音楽理論的エッジケース &gt; 正常ケース: 異なるモードの和音をfalseと判定" time="0.00033613">
        </testcase>
        <testcase classname="src/domain/common/test/AbstractMusicalContext.test.ts" name="AbstractMusicalContext &gt; toJSON - JSON出力 &gt; Key (C Major) &gt; 正常ケース: JSON形式で正しく出力される" time="0.000684635">
        </testcase>
        <testcase classname="src/domain/common/test/AbstractMusicalContext.test.ts" name="AbstractMusicalContext &gt; toJSON - JSON出力 &gt; Key (C Major) &gt; 正常ケース: shortNameとcontextNameが適切に設定されている" time="0.00021322">
        </testcase>
        <testcase classname="src/domain/common/test/AbstractMusicalContext.test.ts" name="AbstractMusicalContext &gt; toJSON - JSON出力 &gt; Key (C Major) &gt; 正常ケース: fifthsIndexが中心音のfifthsIndexと一致" time="0.000132679">
        </testcase>
        <testcase classname="src/domain/common/test/AbstractMusicalContext.test.ts" name="AbstractMusicalContext &gt; toJSON - JSON出力 &gt; Key (C Major) &gt; 正常ケース: JSON文字列化が可能" time="0.000388528">
        </testcase>
        <testcase classname="src/domain/common/test/AbstractMusicalContext.test.ts" name="AbstractMusicalContext &gt; toJSON - JSON出力 &gt; Key (C Major) &gt; 正常ケース: JSONから復元可能な形式" time="0.001137454">
        </testcase>
        <testcase classname="src/domain/common/test/AbstractMusicalContext.test.ts" name="AbstractMusicalContext &gt; toJSON - JSON出力 &gt; Key (G Major - Sharp) &gt; 正常ケース: JSON形式で正しく出力される" time="0.000362139">
        </testcase>
        <testcase classname="src/domain/common/test/AbstractMusicalContext.test.ts" name="AbstractMusicalContext &gt; toJSON - JSON出力 &gt; Key (G Major - Sharp) &gt; 正常ケース: shortNameとcontextNameが適切に設定されている" time="0.000161082">
        </testcase>
        <testcase classname="src/domain/common/test/AbstractMusicalContext.test.ts" name="AbstractMusicalContext &gt; toJSON - JSON出力 &gt; Key (G Major - Sharp) &gt; 正常ケース: fifthsIndexが中心音のfifthsIndexと一致" time="0.000108463">
        </testcase>
        <testcase classname="src/domain/common/test/AbstractMusicalContext.test.ts" name="AbstractMusicalContext &gt; toJSON - JSON出力 &gt; Key (G Major - Sharp) &gt; 正常ケース: JSON文字列化が可能" time="0.000272151">
        </testcase>
        <testcase classname="src/domain/common/test/AbstractMusicalContext.test.ts" name="AbstractMusicalContext &gt; toJSON - JSON出力 &gt; Key (G Major - Sharp) &gt; 正常ケース: JSONから復元可能な形式" time="0.000384611">
        </testcase>
        <testcase classname="src/domain/common/test/AbstractMusicalContext.test.ts" name="AbstractMusicalContext &gt; toJSON - JSON出力 &gt; Key (F Major - Flat) &gt; 正常ケース: JSON形式で正しく出力される" time="0.000508534">
        </testcase>
        <testcase classname="src/domain/common/test/AbstractMusicalContext.test.ts" name="AbstractMusicalContext &gt; toJSON - JSON出力 &gt; Key (F Major - Flat) &gt; 正常ケース: shortNameとcontextNameが適切に設定されている" time="0.000136376">
        </testcase>
        <testcase classname="src/domain/common/test/AbstractMusicalContext.test.ts" name="AbstractMusicalContext &gt; toJSON - JSON出力 &gt; Key (F Major - Flat) &gt; 正常ケース: fifthsIndexが中心音のfifthsIndexと一致" time="0.000123632">
        </testcase>
        <testcase classname="src/domain/common/test/AbstractMusicalContext.test.ts" name="AbstractMusicalContext &gt; toJSON - JSON出力 &gt; Key (F Major - Flat) &gt; 正常ケース: JSON文字列化が可能" time="0.000259847">
        </testcase>
        <testcase classname="src/domain/common/test/AbstractMusicalContext.test.ts" name="AbstractMusicalContext &gt; toJSON - JSON出力 &gt; Key (F Major - Flat) &gt; 正常ケース: JSONから復元可能な形式" time="0.000316904">
        </testcase>
        <testcase classname="src/domain/common/test/AbstractMusicalContext.test.ts" name="AbstractMusicalContext &gt; toJSON - JSON出力 &gt; Key (A Minor) &gt; 正常ケース: JSON形式で正しく出力される" time="0.000398287">
        </testcase>
        <testcase classname="src/domain/common/test/AbstractMusicalContext.test.ts" name="AbstractMusicalContext &gt; toJSON - JSON出力 &gt; Key (A Minor) &gt; 正常ケース: shortNameとcontextNameが適切に設定されている" time="0.000143429">
        </testcase>
        <testcase classname="src/domain/common/test/AbstractMusicalContext.test.ts" name="AbstractMusicalContext &gt; toJSON - JSON出力 &gt; Key (A Minor) &gt; 正常ケース: fifthsIndexが中心音のfifthsIndexと一致" time="0.000099567">
        </testcase>
        <testcase classname="src/domain/common/test/AbstractMusicalContext.test.ts" name="AbstractMusicalContext &gt; toJSON - JSON出力 &gt; Key (A Minor) &gt; 正常ケース: JSON文字列化が可能" time="0.000231253">
        </testcase>
        <testcase classname="src/domain/common/test/AbstractMusicalContext.test.ts" name="AbstractMusicalContext &gt; toJSON - JSON出力 &gt; Key (A Minor) &gt; 正常ケース: JSONから復元可能な形式" time="0.000302919">
        </testcase>
        <testcase classname="src/domain/common/test/AbstractMusicalContext.test.ts" name="AbstractMusicalContext &gt; toJSON - JSON出力 &gt; Key (E Minor - Sharp) &gt; 正常ケース: JSON形式で正しく出力される" time="0.000366457">
        </testcase>
        <testcase classname="src/domain/common/test/AbstractMusicalContext.test.ts" name="AbstractMusicalContext &gt; toJSON - JSON出力 &gt; Key (E Minor - Sharp) &gt; 正常ケース: shortNameとcontextNameが適切に設定されている" time="0.000140884">
        </testcase>
        <testcase classname="src/domain/common/test/AbstractMusicalContext.test.ts" name="AbstractMusicalContext &gt; toJSON - JSON出力 &gt; Key (E Minor - Sharp) &gt; 正常ケース: fifthsIndexが中心音のfifthsIndexと一致" time="0.000091071">
        </testcase>
        <testcase classname="src/domain/common/test/AbstractMusicalContext.test.ts" name="AbstractMusicalContext &gt; toJSON - JSON出力 &gt; Key (E Minor - Sharp) &gt; 正常ケース: JSON文字列化が可能" time="0.00022416">
        </testcase>
        <testcase classname="src/domain/common/test/AbstractMusicalContext.test.ts" name="AbstractMusicalContext &gt; toJSON - JSON出力 &gt; Key (E Minor - Sharp) &gt; 正常ケース: JSONから復元可能な形式" time="0.000342493">
        </testcase>
        <testcase classname="src/domain/common/test/AbstractMusicalContext.test.ts" name="AbstractMusicalContext &gt; toJSON - JSON出力 &gt; Key (D Minor - Flat) &gt; 正常ケース: JSON形式で正しく出力される" time="0.0003408">
        </testcase>
        <testcase classname="src/domain/common/test/AbstractMusicalContext.test.ts" name="AbstractMusicalContext &gt; toJSON - JSON出力 &gt; Key (D Minor - Flat) &gt; 正常ケース: shortNameとcontextNameが適切に設定されている" time="0.000134702">
        </testcase>
        <testcase classname="src/domain/common/test/AbstractMusicalContext.test.ts" name="AbstractMusicalContext &gt; toJSON - JSON出力 &gt; Key (D Minor - Flat) &gt; 正常ケース: fifthsIndexが中心音のfifthsIndexと一致" time="0.000098805">
        </testcase>
        <testcase classname="src/domain/common/test/AbstractMusicalContext.test.ts" name="AbstractMusicalContext &gt; toJSON - JSON出力 &gt; Key (D Minor - Flat) &gt; 正常ケース: JSON文字列化が可能" time="0.000232596">
        </testcase>
        <testcase classname="src/domain/common/test/AbstractMusicalContext.test.ts" name="AbstractMusicalContext &gt; toJSON - JSON出力 &gt; Key (D Minor - Flat) &gt; 正常ケース: JSONから復元可能な形式" time="0.000470683">
        </testcase>
        <testcase classname="src/domain/common/test/AbstractMusicalContext.test.ts" name="AbstractMusicalContext &gt; toJSON - JSON出力 &gt; ModalContext (D Dorian) &gt; 正常ケース: JSON形式で正しく出力される" time="0.000384351">
        </testcase>
        <testcase classname="src/domain/common/test/AbstractMusicalContext.test.ts" name="AbstractMusicalContext &gt; toJSON - JSON出力 &gt; ModalContext (D Dorian) &gt; 正常ケース: shortNameとcontextNameが適切に設定されている" time="0.000161162">
        </testcase>
        <testcase classname="src/domain/common/test/AbstractMusicalContext.test.ts" name="AbstractMusicalContext &gt; toJSON - JSON出力 &gt; ModalContext (D Dorian) &gt; 正常ケース: fifthsIndexが中心音のfifthsIndexと一致" time="0.000122359">
        </testcase>
        <testcase classname="src/domain/common/test/AbstractMusicalContext.test.ts" name="AbstractMusicalContext &gt; toJSON - JSON出力 &gt; ModalContext (D Dorian) &gt; 正常ケース: JSON文字列化が可能" time="0.000252354">
        </testcase>
        <testcase classname="src/domain/common/test/AbstractMusicalContext.test.ts" name="AbstractMusicalContext &gt; toJSON - JSON出力 &gt; ModalContext (D Dorian) &gt; 正常ケース: JSONから復元可能な形式" time="0.000283872">
        </testcase>
        <testcase classname="src/domain/common/test/AbstractMusicalContext.test.ts" name="AbstractMusicalContext &gt; toJSON - JSON出力 &gt; ModalContext (E Phrygian) &gt; 正常ケース: JSON形式で正しく出力される" time="0.000340839">
        </testcase>
        <testcase classname="src/domain/common/test/AbstractMusicalContext.test.ts" name="AbstractMusicalContext &gt; toJSON - JSON出力 &gt; ModalContext (E Phrygian) &gt; 正常ケース: shortNameとcontextNameが適切に設定されている" time="0.00012761">
        </testcase>
        <testcase classname="src/domain/common/test/AbstractMusicalContext.test.ts" name="AbstractMusicalContext &gt; toJSON - JSON出力 &gt; ModalContext (E Phrygian) &gt; 正常ケース: fifthsIndexが中心音のfifthsIndexと一致" time="0.000099296">
        </testcase>
        <testcase classname="src/domain/common/test/AbstractMusicalContext.test.ts" name="AbstractMusicalContext &gt; toJSON - JSON出力 &gt; ModalContext (E Phrygian) &gt; 正常ケース: JSON文字列化が可能" time="0.000257223">
        </testcase>
        <testcase classname="src/domain/common/test/AbstractMusicalContext.test.ts" name="AbstractMusicalContext &gt; toJSON - JSON出力 &gt; ModalContext (E Phrygian) &gt; 正常ケース: JSONから復元可能な形式" time="0.000265308">
        </testcase>
        <testcase classname="src/domain/common/test/AbstractMusicalContext.test.ts" name="AbstractMusicalContext &gt; toJSON - JSON出力 &gt; ModalContext (F Lydian) &gt; 正常ケース: JSON形式で正しく出力される" time="0.000394019">
        </testcase>
        <testcase classname="src/domain/common/test/AbstractMusicalContext.test.ts" name="AbstractMusicalContext &gt; toJSON - JSON出力 &gt; ModalContext (F Lydian) &gt; 正常ケース: shortNameとcontextNameが適切に設定されている" time="0.000136126">
        </testcase>
        <testcase classname="src/domain/common/test/AbstractMusicalContext.test.ts" name="AbstractMusicalContext &gt; toJSON - JSON出力 &gt; ModalContext (F Lydian) &gt; 正常ケース: fifthsIndexが中心音のfifthsIndexと一致" time="0.000109976">
        </testcase>
        <testcase classname="src/domain/common/test/AbstractMusicalContext.test.ts" name="AbstractMusicalContext &gt; toJSON - JSON出力 &gt; ModalContext (F Lydian) &gt; 正常ケース: JSON文字列化が可能" time="0.000329228">
        </testcase>
        <testcase classname="src/domain/common/test/AbstractMusicalContext.test.ts" name="AbstractMusicalContext &gt; toJSON - JSON出力 &gt; ModalContext (F Lydian) &gt; 正常ケース: JSONから復元可能な形式" time="0.000336721">
        </testcase>
        <testcase classname="src/domain/common/test/AbstractMusicalContext.test.ts" name="AbstractMusicalContext &gt; toJSON - JSON出力 &gt; ModalContext (G Mixolydian) &gt; 正常ケース: JSON形式で正しく出力される" time="0.000358012">
        </testcase>
        <testcase classname="src/domain/common/test/AbstractMusicalContext.test.ts" name="AbstractMusicalContext &gt; toJSON - JSON出力 &gt; ModalContext (G Mixolydian) &gt; 正常ケース: shortNameとcontextNameが適切に設定されている" time="0.000139041">
        </testcase>
        <testcase classname="src/domain/common/test/AbstractMusicalContext.test.ts" name="AbstractMusicalContext &gt; toJSON - JSON出力 &gt; ModalContext (G Mixolydian) &gt; 正常ケース: fifthsIndexが中心音のfifthsIndexと一致" time="0.00009598">
        </testcase>
        <testcase classname="src/domain/common/test/AbstractMusicalContext.test.ts" name="AbstractMusicalContext &gt; toJSON - JSON出力 &gt; ModalContext (G Mixolydian) &gt; 正常ケース: JSON文字列化が可能" time="0.000255669">
        </testcase>
        <testcase classname="src/domain/common/test/AbstractMusicalContext.test.ts" name="AbstractMusicalContext &gt; toJSON - JSON出力 &gt; ModalContext (G Mixolydian) &gt; 正常ケース: JSONから復元可能な形式" time="0.000277099">
        </testcase>
        <testcase classname="src/domain/common/test/AbstractMusicalContext.test.ts" name="AbstractMusicalContext &gt; toJSON - JSON出力 &gt; 型固有のプロパティ検証 &gt; 正常ケース: Keyタイプの場合type=&quot;key&quot;とisMajorが適切に設定" time="0.0002616">
        </testcase>
        <testcase classname="src/domain/common/test/AbstractMusicalContext.test.ts" name="AbstractMusicalContext &gt; toJSON - JSON出力 &gt; 型固有のプロパティ検証 &gt; 正常ケース: ModalContextタイプの場合type=&quot;modal&quot;" time="0.00018656">
        </testcase>
        <testcase classname="src/domain/common/test/AbstractMusicalContext.test.ts" name="AbstractMusicalContext &gt; toJSON - JSON出力 &gt; 境界値とエッジケース &gt; 正常ケース: 全ての五度圏ポジションでの出力" time="0.001501867">
        </testcase>
        <testcase classname="src/domain/common/test/AbstractMusicalContext.test.ts" name="AbstractMusicalContext &gt; toJSON - JSON出力 &gt; 境界値とエッジケース &gt; 正常ケース: 特殊文字を含む名前での出力" time="0.00030955">
        </testcase>
        <testcase classname="src/domain/common/test/AbstractMusicalContext.test.ts" name="AbstractMusicalContext &gt; toJSON - JSON出力 &gt; 境界値とエッジケース &gt; 正常ケース: AbstractMusicalContextの基本実装" time="0.000265258">
        </testcase>
        <testcase classname="src/domain/common/test/AbstractMusicalContext.test.ts" name="AbstractMusicalContext &gt; toJSON - JSON出力 &gt; 不変性の確認 &gt; 正常ケース: toJSONで返されるオブジェクトの変更が元オブジェクトに影響しない" time="0.000548489">
        </testcase>
    </testsuite>
    <testsuite name="src/domain/common/test/Accidental.test.ts" timestamp="2025-09-28T12:42:07.399Z" hostname="runnervm3ublj" tests="24" failures="0" errors="0" skipped="0" time="0.013661377">
        <testcase classname="src/domain/common/test/Accidental.test.ts" name="Accidental &gt; 基本プロパティ &gt; 正常ケース: sharp変化記号の基本プロパティ" time="0.002127749">
        </testcase>
        <testcase classname="src/domain/common/test/Accidental.test.ts" name="Accidental &gt; 基本プロパティ &gt; 正常ケース: flat変化記号の基本プロパティ" time="0.000446457">
        </testcase>
        <testcase classname="src/domain/common/test/Accidental.test.ts" name="Accidental &gt; 基本プロパティ &gt; 正常ケース: natural変化記号の基本プロパティ" time="0.000430217">
        </testcase>
        <testcase classname="src/domain/common/test/Accidental.test.ts" name="Accidental &gt; 静的インスタンス &gt; 正常ケース: SHARP静的インスタンス" time="0.000300173">
        </testcase>
        <testcase classname="src/domain/common/test/Accidental.test.ts" name="Accidental &gt; 静的インスタンス &gt; 正常ケース: FLAT静的インスタンス" time="0.000301826">
        </testcase>
        <testcase classname="src/domain/common/test/Accidental.test.ts" name="Accidental &gt; 静的インスタンス &gt; 正常ケース: NATURAL静的インスタンス" time="0.000265017">
        </testcase>
        <testcase classname="src/domain/common/test/Accidental.test.ts" name="Accidental &gt; 静的インスタンスの一意性 &gt; 正常ケース: 静的インスタンスが常に同じ参照を返す" time="0.000420659">
        </testcase>
        <testcase classname="src/domain/common/test/Accidental.test.ts" name="Accidental &gt; 静的インスタンスの一意性 &gt; 正常ケース: 新しいインスタンスとは異なる参照" time="0.00138083">
        </testcase>
        <testcase classname="src/domain/common/test/Accidental.test.ts" name="Accidental &gt; getSymbol メソッド &gt; 正常ケース: sharp記号の正しい文字" time="0.000312707">
        </testcase>
        <testcase classname="src/domain/common/test/Accidental.test.ts" name="Accidental &gt; getSymbol メソッド &gt; 正常ケース: flat記号の正しい文字" time="0.000221927">
        </testcase>
        <testcase classname="src/domain/common/test/Accidental.test.ts" name="Accidental &gt; getSymbol メソッド &gt; 正常ケース: natural記号は空文字" time="0.000193613">
        </testcase>
        <testcase classname="src/domain/common/test/Accidental.test.ts" name="Accidental &gt; getSymbol メソッド &gt; 正常ケース: 記号文字列の型確認" time="0.000528732">
        </testcase>
        <testcase classname="src/domain/common/test/Accidental.test.ts" name="Accidental &gt; 音楽理論的検証 &gt; 正常ケース: 全ての変化記号タイプが適切に処理される" time="0.000401322">
        </testcase>
        <testcase classname="src/domain/common/test/Accidental.test.ts" name="Accidental &gt; 音楽理論的検証 &gt; 正常ケース: 変化記号の表記が音楽記号として正しい" time="0.000508494">
        </testcase>
        <testcase classname="src/domain/common/test/Accidental.test.ts" name="Accidental &gt; 音楽理論的検証 &gt; 正常ケース: 変化記号の組み合わせテスト" time="0.000238137">
        </testcase>
        <testcase classname="src/domain/common/test/Accidental.test.ts" name="Accidental &gt; 不変性の確認 &gt; 正常ケース: valueプロパティの不変性" time="0.000262833">
        </testcase>
        <testcase classname="src/domain/common/test/Accidental.test.ts" name="Accidental &gt; 不変性の確認 &gt; 正常ケース: 静的インスタンスの不変性" time="0.000212429">
        </testcase>
        <testcase classname="src/domain/common/test/Accidental.test.ts" name="Accidental &gt; TypeScript型安全性の確認 &gt; 正常ケース: AccidentalType型の制約" time="0.000966232">
        </testcase>
        <testcase classname="src/domain/common/test/Accidental.test.ts" name="Accidental &gt; TypeScript型安全性の確認 &gt; 正常ケース: getSymbolメソッドの戻り値型" time="0.000184245">
        </testcase>
        <testcase classname="src/domain/common/test/Accidental.test.ts" name="Accidental &gt; 境界値・エッジケース &gt; 正常ケース: 全ての有効なAccidentalTypeをテスト" time="0.0002935">
        </testcase>
        <testcase classname="src/domain/common/test/Accidental.test.ts" name="Accidental &gt; 境界値・エッジケース &gt; 正常ケース: 静的インスタンスと動的インスタンスの値の一致" time="0.0002559">
        </testcase>
        <testcase classname="src/domain/common/test/Accidental.test.ts" name="Accidental &gt; ユーティリティ用途での検証 &gt; 正常ケース: 文字列連結での使用" time="0.000238277">
        </testcase>
        <testcase classname="src/domain/common/test/Accidental.test.ts" name="Accidental &gt; ユーティリティ用途での検証 &gt; 正常ケース: 条件分岐での使用" time="0.000370325">
        </testcase>
        <testcase classname="src/domain/common/test/Accidental.test.ts" name="Accidental &gt; ユーティリティ用途での検証 &gt; 正常ケース: 配列やコレクションでの使用" time="0.000162444">
        </testcase>
    </testsuite>
    <testsuite name="src/domain/common/test/Interval.test.ts" timestamp="2025-09-28T12:42:07.404Z" hostname="runnervm3ublj" tests="25" failures="0" errors="0" skipped="0" time="0.018480791">
        <testcase classname="src/domain/common/test/Interval.test.ts" name="Interval &gt; constructor &gt; 正常ケース: セミトーン数でインスタンスを作成" time="0.005483728">
        </testcase>
        <testcase classname="src/domain/common/test/Interval.test.ts" name="Interval &gt; constructor &gt; 正常ケース: 負の値も受け入れる（下行音程）" time="0.00049521">
        </testcase>
        <testcase classname="src/domain/common/test/Interval.test.ts" name="Interval &gt; 静的プロパティ &gt; 正常ケース: 基本的な音程の定義が正しい" time="0.001511456">
        </testcase>
        <testcase classname="src/domain/common/test/Interval.test.ts" name="Interval &gt; 静的プロパティ &gt; 正常ケース: 便宜上の別名も正しく定義されている" time="0.000267402">
        </testcase>
        <testcase classname="src/domain/common/test/Interval.test.ts" name="Interval &gt; invert メソッド &gt; 正常ケース: 音程の方向を反転する" time="0.000206848">
        </testcase>
        <testcase classname="src/domain/common/test/Interval.test.ts" name="Interval &gt; invert メソッド &gt; 正常ケース: 様々な音程の反転" time="0.000403096">
        </testcase>
        <testcase classname="src/domain/common/test/Interval.test.ts" name="Interval &gt; invert メソッド &gt; 正常ケース: 二重反転で元に戻る" time="0.000212599">
        </testcase>
        <testcase classname="src/domain/common/test/Interval.test.ts" name="Interval &gt; 音楽理論的特性 &gt; 正常ケース: トライアド構築に必要な音程" time="0.000237776">
        </testcase>
        <testcase classname="src/domain/common/test/Interval.test.ts" name="Interval &gt; 音楽理論的特性 &gt; 正常ケース: マイナートライアド構築に必要な音程" time="0.000357841">
        </testcase>
        <testcase classname="src/domain/common/test/Interval.test.ts" name="Interval &gt; 音楽理論的特性 &gt; 正常ケース: セブンスコード構築に必要な音程" time="0.000979347">
        </testcase>
        <testcase classname="src/domain/common/test/Interval.test.ts" name="Interval &gt; 音楽理論的特性 &gt; 境界値ケース: 12音階内での音程の特殊性" time="0.000236223">
        </testcase>
        <testcase classname="src/domain/common/test/Interval.test.ts" name="Interval &gt; 実用例 &gt; 正常ケース: 様々な音程の組み合わせ" time="0.00022915">
        </testcase>
        <testcase classname="src/domain/common/test/Interval.test.ts" name="Interval &gt; 実用例 &gt; 正常ケース: 音程の算術演算" time="0.000207299">
        </testcase>
        <testcase classname="src/domain/common/test/Interval.test.ts" name="Interval &gt; equals メソッド &gt; 正常ケース: 同じ半音数のIntervalは等しい" time="0.000464431">
        </testcase>
        <testcase classname="src/domain/common/test/Interval.test.ts" name="Interval &gt; equals メソッド &gt; 正常ケース: 異なる半音数のIntervalは等しくない" time="0.000366318">
        </testcase>
        <testcase classname="src/domain/common/test/Interval.test.ts" name="Interval &gt; equals メソッド &gt; 正常ケース: 負の値を含む比較" time="0.000276359">
        </testcase>
        <testcase classname="src/domain/common/test/Interval.test.ts" name="Interval &gt; equals メソッド &gt; 正常ケース: 静的プロパティとの比較" time="0.000214633">
        </testcase>
        <testcase classname="src/domain/common/test/Interval.test.ts" name="Interval &gt; 静的メソッド &gt; compare &gt; 正常ケース: 半音数による比較" time="0.000519495">
        </testcase>
        <testcase classname="src/domain/common/test/Interval.test.ts" name="Interval &gt; 静的メソッド &gt; compare &gt; 正常ケース: 負の値を含む比較" time="0.000241913">
        </testcase>
        <testcase classname="src/domain/common/test/Interval.test.ts" name="Interval &gt; 静的メソッド &gt; sort &gt; 正常ケース: 半音数昇順でソート" time="0.000638418">
        </testcase>
        <testcase classname="src/domain/common/test/Interval.test.ts" name="Interval &gt; 静的メソッド &gt; sort &gt; 正常ケース: 元の配列は変更されない" time="0.00099156">
        </testcase>
        <testcase classname="src/domain/common/test/Interval.test.ts" name="Interval &gt; 静的メソッド &gt; sort &gt; 正常ケース: 負の値を含むソート" time="0.000286077">
        </testcase>
        <testcase classname="src/domain/common/test/Interval.test.ts" name="Interval &gt; 静的メソッド &gt; sort &gt; エッジケース: 空の配列" time="0.000275587">
        </testcase>
        <testcase classname="src/domain/common/test/Interval.test.ts" name="Interval &gt; 静的メソッド &gt; sort &gt; エッジケース: 単一要素" time="0.000232036">
        </testcase>
        <testcase classname="src/domain/common/test/Interval.test.ts" name="Interval &gt; 静的メソッド &gt; sort &gt; 正常ケース: 同じ半音数の場合は元の順序を保持" time="0.000210144">
        </testcase>
    </testsuite>
    <testsuite name="src/domain/common/test/KeySignature.test.ts" timestamp="2025-09-28T12:42:07.410Z" hostname="runnervm3ublj" tests="23" failures="0" errors="0" skipped="0" time="0.016047908">
        <testcase classname="src/domain/common/test/KeySignature.test.ts" name="KeySignature &gt; fromFifthsIndex &gt; 正常ケース: 有効なfifthsIndex（0-11）でKeySignatureを作成" time="0.00190291">
        </testcase>
        <testcase classname="src/domain/common/test/KeySignature.test.ts" name="KeySignature &gt; fromFifthsIndex &gt; 異常ケース: 負の数でErrorをスロー" time="0.001133506">
        </testcase>
        <testcase classname="src/domain/common/test/KeySignature.test.ts" name="KeySignature &gt; fromFifthsIndex &gt; 異常ケース: 11より大きい数でErrorをスロー" time="0.000449664">
        </testcase>
        <testcase classname="src/domain/common/test/KeySignature.test.ts" name="KeySignature &gt; fromFifthsIndex &gt; 異常ケース: 非整数でErrorをスロー" time="0.000368802">
        </testcase>
        <testcase classname="src/domain/common/test/KeySignature.test.ts" name="KeySignature &gt; キャッシング機能 &gt; 正常ケース: 同じfifthsIndexで同一インスタンスを返す" time="0.000214502">
        </testcase>
        <testcase classname="src/domain/common/test/KeySignature.test.ts" name="KeySignature &gt; キャッシング機能 &gt; 正常ケース: 異なるfifthsIndexで異なるインスタンスを返す" time="0.001056913">
        </testcase>
        <testcase classname="src/domain/common/test/KeySignature.test.ts" name="KeySignature &gt; 不変性 &gt; 正常ケース: インスタンスがfrozenされている" time="0.000273623">
        </testcase>
        <testcase classname="src/domain/common/test/KeySignature.test.ts" name="KeySignature &gt; 不変性 &gt; 正常ケース: accidentalsがReadonlyMapとして機能" time="0.000358913">
        </testcase>
        <testcase classname="src/domain/common/test/KeySignature.test.ts" name="KeySignature &gt; 変化記号なし（C Major / A minor） &gt; 正常ケース: fifthsIndex 0で変化記号なし" time="0.000852489">
        </testcase>
        <testcase classname="src/domain/common/test/KeySignature.test.ts" name="KeySignature &gt; シャープ系調号 &gt; 正常ケース: G Major（fifthsIndex 1）でF#を含む" time="0.000392266">
        </testcase>
        <testcase classname="src/domain/common/test/KeySignature.test.ts" name="KeySignature &gt; シャープ系調号 &gt; 正常ケース: D Major（fifthsIndex 2）でF#, C#を含む" time="0.000347522">
        </testcase>
        <testcase classname="src/domain/common/test/KeySignature.test.ts" name="KeySignature &gt; シャープ系調号 &gt; 正常ケース: A Major（fifthsIndex 3）でF#, C#, G#を含む" time="0.000301386">
        </testcase>
        <testcase classname="src/domain/common/test/KeySignature.test.ts" name="KeySignature &gt; シャープ系調号 &gt; 正常ケース: E Major（fifthsIndex 4）でF#, C#, G#, D#を含む" time="0.000356018">
        </testcase>
        <testcase classname="src/domain/common/test/KeySignature.test.ts" name="KeySignature &gt; シャープ系調号 &gt; 正常ケース: B Major（fifthsIndex 5）でF#, C#, G#, D#, A#を含む" time="0.000588434">
        </testcase>
        <testcase classname="src/domain/common/test/KeySignature.test.ts" name="KeySignature &gt; フラット系調号 &gt; 正常ケース: G♭ Major（fifthsIndex 6）でB♭, E♭, A♭, D♭, G♭, C♭を含む" time="0.000517281">
        </testcase>
        <testcase classname="src/domain/common/test/KeySignature.test.ts" name="KeySignature &gt; フラット系調号 &gt; 正常ケース: F Major（fifthsIndex 11）でB♭を含む" time="0.000292188">
        </testcase>
        <testcase classname="src/domain/common/test/KeySignature.test.ts" name="KeySignature &gt; フラット系調号 &gt; 正常ケース: B♭ Major（fifthsIndex 10）でB♭, E♭を含む" time="0.000245912">
        </testcase>
        <testcase classname="src/domain/common/test/KeySignature.test.ts" name="KeySignature &gt; フラット系調号 &gt; 正常ケース: E♭ Major（fifthsIndex 9）でB♭, E♭, A♭を含む" time="0.000278041">
        </testcase>
        <testcase classname="src/domain/common/test/KeySignature.test.ts" name="KeySignature &gt; フラット系調号 &gt; 正常ケース: A♭ Major（fifthsIndex 8）でB♭, E♭, A♭, D♭を含む" time="0.000297698">
        </testcase>
        <testcase classname="src/domain/common/test/KeySignature.test.ts" name="KeySignature &gt; フラット系調号 &gt; 正常ケース: D♭ Major（fifthsIndex 7）でB♭, E♭, A♭, D♭, G♭を含む" time="0.000355948">
        </testcase>
        <testcase classname="src/domain/common/test/KeySignature.test.ts" name="KeySignature &gt; エッジケースと音楽理論検証 &gt; 正常ケース: 同じ調号内でシャープとフラットが同時に存在しない" time="0.000708329">
        </testcase>
        <testcase classname="src/domain/common/test/KeySignature.test.ts" name="KeySignature &gt; エッジケースと音楽理論検証 &gt; 正常ケース: シャープ系調号で五度圈の順序を守る" time="0.001363989">
        </testcase>
        <testcase classname="src/domain/common/test/KeySignature.test.ts" name="KeySignature &gt; エッジケースと音楽理論検証 &gt; 正常ケース: フラット系調号で五度圈の順序を守る" time="0.00123637">
        </testcase>
    </testsuite>
    <testsuite name="src/domain/common/test/Note.test.ts" timestamp="2025-09-28T12:42:07.416Z" hostname="runnervm3ublj" tests="36" failures="0" errors="0" skipped="0" time="0.016169404">
        <testcase classname="src/domain/common/test/Note.test.ts" name="Note &gt; constructor &gt; 正常ケース: PitchClassとオクターブでインスタンスを作成" time="0.001721821">
        </testcase>
        <testcase classname="src/domain/common/test/Note.test.ts" name="Note &gt; constructor &gt; 正常ケース: 全音名でインスタンス作成可能" time="0.001052014">
        </testcase>
        <testcase classname="src/domain/common/test/Note.test.ts" name="Note &gt; getNameFor メソッド &gt; 正常ケース: sharp調号での音名取得" time="0.000727796">
        </testcase>
        <testcase classname="src/domain/common/test/Note.test.ts" name="Note &gt; getNameFor メソッド &gt; 正常ケース: flat調号での音名取得" time="0.000426521">
        </testcase>
        <testcase classname="src/domain/common/test/Note.test.ts" name="Note &gt; getNameFor メソッド &gt; 正常ケース: natural調号での音名取得" time="0.000165721">
        </testcase>
        <testcase classname="src/domain/common/test/Note.test.ts" name="Note &gt; getNameFor メソッド &gt; 正常ケース: エンハーモニック等価性の確認" time="0.000229992">
        </testcase>
        <testcase classname="src/domain/common/test/Note.test.ts" name="Note &gt; toString getter &gt; 正常ケース: Tone.js用の正しい文字列表現を返す" time="0.000285005">
        </testcase>
        <testcase classname="src/domain/common/test/Note.test.ts" name="Note &gt; transposeBy メソッド &gt; 正常ケース: 上行移調" time="0.000248366">
        </testcase>
        <testcase classname="src/domain/common/test/Note.test.ts" name="Note &gt; transposeBy メソッド &gt; 正常ケース: オクターブを跨ぐ移調" time="0.000274856">
        </testcase>
        <testcase classname="src/domain/common/test/Note.test.ts" name="Note &gt; transposeBy メソッド &gt; 正常ケース: 下行移調" time="0.000270678">
        </testcase>
        <testcase classname="src/domain/common/test/Note.test.ts" name="Note &gt; transposeBy メソッド &gt; 正常ケース: オクターブ移調" time="0.000173876">
        </testcase>
        <testcase classname="src/domain/common/test/Note.test.ts" name="Note &gt; 境界値テスト &gt; 境界値ケース: 最低オクターブ（0）" time="0.000176351">
        </testcase>
        <testcase classname="src/domain/common/test/Note.test.ts" name="Note &gt; 境界値テスト &gt; 境界値ケース: 最高オクターブ（8）" time="0.000190067">
        </testcase>
        <testcase classname="src/domain/common/test/Note.test.ts" name="Note &gt; 境界値テスト &gt; 境界値ケース: 基準オクターブ（4）での全音名" time="0.001463085">
        </testcase>
        <testcase classname="src/domain/common/test/Note.test.ts" name="Note &gt; 音楽理論的特性 &gt; 正常ケース: 中央C（C4）の特性" time="0.000371707">
        </testcase>
        <testcase classname="src/domain/common/test/Note.test.ts" name="Note &gt; 音楽理論的特性 &gt; 正常ケース: オクターブ関係の音符" time="0.000286617">
        </testcase>
        <testcase classname="src/domain/common/test/Note.test.ts" name="Note &gt; 音楽理論的特性 &gt; 正常ケース: シャープ付き音名の処理" time="0.001174933">
        </testcase>
        <testcase classname="src/domain/common/test/Note.test.ts" name="Note &gt; 音楽理論的特性 &gt; 正常ケース: ナチュラル音名の処理" time="0.000897313">
        </testcase>
        <testcase classname="src/domain/common/test/Note.test.ts" name="Note &gt; 移調テスト &gt; 正常ケース: 基本的なインターバル移調" time="0.000261861">
        </testcase>
        <testcase classname="src/domain/common/test/Note.test.ts" name="Note &gt; 移調テスト &gt; 正常ケース: 複雑な移調計算" time="0.000269375">
        </testcase>
        <testcase classname="src/domain/common/test/Note.test.ts" name="Note &gt; 実用例 &gt; 正常ケース: 基本的なCメジャートライアドの構成音" time="0.000897384">
        </testcase>
        <testcase classname="src/domain/common/test/Note.test.ts" name="Note &gt; 実用例 &gt; 正常ケース: 異なるオクターブでの和音展開" time="0.000212008">
        </testcase>
        <testcase classname="src/domain/common/test/Note.test.ts" name="Note &gt; 実用例 &gt; 正常ケース: シャープを含む和音" time="0.000179748">
        </testcase>
        <testcase classname="src/domain/common/test/Note.test.ts" name="Note &gt; equals メソッド &gt; 正常ケース: 同じピッチクラスと同じオクターブのNoteは等しい" time="0.000151544">
        </testcase>
        <testcase classname="src/domain/common/test/Note.test.ts" name="Note &gt; equals メソッド &gt; 正常ケース: 同じNote同士は等しい" time="0.000106741">
        </testcase>
        <testcase classname="src/domain/common/test/Note.test.ts" name="Note &gt; equals メソッド &gt; 正常ケース: 異なるオクターブのNoteは等しくない" time="0.000118181">
        </testcase>
        <testcase classname="src/domain/common/test/Note.test.ts" name="Note &gt; equals メソッド &gt; 正常ケース: 異なるピッチクラスのNoteは等しくない" time="0.000162404">
        </testcase>
        <testcase classname="src/domain/common/test/Note.test.ts" name="Note &gt; equals メソッド &gt; 正常ケース: 異なるピッチクラスと異なるオクターブのNoteは等しくない" time="0.000121318">
        </testcase>
        <testcase classname="src/domain/common/test/Note.test.ts" name="Note &gt; equals メソッド &gt; エッジケース: null、undefined、非Noteオブジェクトとの比較" time="0.000144852">
        </testcase>
        <testcase classname="src/domain/common/test/Note.test.ts" name="Note &gt; equals メソッド &gt; 正常ケース: 異なる生成方法で作られた同じNoteは等しい" time="0.000113383">
        </testcase>
        <testcase classname="src/domain/common/test/Note.test.ts" name="Note &gt; equals メソッド &gt; 正常ケース: 異なるエンハーモニック表記の比較" time="0.000089318">
        </testcase>
        <testcase classname="src/domain/common/test/Note.test.ts" name="Note &gt; sortByPitch 静的メソッド &gt; 正常ケース: 音高順にソート" time="0.000201237">
        </testcase>
        <testcase classname="src/domain/common/test/Note.test.ts" name="Note &gt; sortByPitch 静的メソッド &gt; 正常ケース: 元の配列は変更されない" time="0.000244259">
        </testcase>
        <testcase classname="src/domain/common/test/Note.test.ts" name="Note &gt; sortByPitch 静的メソッド &gt; 正常ケース: 同じ音高の場合は元の順序を保持" time="0.000125435">
        </testcase>
        <testcase classname="src/domain/common/test/Note.test.ts" name="Note &gt; sortByPitch 静的メソッド &gt; エッジケース: 空の配列" time="0.000111449">
        </testcase>
        <testcase classname="src/domain/common/test/Note.test.ts" name="Note &gt; sortByPitch 静的メソッド &gt; エッジケース: 単一要素" time="0.000113392">
        </testcase>
    </testsuite>
    <testsuite name="src/domain/common/test/PitchClass.test.ts" timestamp="2025-09-28T12:42:07.423Z" hostname="runnervm3ublj" tests="52" failures="0" errors="0" skipped="0" time="0.026154819">
        <testcase classname="src/domain/common/test/PitchClass.test.ts" name="PitchClass &gt; 基本プロパティ &gt; 正常ケース: 各音高クラスが正しいプロパティを持つ" time="0.001771704">
        </testcase>
        <testcase classname="src/domain/common/test/PitchClass.test.ts" name="PitchClass &gt; 基本プロパティ &gt; 正常ケース: 全ての音高クラスのプロパティが正しい" time="0.00109248">
        </testcase>
        <testcase classname="src/domain/common/test/PitchClass.test.ts" name="PitchClass &gt; 五度圏ファクトリメソッド &gt; 正常ケース: 五度圏インデックスからPitchClassを作成" time="0.0002345">
        </testcase>
        <testcase classname="src/domain/common/test/PitchClass.test.ts" name="PitchClass &gt; 五度圏ファクトリメソッド &gt; 境界値ケース: 範囲内の最大値でPitchClassを作成" time="0.000180659">
        </testcase>
        <testcase classname="src/domain/common/test/PitchClass.test.ts" name="PitchClass &gt; 五度圏ファクトリメソッド &gt; 異常ケース: 負の五度圏インデックスで処理" time="0.000718258">
        </testcase>
        <testcase classname="src/domain/common/test/PitchClass.test.ts" name="PitchClass &gt; 五度圏ファクトリメソッド &gt; 異常ケース: 範囲外の五度圏インデックスで処理" time="0.000159278">
        </testcase>
        <testcase classname="src/domain/common/test/PitchClass.test.ts" name="PitchClass &gt; 移調 &gt; 正常ケース: 長3度上に移調" time="0.0002557">
        </testcase>
        <testcase classname="src/domain/common/test/PitchClass.test.ts" name="PitchClass &gt; 移調 &gt; 正常ケース: 完全5度上に移調" time="0.000152155">
        </testcase>
        <testcase classname="src/domain/common/test/PitchClass.test.ts" name="PitchClass &gt; 移調 &gt; 正常ケース: 短3度下に移調（負の値）" time="0.0002291">
        </testcase>
        <testcase classname="src/domain/common/test/PitchClass.test.ts" name="PitchClass &gt; 移調 &gt; 正常ケース: オクターブを跨ぐ移調" time="0.000208992">
        </testcase>
        <testcase classname="src/domain/common/test/PitchClass.test.ts" name="PitchClass &gt; 移調 &gt; 正常ケース: 大きな値での移調（正規化確認）" time="0.000167825">
        </testcase>
        <testcase classname="src/domain/common/test/PitchClass.test.ts" name="PitchClass &gt; 音楽理論的検証 &gt; 正常ケース: 五度圏の順序が正しい" time="0.000192682">
        </testcase>
        <testcase classname="src/domain/common/test/PitchClass.test.ts" name="PitchClass &gt; 音楽理論的検証 &gt; 正常ケース: 半音階の順序が正しい" time="0.000188403">
        </testcase>
        <testcase classname="src/domain/common/test/PitchClass.test.ts" name="PitchClass &gt; 音楽理論的検証 &gt; 正常ケース: 移調による音程関係の確認" time="0.000520306">
        </testcase>
        <testcase classname="src/domain/common/test/PitchClass.test.ts" name="PitchClass &gt; エッジケース &gt; 境界値ケース: 最後の五度圏インデックス（F）" time="0.000263314">
        </testcase>
        <testcase classname="src/domain/common/test/PitchClass.test.ts" name="PitchClass &gt; エッジケース &gt; 境界値ケース: 0半音移調（変化なし）" time="0.00024517">
        </testcase>
        <testcase classname="src/domain/common/test/PitchClass.test.ts" name="PitchClass &gt; エッジケース &gt; 境界値ケース: 完全オクターブ移調（12半音、変化なし）" time="0.000178354">
        </testcase>
        <testcase classname="src/domain/common/test/PitchClass.test.ts" name="PitchClass &gt; getNameFor メソッド &gt; ダイアトニック音の表記 &gt; 正常ケース: Cメジャーキーでのダイアトニック音" time="0.000754485">
        </testcase>
        <testcase classname="src/domain/common/test/PitchClass.test.ts" name="PitchClass &gt; getNameFor メソッド &gt; ダイアトニック音の表記 &gt; 正常ケース: G♭メジャーキー（flat系）でのダイアトニック音" time="0.000585739">
        </testcase>
        <testcase classname="src/domain/common/test/PitchClass.test.ts" name="PitchClass &gt; getNameFor メソッド &gt; ダイアトニック音の表記 &gt; 正常ケース: B♭メジャーキー（flat系）でのダイアトニック音" time="0.000472586">
        </testcase>
        <testcase classname="src/domain/common/test/PitchClass.test.ts" name="PitchClass &gt; getNameFor メソッド &gt; ノンダイアトニック音の表記 &gt; 正常ケース: Cメジャーキーでのノンダイアトニック音（sharp表記）" time="0.002098777">
        </testcase>
        <testcase classname="src/domain/common/test/PitchClass.test.ts" name="PitchClass &gt; getNameFor メソッド &gt; ノンダイアトニック音の表記 &gt; 正常ケース: Fメジャーキー（flat系）でのノンダイアトニック音（flat表記）" time="0.000356729">
        </testcase>
        <testcase classname="src/domain/common/test/PitchClass.test.ts" name="PitchClass &gt; getNameFor メソッド &gt; エンハーモニック表記の確認 &gt; 正常ケース: 同じ音高でも異なるキーで異なる表記" time="0.0003838">
        </testcase>
        <testcase classname="src/domain/common/test/PitchClass.test.ts" name="PitchClass &gt; getNameFor メソッド &gt; エンハーモニック表記の確認 &gt; 正常ケース: 複数のエンハーモニック音での表記確認" time="0.000557666">
        </testcase>
        <testcase classname="src/domain/common/test/PitchClass.test.ts" name="PitchClass &gt; getNameFor メソッド &gt; 境界値・エッジケース &gt; 正常ケース: 全ての五度圏ポジションでの表記確認" time="0.00130617">
        </testcase>
        <testcase classname="src/domain/common/test/PitchClass.test.ts" name="PitchClass &gt; getNameFor メソッド &gt; 境界値・エッジケース &gt; 正常ケース: Aマイナーキー（sharp系）でのダイアトニック音" time="0.000434876">
        </testcase>
        <testcase classname="src/domain/common/test/PitchClass.test.ts" name="PitchClass &gt; getNameFor メソッド &gt; 境界値・エッジケース &gt; 正常ケース: F#マイナーキー（sharp系）でのダイアトニック音" time="0.000381455">
        </testcase>
        <testcase classname="src/domain/common/test/PitchClass.test.ts" name="PitchClass &gt; getNameFor メソッド &gt; 境界値・エッジケース &gt; 正常ケース: マイナーキーでのノンダイアトニック音（sharp表記）" time="0.000328697">
        </testcase>
        <testcase classname="src/domain/common/test/PitchClass.test.ts" name="PitchClass &gt; modulo12 - 数値正規化関数 &gt; 正の値の正規化 &gt; 正常ケース: 0-11の範囲内の値はそのまま返す" time="0.000416481">
        </testcase>
        <testcase classname="src/domain/common/test/PitchClass.test.ts" name="PitchClass &gt; modulo12 - 数値正規化関数 &gt; 正の値の正規化 &gt; 正常ケース: 12の倍数を正規化" time="0.000212168">
        </testcase>
        <testcase classname="src/domain/common/test/PitchClass.test.ts" name="PitchClass &gt; modulo12 - 数値正規化関数 &gt; 正の値の正規化 &gt; 正常ケース: 12より大きい値を正規化" time="0.000262572">
        </testcase>
        <testcase classname="src/domain/common/test/PitchClass.test.ts" name="PitchClass &gt; modulo12 - 数値正規化関数 &gt; 負の値の正規化 &gt; 正常ケース: -1から-11の値を正規化" time="0.000241784">
        </testcase>
        <testcase classname="src/domain/common/test/PitchClass.test.ts" name="PitchClass &gt; modulo12 - 数値正規化関数 &gt; 負の値の正規化 &gt; 正常ケース: -12の倍数を正規化" time="0.000199935">
        </testcase>
        <testcase classname="src/domain/common/test/PitchClass.test.ts" name="PitchClass &gt; modulo12 - 数値正規化関数 &gt; 負の値の正規化 &gt; 正常ケース: -12より小さい値を正規化" time="0.000214072">
        </testcase>
        <testcase classname="src/domain/common/test/PitchClass.test.ts" name="PitchClass &gt; modulo12 - 数値正規化関数 &gt; 境界値とエッジケース &gt; 境界値ケース: 0を正規化" time="0.000134663">
        </testcase>
        <testcase classname="src/domain/common/test/PitchClass.test.ts" name="PitchClass &gt; modulo12 - 数値正規化関数 &gt; 境界値とエッジケース &gt; 境界値ケース: 非常に大きな正の値" time="0.000158768">
        </testcase>
        <testcase classname="src/domain/common/test/PitchClass.test.ts" name="PitchClass &gt; modulo12 - 数値正規化関数 &gt; 境界値とエッジケース &gt; 境界値ケース: 非常に小さな負の値" time="0.000169418">
        </testcase>
        <testcase classname="src/domain/common/test/PitchClass.test.ts" name="PitchClass &gt; modulo12 - 数値正規化関数 &gt; 境界値とエッジケース &gt; 数学的検証: 結果が常に0-11の範囲内" time="0.001238995">
        </testcase>
        <testcase classname="src/domain/common/test/PitchClass.test.ts" name="PitchClass &gt; modulo12 - 数値正規化関数 &gt; 音楽理論的応用での検証 &gt; 正常ケース: ピッチクラス計算での使用" time="0.000263595">
        </testcase>
        <testcase classname="src/domain/common/test/PitchClass.test.ts" name="PitchClass &gt; modulo12 - 数値正規化関数 &gt; 音楽理論的応用での検証 &gt; 正常ケース: オクターブを跨ぐ移調計算" time="0.000141395">
        </testcase>
        <testcase classname="src/domain/common/test/PitchClass.test.ts" name="PitchClass &gt; modulo12 - 数値正規化関数 &gt; 音楽理論的応用での検証 &gt; 正常ケース: 下行移調計算" time="0.000127869">
        </testcase>
        <testcase classname="src/domain/common/test/PitchClass.test.ts" name="PitchClass &gt; modulo12 - 数値正規化関数 &gt; 音楽理論的応用での検証 &gt; 正常ケース: 大幅な移調計算" time="0.000132679">
        </testcase>
        <testcase classname="src/domain/common/test/PitchClass.test.ts" name="PitchClass &gt; modulo12 - 数値正規化関数 &gt; TypeScript型安全性の確認 &gt; 正常ケース: 整数以外の数値でも動作" time="0.000190017">
        </testcase>
        <testcase classname="src/domain/common/test/PitchClass.test.ts" name="PitchClass &gt; modulo12 - 数値正規化関数 &gt; TypeScript型安全性の確認 &gt; 正常ケース: 数値型チェック" time="0.00016513">
        </testcase>
        <testcase classname="src/domain/common/test/PitchClass.test.ts" name="PitchClass &gt; 調号順序定数 (SHARP_KEY_ORDER / FLAT_KEY_ORDER) &gt; SHARP_KEY_ORDER - シャープ調号の順序 &gt; 正常ケース: 音楽理論に正しいシャープ順序（F, C, G, D, A, E, B）" time="0.001152822">
        </testcase>
        <testcase classname="src/domain/common/test/PitchClass.test.ts" name="PitchClass &gt; 調号順序定数 (SHARP_KEY_ORDER / FLAT_KEY_ORDER) &gt; SHARP_KEY_ORDER - シャープ調号の順序 &gt; 正常ケース: 五度圏上の順序で並んでいる" time="0.000323827">
        </testcase>
        <testcase classname="src/domain/common/test/PitchClass.test.ts" name="PitchClass &gt; 調号順序定数 (SHARP_KEY_ORDER / FLAT_KEY_ORDER) &gt; FLAT_KEY_ORDER - フラット調号の順序 &gt; 正常ケース: 音楽理論に正しいフラット順序（B, E, A, D, G, C, F）" time="0.0005227">
        </testcase>
        <testcase classname="src/domain/common/test/PitchClass.test.ts" name="PitchClass &gt; 調号順序定数 (SHARP_KEY_ORDER / FLAT_KEY_ORDER) &gt; FLAT_KEY_ORDER - フラット調号の順序 &gt; 正常ケース: SHARP_KEY_ORDERの逆順である" time="0.000531798">
        </testcase>
        <testcase classname="src/domain/common/test/PitchClass.test.ts" name="PitchClass &gt; 調号順序定数 (SHARP_KEY_ORDER / FLAT_KEY_ORDER) &gt; FLAT_KEY_ORDER - フラット調号の順序 &gt; 正常ケース: 五度圏上でシャープ順序の逆順" time="0.000335861">
        </testcase>
        <testcase classname="src/domain/common/test/PitchClass.test.ts" name="PitchClass &gt; 調号順序定数 (SHARP_KEY_ORDER / FLAT_KEY_ORDER) &gt; 音楽理論的妥当性の確認 &gt; 正常ケース: 調号システムとしての整合性" time="0.000241984">
        </testcase>
        <testcase classname="src/domain/common/test/PitchClass.test.ts" name="PitchClass &gt; 調号順序定数 (SHARP_KEY_ORDER / FLAT_KEY_ORDER) &gt; 音楽理論的妥当性の確認 &gt; 正常ケース: 実際の調号計算での使用例" time="0.00103947">
        </testcase>
        <testcase classname="src/domain/common/test/PitchClass.test.ts" name="PitchClass &gt; 調号順序定数 (SHARP_KEY_ORDER / FLAT_KEY_ORDER) &gt; 音楽理論的妥当性の確認 &gt; 正常ケース: 五度圏上での連続性" time="0.000315743">
        </testcase>
    </testsuite>
    <testsuite name="src/domain/common/test/ScalePattern.test.ts" timestamp="2025-09-28T12:42:07.432Z" hostname="runnervm3ublj" tests="39" failures="0" errors="0" skipped="0" time="0.024271616">
        <testcase classname="src/domain/common/test/ScalePattern.test.ts" name="ScalePattern &gt; constructor &gt; 正常ケース: 名前とインターバル配列とshortSymbolでインスタンスを作成" time="0.002618252">
        </testcase>
        <testcase classname="src/domain/common/test/ScalePattern.test.ts" name="ScalePattern &gt; constructor &gt; 正常ケース: インスタンスがfreeze（不変）である" time="0.000336672">
        </testcase>
        <testcase classname="src/domain/common/test/ScalePattern.test.ts" name="ScalePattern &gt; 静的プロパティ &gt; 正常ケース: Majorパターンが正しく定義されている" time="0.000925386">
        </testcase>
        <testcase classname="src/domain/common/test/ScalePattern.test.ts" name="ScalePattern &gt; 静的プロパティ &gt; 正常ケース: HarmonicMinorパターンが正しく定義されている" time="0.000547347">
        </testcase>
        <testcase classname="src/domain/common/test/ScalePattern.test.ts" name="ScalePattern &gt; 静的プロパティ &gt; 正常ケース: Dorianモードが正しく定義されている" time="0.000240381">
        </testcase>
        <testcase classname="src/domain/common/test/ScalePattern.test.ts" name="ScalePattern &gt; 静的プロパティ &gt; 正常ケース: Phrygianモードが正しく定義されている" time="0.00038395">
        </testcase>
        <testcase classname="src/domain/common/test/ScalePattern.test.ts" name="ScalePattern &gt; 静的プロパティ &gt; 正常ケース: Lydianモードが正しく定義されている" time="0.000280637">
        </testcase>
        <testcase classname="src/domain/common/test/ScalePattern.test.ts" name="ScalePattern &gt; 静的プロパティ &gt; 正常ケース: Mixolydianモードが正しく定義されている" time="0.000249078">
        </testcase>
        <testcase classname="src/domain/common/test/ScalePattern.test.ts" name="ScalePattern &gt; 静的プロパティ &gt; 正常ケース: Aeolianモードが正しく定義されている" time="0.000374032">
        </testcase>
        <testcase classname="src/domain/common/test/ScalePattern.test.ts" name="ScalePattern &gt; 静的プロパティ &gt; 正常ケース: Locrianモードが正しく定義されている" time="0.000359314">
        </testcase>
        <testcase classname="src/domain/common/test/ScalePattern.test.ts" name="ScalePattern &gt; derive メソッド &gt; 正常ケース: Majorパターンからモードを導出" time="0.000386846">
        </testcase>
        <testcase classname="src/domain/common/test/ScalePattern.test.ts" name="ScalePattern &gt; derive メソッド &gt; 正常ケース: 各度数からの導出で期待される回転パターン" time="0.000387257">
        </testcase>
        <testcase classname="src/domain/common/test/ScalePattern.test.ts" name="ScalePattern &gt; derive メソッド &gt; 境界値ケース: 最初の度数（1度）" time="0.000389691">
        </testcase>
        <testcase classname="src/domain/common/test/ScalePattern.test.ts" name="ScalePattern &gt; derive メソッド &gt; 境界値ケース: 最後の度数（7度）" time="0.000545925">
        </testcase>
        <testcase classname="src/domain/common/test/ScalePattern.test.ts" name="ScalePattern &gt; derive メソッド &gt; 異常ケース: 無効な開始度数でエラーが発生する" time="0.001478714">
        </testcase>
        <testcase classname="src/domain/common/test/ScalePattern.test.ts" name="ScalePattern &gt; 実用例 &gt; 正常ケース: 静的モードパターンがMajorから正しく導出されている" time="0.000985059">
        </testcase>
        <testcase classname="src/domain/common/test/ScalePattern.test.ts" name="ScalePattern &gt; 実用例 &gt; 正常ケース: 音楽理論的に正しい音程関係" time="0.000367329">
        </testcase>
        <testcase classname="src/domain/common/test/ScalePattern.test.ts" name="ScalePattern &gt; 実用例 &gt; 正常ケース: HarmonicMinorの特徴的な増2度音程" time="0.000174618">
        </testcase>
        <testcase classname="src/domain/common/test/ScalePattern.test.ts" name="ScalePattern &gt; 不変性検証 &gt; 正常ケース: 静的プロパティのインスタンスは変更不可" time="0.000206819">
        </testcase>
        <testcase classname="src/domain/common/test/ScalePattern.test.ts" name="ScalePattern &gt; 不変性検証 &gt; 正常ケース: derive後のインスタンスも変更不可" time="0.000187912">
        </testcase>
        <testcase classname="src/domain/common/test/ScalePattern.test.ts" name="ScalePattern &gt; getIntervalsFromRootAsArray - インターバル配列取得 &gt; 基本的なスケールパターンのインターバル配列 &gt; 正常ケース: Majorスケールのインターバル配列を取得" time="0.000237987">
        </testcase>
        <testcase classname="src/domain/common/test/ScalePattern.test.ts" name="ScalePattern &gt; getIntervalsFromRootAsArray - インターバル配列取得 &gt; 基本的なスケールパターンのインターバル配列 &gt; 正常ケース: Aeolian（Natural Minor）スケールのインターバル配列を取得" time="0.000195186">
        </testcase>
        <testcase classname="src/domain/common/test/ScalePattern.test.ts" name="ScalePattern &gt; getIntervalsFromRootAsArray - インターバル配列取得 &gt; 基本的なスケールパターンのインターバル配列 &gt; 正常ケース: HarmonicMinorスケールのインターバル配列を取得" time="0.000201828">
        </testcase>
        <testcase classname="src/domain/common/test/ScalePattern.test.ts" name="ScalePattern &gt; getIntervalsFromRootAsArray - インターバル配列取得 &gt; モーダルスケールパターンのインターバル配列 &gt; 正常ケース: Dorianモードのインターバル配列を取得" time="0.000212198">
        </testcase>
        <testcase classname="src/domain/common/test/ScalePattern.test.ts" name="ScalePattern &gt; getIntervalsFromRootAsArray - インターバル配列取得 &gt; モーダルスケールパターンのインターバル配列 &gt; 正常ケース: Phrygianモードのインターバル配列を取得" time="0.000196259">
        </testcase>
        <testcase classname="src/domain/common/test/ScalePattern.test.ts" name="ScalePattern &gt; getIntervalsFromRootAsArray - インターバル配列取得 &gt; モーダルスケールパターンのインターバル配列 &gt; 正常ケース: Lydianモードのインターバル配列を取得" time="0.000191499">
        </testcase>
        <testcase classname="src/domain/common/test/ScalePattern.test.ts" name="ScalePattern &gt; getIntervalsFromRootAsArray - インターバル配列取得 &gt; モーダルスケールパターンのインターバル配列 &gt; 正常ケース: Mixolydianモードのインターバル配列を取得" time="0.000183124">
        </testcase>
        <testcase classname="src/domain/common/test/ScalePattern.test.ts" name="ScalePattern &gt; getIntervalsFromRootAsArray - インターバル配列取得 &gt; モーダルスケールパターンのインターバル配列 &gt; 正常ケース: Locrianモードのインターバル配列を取得" time="0.000162986">
        </testcase>
        <testcase classname="src/domain/common/test/ScalePattern.test.ts" name="ScalePattern &gt; getIntervalsFromRootAsArray - インターバル配列取得 &gt; 配列の基本的性質の検証 &gt; 正常ケース: 配列の最初の要素は常に0" time="0.000411462">
        </testcase>
        <testcase classname="src/domain/common/test/ScalePattern.test.ts" name="ScalePattern &gt; getIntervalsFromRootAsArray - インターバル配列取得 &gt; 配列の基本的性質の検証 &gt; 正常ケース: 配列の長さはintervals配列の長さ + 1" time="0.000258825">
        </testcase>
        <testcase classname="src/domain/common/test/ScalePattern.test.ts" name="ScalePattern &gt; getIntervalsFromRootAsArray - インターバル配列取得 &gt; 配列の基本的性質の検証 &gt; 正常ケース: 配列の要素は昇順に並んでいる" time="0.001097599">
        </testcase>
        <testcase classname="src/domain/common/test/ScalePattern.test.ts" name="ScalePattern &gt; getIntervalsFromRootAsArray - インターバル配列取得 &gt; 配列の基本的性質の検証 &gt; 正常ケース: 配列の要素は全て0-12の範囲内" time="0.004170093">
        </testcase>
        <testcase classname="src/domain/common/test/ScalePattern.test.ts" name="ScalePattern &gt; getIntervalsFromRootAsArray - インターバル配列取得 &gt; カスタムパターンでの動作検証 &gt; 正常ケース: 単一音程のパターン" time="0.000267222">
        </testcase>
        <testcase classname="src/domain/common/test/ScalePattern.test.ts" name="ScalePattern &gt; getIntervalsFromRootAsArray - インターバル配列取得 &gt; カスタムパターンでの動作検証 &gt; 正常ケース: 3音のパターン" time="0.000195988">
        </testcase>
        <testcase classname="src/domain/common/test/ScalePattern.test.ts" name="ScalePattern &gt; getIntervalsFromRootAsArray - インターバル配列取得 &gt; カスタムパターンでの動作検証 &gt; 正常ケース: derive後のパターンでも正しく動作" time="0.000338586">
        </testcase>
        <testcase classname="src/domain/common/test/ScalePattern.test.ts" name="ScalePattern &gt; getIntervalsFromRootAsArray - インターバル配列取得 &gt; 数学的検証 &gt; 正常ケース: 累積インターバルの計算が正しい" time="0.000255569">
        </testcase>
        <testcase classname="src/domain/common/test/ScalePattern.test.ts" name="ScalePattern &gt; getIntervalsFromRootAsArray - インターバル配列取得 &gt; 数学的検証 &gt; 正常ケース: HarmonicMinorの特徴的な増2度を含む配列" time="0.000220664">
        </testcase>
        <testcase classname="src/domain/common/test/ScalePattern.test.ts" name="ScalePattern &gt; getIntervalsFromRootAsArray - インターバル配列取得 &gt; 型安全性の確認 &gt; 正常ケース: 返り値は数値配列" time="0.000641383">
        </testcase>
        <testcase classname="src/domain/common/test/ScalePattern.test.ts" name="ScalePattern &gt; getIntervalsFromRootAsArray - インターバル配列取得 &gt; 型安全性の確認 &gt; 正常ケース: 返り値は変更可能な配列（元のデータは変更されない）" time="0.000567584">
        </testcase>
    </testsuite>
    <testsuite name="src/domain/key/test/Key.test.ts" timestamp="2025-09-28T12:42:07.438Z" hostname="runnervm3ublj" tests="48" failures="0" errors="0" skipped="0" time="0.026051525">
        <testcase classname="src/domain/key/test/Key.test.ts" name="Key &gt; KeySignature calculation (calculateKeySignatureForKey) &gt; メジャーキーのKeySignature計算 &gt; 正常ケース: C major → 調号なし (fifthsIndex: 0)" time="0.002395735">
        </testcase>
        <testcase classname="src/domain/key/test/Key.test.ts" name="Key &gt; KeySignature calculation (calculateKeySignatureForKey) &gt; メジャーキーのKeySignature計算 &gt; 正常ケース: G major → 1つのシャープ (fifthsIndex: 1)" time="0.00054882">
        </testcase>
        <testcase classname="src/domain/key/test/Key.test.ts" name="Key &gt; KeySignature calculation (calculateKeySignatureForKey) &gt; メジャーキーのKeySignature計算 &gt; 正常ケース: F major → 1つのフラット (fifthsIndex: 11)" time="0.000340649">
        </testcase>
        <testcase classname="src/domain/key/test/Key.test.ts" name="Key &gt; KeySignature calculation (calculateKeySignatureForKey) &gt; メジャーキーのKeySignature計算 &gt; 正常ケース: B♭ major → 2つのフラット (fifthsIndex: 10)" time="0.000281077">
        </testcase>
        <testcase classname="src/domain/key/test/Key.test.ts" name="Key &gt; KeySignature calculation (calculateKeySignatureForKey) &gt; マイナーキーのKeySignature計算（相対長調から導出） &gt; 正常ケース: A minor → C major相対 (fifthsIndex: 0)" time="0.000516619">
        </testcase>
        <testcase classname="src/domain/key/test/Key.test.ts" name="Key &gt; KeySignature calculation (calculateKeySignatureForKey) &gt; マイナーキーのKeySignature計算（相対長調から導出） &gt; 正常ケース: E minor → G major相対 (fifthsIndex: 1)" time="0.00030923">
        </testcase>
        <testcase classname="src/domain/key/test/Key.test.ts" name="Key &gt; KeySignature calculation (calculateKeySignatureForKey) &gt; マイナーキーのKeySignature計算（相対長調から導出） &gt; 正常ケース: F# minor → A major相対 (fifthsIndex: 3)" time="0.000286938">
        </testcase>
        <testcase classname="src/domain/key/test/Key.test.ts" name="Key &gt; KeySignature calculation (calculateKeySignatureForKey) &gt; マイナーキーのKeySignature計算（相対長調から導出） &gt; 正常ケース: D minor → F major相対 (fifthsIndex: 11)" time="0.000242755">
        </testcase>
        <testcase classname="src/domain/key/test/Key.test.ts" name="Key &gt; KeySignature calculation (calculateKeySignatureForKey) &gt; 音楽理論的妥当性の確認 &gt; 正常ケース: 全ての五度圏位置でKeySignatureが正しく計算される" time="0.002219414">
        </testcase>
        <testcase classname="src/domain/key/test/Key.test.ts" name="Key &gt; KeySignature calculation (calculateKeySignatureForKey) &gt; 音楽理論的妥当性の確認 &gt; 正常ケース: 相対調関係のKeySignatureが一致する" time="0.000359535">
        </testcase>
        <testcase classname="src/domain/key/test/Key.test.ts" name="Key &gt; constructor &gt; 正常ケース: PitchClassとScalePatternから調を作成できる" time="0.00039966">
        </testcase>
        <testcase classname="src/domain/key/test/Key.test.ts" name="Key &gt; constructor &gt; 正常ケース: マイナーキーを作成できる" time="0.000298149">
        </testcase>
        <testcase classname="src/domain/key/test/Key.test.ts" name="Key &gt; keyName getter &gt; 正常ケース: キー名を正しく取得できる" time="0.000252914">
        </testcase>
        <testcase classname="src/domain/key/test/Key.test.ts" name="Key &gt; buildTriad - Key固有テスト &gt; 正常ケース: C Majorの代表的な和音名が正しく表示される" time="0.000916269">
        </testcase>
        <testcase classname="src/domain/key/test/Key.test.ts" name="Key &gt; 特定和音取得メソッド &gt; 正常ケース: トニックコードを正しく取得" time="0.000353844">
        </testcase>
        <testcase classname="src/domain/key/test/Key.test.ts" name="Key &gt; 特定和音取得メソッド &gt; 正常ケース: ドミナントコードを正しく取得" time="0.000287119">
        </testcase>
        <testcase classname="src/domain/key/test/Key.test.ts" name="Key &gt; 特定和音取得メソッド &gt; 正常ケース: サブドミナントコードを正しく取得" time="0.000237856">
        </testcase>
        <testcase classname="src/domain/key/test/Key.test.ts" name="Key &gt; fromCircleOfFifths ファクトリメソッド &gt; 正常ケース: 五度圏インデックスからメジャーキーを生成" time="0.000181401">
        </testcase>
        <testcase classname="src/domain/key/test/Key.test.ts" name="Key &gt; fromCircleOfFifths ファクトリメソッド &gt; 正常ケース: 五度圏インデックスからマイナーキーを生成" time="0.000192031">
        </testcase>
        <testcase classname="src/domain/key/test/Key.test.ts" name="Key &gt; fromCircleOfFifths ファクトリメソッド &gt; 正常ケース: 全ての五度圏インデックスでキーを生成可能" time="0.004070597">
        </testcase>
        <testcase classname="src/domain/key/test/Key.test.ts" name="Key &gt; primaryScale プロパティ &gt; 正常ケース: 主要スケールが正しく設定される" time="0.000248847">
        </testcase>
        <testcase classname="src/domain/key/test/Key.test.ts" name="Key &gt; 境界値テスト &gt; 境界値ケース: 全ての五度圏ポジションでのキー作成" time="0.001388184">
        </testcase>
        <testcase classname="src/domain/key/test/Key.test.ts" name="Key &gt; 境界値テスト &gt; エンハーモニック表記: メジャーキーは♭表記、マイナーキーは#表記" time="0.001345324">
        </testcase>
        <testcase classname="src/domain/key/test/Key.test.ts" name="Key &gt; 音楽理論的特性 &gt; 正常ケース: C Majorキーのダイアトニックコード進行" time="0.000285416">
        </testcase>
        <testcase classname="src/domain/key/test/Key.test.ts" name="Key &gt; 音楽理論的特性 &gt; 正常ケース: 相対調関係の確認" time="0.000180619">
        </testcase>
        <testcase classname="src/domain/key/test/Key.test.ts" name="Key &gt; 実用例 &gt; 正常ケース: 一般的なキーでの基本和音" time="0.000330089">
        </testcase>
        <testcase classname="src/domain/key/test/Key.test.ts" name="Key &gt; japaneseScaleDegreeNames getter &gt; 正常ケース: メジャーキーの日本語度数名配列を正しく返す" time="0.000710473">
        </testcase>
        <testcase classname="src/domain/key/test/Key.test.ts" name="Key &gt; japaneseScaleDegreeNames getter &gt; 正常ケース: マイナーキーの日本語度数名配列を正しく返す" time="0.00028779">
        </testcase>
        <testcase classname="src/domain/key/test/Key.test.ts" name="Key &gt; japaneseScaleDegreeNames getter &gt; 正常ケース: 異なるメジャーキーでも同じ度数名を返す" time="0.000137158">
        </testcase>
        <testcase classname="src/domain/key/test/Key.test.ts" name="Key &gt; japaneseScaleDegreeNames getter &gt; 正常ケース: 常に同じ参照を返す（メジャーキー）" time="0.000108573">
        </testcase>
        <testcase classname="src/domain/key/test/Key.test.ts" name="Key &gt; japaneseScaleDegreeNames getter &gt; 正常ケース: 常に同じ参照を返す（マイナーキー）" time="0.000100919">
        </testcase>
        <testcase classname="src/domain/key/test/Key.test.ts" name="Key &gt; 関連調メソッド &gt; getRelativeKey &gt; 正常ケース: メジャーキーから相対マイナーキーを取得" time="0.000232466">
        </testcase>
        <testcase classname="src/domain/key/test/Key.test.ts" name="Key &gt; 関連調メソッド &gt; getRelativeKey &gt; 正常ケース: マイナーキーから相対メジャーキーを取得" time="0.000178075">
        </testcase>
        <testcase classname="src/domain/key/test/Key.test.ts" name="Key &gt; 関連調メソッド &gt; getRelativeKey &gt; 正常ケース: G Majorから相対マイナーキー（E Minor）を取得" time="0.000161212">
        </testcase>
        <testcase classname="src/domain/key/test/Key.test.ts" name="Key &gt; 関連調メソッド &gt; getRelativeKey &gt; 正常ケース: E MinorからG Majorを取得" time="0.00016547">
        </testcase>
        <testcase classname="src/domain/key/test/Key.test.ts" name="Key &gt; 関連調メソッド &gt; getRelativeKey &gt; 境界値ケース: 五度圏の境界での相対調" time="0.000147297">
        </testcase>
        <testcase classname="src/domain/key/test/Key.test.ts" name="Key &gt; 関連調メソッド &gt; getParallelKey &gt; 正常ケース: メジャーキーから同主マイナーキーを取得" time="0.000179687">
        </testcase>
        <testcase classname="src/domain/key/test/Key.test.ts" name="Key &gt; 関連調メソッド &gt; getParallelKey &gt; 正常ケース: マイナーキーから同主メジャーキーを取得" time="0.000211497">
        </testcase>
        <testcase classname="src/domain/key/test/Key.test.ts" name="Key &gt; 関連調メソッド &gt; getParallelKey &gt; 正常ケース: G Majorから同主マイナーキー（G Minor）を取得" time="0.000180969">
        </testcase>
        <testcase classname="src/domain/key/test/Key.test.ts" name="Key &gt; 関連調メソッド &gt; getParallelKey &gt; 正常ケース: G MinorからG Majorを取得" time="0.000162064">
        </testcase>
        <testcase classname="src/domain/key/test/Key.test.ts" name="Key &gt; 関連調メソッド &gt; getDominantKey &gt; 正常ケース: C Majorからドミナント調（G Major）を取得" time="0.000185959">
        </testcase>
        <testcase classname="src/domain/key/test/Key.test.ts" name="Key &gt; 関連調メソッド &gt; getDominantKey &gt; 正常ケース: A Minorからドミナント調（E Minor）を取得" time="0.000164398">
        </testcase>
        <testcase classname="src/domain/key/test/Key.test.ts" name="Key &gt; 関連調メソッド &gt; getDominantKey &gt; 正常ケース: F Majorからドミナント調（C Major）を取得" time="0.000203782">
        </testcase>
        <testcase classname="src/domain/key/test/Key.test.ts" name="Key &gt; 関連調メソッド &gt; getDominantKey &gt; 境界値ケース: 五度圏の境界でのドミナント調" time="0.000148799">
        </testcase>
        <testcase classname="src/domain/key/test/Key.test.ts" name="Key &gt; 関連調メソッド &gt; getSubdominantKey &gt; 正常ケース: C Majorからサブドミナント調（F Major）を取得" time="0.000198482">
        </testcase>
        <testcase classname="src/domain/key/test/Key.test.ts" name="Key &gt; 関連調メソッド &gt; getSubdominantKey &gt; 正常ケース: A Minorからサブドミナント調（D Minor）を取得" time="0.000173706">
        </testcase>
        <testcase classname="src/domain/key/test/Key.test.ts" name="Key &gt; 関連調メソッド &gt; getSubdominantKey &gt; 正常ケース: G Majorからサブドミナント調（C Major）を取得" time="0.000166873">
        </testcase>
        <testcase classname="src/domain/key/test/Key.test.ts" name="Key &gt; 関連調メソッド &gt; getSubdominantKey &gt; 境界値ケース: 五度圏の境界でのサブドミナント調" time="0.000188854">
        </testcase>
    </testsuite>
    <testsuite name="src/domain/scale/test/Scale.test.ts" timestamp="2025-09-28T12:42:07.445Z" hostname="runnervm3ublj" tests="32" failures="0" errors="0" skipped="0" time="0.020866959">
        <testcase classname="src/domain/scale/test/Scale.test.ts" name="Scale &gt; スケール作成 &gt; 正常ケース: PitchClassとScalePatternからスケールを作成" time="0.002849516">
        </testcase>
        <testcase classname="src/domain/scale/test/Scale.test.ts" name="Scale &gt; スケール作成 &gt; 正常ケース: デフォルトオクターブでスケールを作成" time="0.000544241">
        </testcase>
        <testcase classname="src/domain/scale/test/Scale.test.ts" name="Scale &gt; スケール作成 &gt; 正常ケース: 指定オクターブでスケールを作成" time="0.000386224">
        </testcase>
        <testcase classname="src/domain/scale/test/Scale.test.ts" name="Scale &gt; 構成音取得 &gt; 正常ケース: Cメジャースケールの構成音" time="0.00077826">
        </testcase>
        <testcase classname="src/domain/scale/test/Scale.test.ts" name="Scale &gt; 構成音取得 &gt; 正常ケース: Aナチュラルマイナースケールの構成音" time="0.000655209">
        </testcase>
        <testcase classname="src/domain/scale/test/Scale.test.ts" name="Scale &gt; 構成音取得 &gt; 正常ケース: Gメジャースケールの構成音" time="0.00063968">
        </testcase>
        <testcase classname="src/domain/scale/test/Scale.test.ts" name="Scale &gt; 度数指定音取得 &gt; 正常ケース: 各度数の音を正しく取得" time="0.000539031">
        </testcase>
        <testcase classname="src/domain/scale/test/Scale.test.ts" name="Scale &gt; 度数指定音取得 &gt; 境界値ケース: 最初の度数（1度）" time="0.000279314">
        </testcase>
        <testcase classname="src/domain/scale/test/Scale.test.ts" name="Scale &gt; 度数指定音取得 &gt; 境界値ケース: 最後の度数（7度）" time="0.00034117">
        </testcase>
        <testcase classname="src/domain/scale/test/Scale.test.ts" name="Scale &gt; 度数指定音取得 &gt; 異常ケース: 無効な度数（0）でundefinedを返す" time="0.000421832">
        </testcase>
        <testcase classname="src/domain/scale/test/Scale.test.ts" name="Scale &gt; 度数指定音取得 &gt; 異常ケース: 無効な度数（9）でundefinedを返す" time="0.000231805">
        </testcase>
        <testcase classname="src/domain/scale/test/Scale.test.ts" name="Scale &gt; 度数指定音取得 &gt; 異常ケース: 負の度数でundefinedを返す" time="0.000212128">
        </testcase>
        <testcase classname="src/domain/scale/test/Scale.test.ts" name="Scale &gt; オクターブ処理 &gt; 正常ケース: 低いオクターブでのスケール" time="0.000254938">
        </testcase>
        <testcase classname="src/domain/scale/test/Scale.test.ts" name="Scale &gt; オクターブ処理 &gt; 正常ケース: 高いオクターブでのスケール" time="0.000581761">
        </testcase>
        <testcase classname="src/domain/scale/test/Scale.test.ts" name="Scale &gt; オクターブ処理 &gt; 正常ケース: オクターブを跨ぐスケール" time="0.000415559">
        </testcase>
        <testcase classname="src/domain/scale/test/Scale.test.ts" name="Scale &gt; 異なるスケールパターン &gt; 正常ケース: ミクソリディアンモードの構成音" time="0.000603051">
        </testcase>
        <testcase classname="src/domain/scale/test/Scale.test.ts" name="Scale &gt; 異なるスケールパターン &gt; 正常ケース: ドリアンモードの構成音" time="0.000603342">
        </testcase>
        <testcase classname="src/domain/scale/test/Scale.test.ts" name="Scale &gt; 音楽理論的検証 &gt; 正常ケース: メジャースケールの音程関係" time="0.000422252">
        </testcase>
        <testcase classname="src/domain/scale/test/Scale.test.ts" name="Scale &gt; 音楽理論的検証 &gt; 正常ケース: ナチュラルマイナーの音程関係" time="0.000306735">
        </testcase>
        <testcase classname="src/domain/scale/test/Scale.test.ts" name="Scale &gt; エッジケース &gt; 境界値ケース: 最低オクターブでのスケール" time="0.0002403">
        </testcase>
        <testcase classname="src/domain/scale/test/Scale.test.ts" name="Scale &gt; エッジケース &gt; 境界値ケース: 高オクターブでのスケール" time="0.000232055">
        </testcase>
        <testcase classname="src/domain/scale/test/Scale.test.ts" name="Scale &gt; getDegreeFromSteps - 度数分析機能 &gt; ダイアトニック音（スケール構成音）の分析 &gt; 正常ケース: Cメジャースケールのダイアトニック音を正しく分析" time="0.001803413">
        </testcase>
        <testcase classname="src/domain/scale/test/Scale.test.ts" name="Scale &gt; getDegreeFromSteps - 度数分析機能 &gt; ダイアトニック音（スケール構成音）の分析 &gt; 正常ケース: Aナチュラルマイナースケールのダイアトニック音を正しく分析" time="0.000968677">
        </testcase>
        <testcase classname="src/domain/scale/test/Scale.test.ts" name="Scale &gt; getDegreeFromSteps - 度数分析機能 &gt; ノンダイアトニック音（変化音）の分析 &gt; 正常ケース: Cメジャースケールのノンダイアトニック音を正しく分析" time="0.001089654">
        </testcase>
        <testcase classname="src/domain/scale/test/Scale.test.ts" name="Scale &gt; getDegreeFromSteps - 度数分析機能 &gt; ノンダイアトニック音（変化音）の分析 &gt; 正常ケース: マイナースケールでのノンダイアトニック音分析" time="0.000814528">
        </testcase>
        <testcase classname="src/domain/scale/test/Scale.test.ts" name="Scale &gt; getDegreeFromSteps - 度数分析機能 &gt; 境界値とエッジケース &gt; 境界値ケース: step = 0（ルート音）" time="0.000190828">
        </testcase>
        <testcase classname="src/domain/scale/test/Scale.test.ts" name="Scale &gt; getDegreeFromSteps - 度数分析機能 &gt; 境界値とエッジケース &gt; 境界値ケース: step = 11（オクターブ下の音）" time="0.000153287">
        </testcase>
        <testcase classname="src/domain/scale/test/Scale.test.ts" name="Scale &gt; getDegreeFromSteps - 度数分析機能 &gt; 境界値とエッジケース &gt; 境界値ケース: 負の値（正規化される）" time="0.000168606">
        </testcase>
        <testcase classname="src/domain/scale/test/Scale.test.ts" name="Scale &gt; getDegreeFromSteps - 度数分析機能 &gt; 境界値とエッジケース &gt; 境界値ケース: 12以上の値（正規化される）" time="0.000129222">
        </testcase>
        <testcase classname="src/domain/scale/test/Scale.test.ts" name="Scale &gt; getDegreeFromSteps - 度数分析機能 &gt; 境界値とエッジケース &gt; 境界値ケース: 大きな値での正規化" time="0.00012236">
        </testcase>
        <testcase classname="src/domain/scale/test/Scale.test.ts" name="Scale &gt; getDegreeFromSteps - 度数分析機能 &gt; 異なるスケールパターンでの動作確認 &gt; 正常ケース: ドリアンモードでの度数分析" time="0.000478518">
        </testcase>
        <testcase classname="src/domain/scale/test/Scale.test.ts" name="Scale &gt; getDegreeFromSteps - 度数分析機能 &gt; 異なるスケールパターンでの動作確認 &gt; 正常ケース: ミクソリディアンモードでの度数分析" time="0.000330961">
        </testcase>
    </testsuite>
    <testsuite name="src/domain/services/test/AudioEngine.test.ts" timestamp="2025-09-28T12:42:07.450Z" hostname="runnervm3ublj" tests="16" failures="0" errors="0" skipped="0" time="0.024667508">
        <testcase classname="src/domain/services/test/AudioEngine.test.ts" name="AudioEngine &gt; setVolume &gt; 正常ケース: 音量設定がconfigに反映される" time="0.002720283">
        </testcase>
        <testcase classname="src/domain/services/test/AudioEngine.test.ts" name="AudioEngine &gt; setVolume &gt; 境界値ケース: 極端な音量値" time="0.000580439">
        </testcase>
        <testcase classname="src/domain/services/test/AudioEngine.test.ts" name="AudioEngine &gt; setArpeggioSpeed &gt; 正常ケース: 有効範囲内の速度設定" time="0.000818205">
        </testcase>
        <testcase classname="src/domain/services/test/AudioEngine.test.ts" name="AudioEngine &gt; setArpeggioSpeed &gt; 境界値ケース: 最小値以下の場合は50msに制限" time="0.000399139">
        </testcase>
        <testcase classname="src/domain/services/test/AudioEngine.test.ts" name="AudioEngine &gt; setArpeggioSpeed &gt; 境界値ケース: 最大値以上の場合は500msに制限" time="0.000475171">
        </testcase>
        <testcase classname="src/domain/services/test/AudioEngine.test.ts" name="AudioEngine &gt; play &gt; 正常ケース: 和音再生インターフェースのテスト" time="0.002468491">
        </testcase>
        <testcase classname="src/domain/services/test/AudioEngine.test.ts" name="AudioEngine &gt; config初期値 &gt; 正常ケース: デフォルト設定値の確認" time="0.000327364">
        </testcase>
        <testcase classname="src/domain/services/test/AudioEngine.test.ts" name="AudioEngine &gt; 設定の統合テスト &gt; 正常ケース: 設定変更後の和音再生" time="0.001450061">
        </testcase>
        <testcase classname="src/domain/services/test/AudioEngine.test.ts" name="AudioEngine &gt; 設定の統合テスト &gt; 正常ケース: 設定のリセット動作" time="0.00041031">
        </testcase>
        <testcase classname="src/domain/services/test/AudioEngine.test.ts" name="AudioEngine &gt; 型安全性の検証 &gt; 正常ケース: Chordエンティティとの統合" time="0.001502219">
        </testcase>
        <testcase classname="src/domain/services/test/AudioEngine.test.ts" name="AudioEngine &gt; 型安全性の検証 &gt; 正常ケース: 音量設定の型安全性" time="0.001758389">
        </testcase>
        <testcase classname="src/domain/services/test/AudioEngine.test.ts" name="AudioEngine &gt; 型安全性の検証 &gt; 正常ケース: アルペジオ速度設定の型安全性" time="0.000971843">
        </testcase>
        <testcase classname="src/domain/services/test/AudioEngine.test.ts" name="AudioEngine &gt; 実用的な使用例 &gt; 正常ケース: 基本的な和音進行の再生" time="0.001288998">
        </testcase>
        <testcase classname="src/domain/services/test/AudioEngine.test.ts" name="AudioEngine &gt; 実用的な使用例 &gt; 正常ケース: Toneコンテキストが停止状態の場合にTone.start()が呼ばれる" time="0.002578307">
        </testcase>
        <testcase classname="src/domain/services/test/AudioEngine.test.ts" name="AudioEngine &gt; 実用的な使用例 &gt; 正常ケース: 動的な設定変更とセッション" time="0.001864579">
        </testcase>
        <testcase classname="src/domain/services/test/AudioEngine.test.ts" name="AudioEngine &gt; 実用的な使用例 &gt; 正常ケース: 異なるオクターブでの再生" time="0.002552268">
        </testcase>
    </testsuite>
    <testsuite name="src/features/key-controller/test/KeyController.test.tsx" timestamp="2025-09-28T12:42:07.453Z" hostname="runnervm3ublj" tests="12" failures="0" errors="0" skipped="0" time="0.244659057">
        <testcase classname="src/features/key-controller/test/KeyController.test.tsx" name="KeyController &gt; 基本レンダリング &gt; 正常ケース: コンポーネントが正しくレンダリングされる" time="0.115758814">
        </testcase>
        <testcase classname="src/features/key-controller/test/KeyController.test.tsx" name="KeyController &gt; 基本レンダリング &gt; 正常ケース: カスタムタイトルが設定される" time="0.012067661">
        </testcase>
        <testcase classname="src/features/key-controller/test/KeyController.test.tsx" name="KeyController &gt; 基本レンダリング &gt; 正常ケース: className が適用される" time="0.008822105">
        </testcase>
        <testcase classname="src/features/key-controller/test/KeyController.test.tsx" name="KeyController &gt; 選択状態の表示 &gt; 正常ケース: 現在のキーに対応するボタンが選択状態になる" time="0.010212907">
        </testcase>
        <testcase classname="src/features/key-controller/test/KeyController.test.tsx" name="KeyController &gt; 選択状態の表示 &gt; 正常ケース: 現在のキー名が表示される" time="0.010409192">
        </testcase>
        <testcase classname="src/features/key-controller/test/KeyController.test.tsx" name="KeyController &gt; ボタンクリック動作 &gt; 正常ケース: トニックボタンクリックでキーが変更される" time="0.011003055">
        </testcase>
        <testcase classname="src/features/key-controller/test/KeyController.test.tsx" name="KeyController &gt; ボタンクリック動作 &gt; 正常ケース: 全てのトニックボタンが機能する" time="0.024147907">
        </testcase>
        <testcase classname="src/features/key-controller/test/KeyController.test.tsx" name="KeyController &gt; ボタンクリック動作 &gt; 正常ケース: 同じボタンを再度クリックしても動作する" time="0.006177635">
        </testcase>
        <testcase classname="src/features/key-controller/test/KeyController.test.tsx" name="KeyController &gt; アクセシビリティ &gt; 正常ケース: 全てのボタンに適切なaria-labelが設定される" time="0.016919992">
        </testcase>
        <testcase classname="src/features/key-controller/test/KeyController.test.tsx" name="KeyController &gt; アクセシビリティ &gt; 正常ケース: ボタンにキーボードフォーカスが可能" time="0.012526859">
        </testcase>
        <testcase classname="src/features/key-controller/test/KeyController.test.tsx" name="KeyController &gt; レスポンシブデザイン &gt; 正常ケース: グリッドレイアウトのクラスが適用される" time="0.006251414">
        </testcase>
        <testcase classname="src/features/key-controller/test/KeyController.test.tsx" name="KeyController &gt; レスポンシブデザイン &gt; 正常ケース: タイトルがレスポンシブ表示クラスを持つ" time="0.007735029">
        </testcase>
    </testsuite>
    <testsuite name="src/shared/constants/test/hubs.test.ts" timestamp="2025-09-28T12:42:07.455Z" hostname="runnervm3ublj" tests="9" failures="0" errors="0" skipped="0" time="0.009187306">
        <testcase classname="src/shared/constants/test/hubs.test.ts" name="hubs constants &gt; getHubDisplayNameEn関数 &gt; 正常ケース: circle-of-fifthsの英語名を取得" time="0.001595853">
        </testcase>
        <testcase classname="src/shared/constants/test/hubs.test.ts" name="hubs constants &gt; getHubDisplayNameEn関数 &gt; 正常ケース: chromatic-circleの英語名を取得" time="0.000216045">
        </testcase>
        <testcase classname="src/shared/constants/test/hubs.test.ts" name="hubs constants &gt; getHubDisplayNameEn関数 &gt; 境界値ケース: 全てのHubTypeの英語名を正しく取得" time="0.001307804">
        </testcase>
        <testcase classname="src/shared/constants/test/hubs.test.ts" name="hubs constants &gt; getHubOptions関数 &gt; 正常ケース: 正しいオプション配列を生成" time="0.000577323">
        </testcase>
        <testcase classname="src/shared/constants/test/hubs.test.ts" name="hubs constants &gt; getHubOptions関数 &gt; 正常ケース: 配列の各要素が正しい型構造を持つ" time="0.001797572">
        </testcase>
        <testcase classname="src/shared/constants/test/hubs.test.ts" name="hubs constants &gt; getHubOptions関数 &gt; 正常ケース: shortNameがlabelに使用される" time="0.000240972">
        </testcase>
        <testcase classname="src/shared/constants/test/hubs.test.ts" name="hubs constants &gt; getHubOptions関数 &gt; 正常ケース: descriptionがHUBSデータと一致する" time="0.000358152">
        </testcase>
        <testcase classname="src/shared/constants/test/hubs.test.ts" name="hubs constants &gt; getHubOptions関数 &gt; 境界値ケース: 全てのHubTypeがオプションに含まれる" time="0.00093301">
        </testcase>
        <testcase classname="src/shared/constants/test/hubs.test.ts" name="hubs constants &gt; getHubOptions関数 &gt; 正常ケース: 関数の呼び出しが冪等である" time="0.000334598">
        </testcase>
    </testsuite>
    <testsuite name="src/shared/hooks/test/useBodyScrollLock.test.ts" timestamp="2025-09-28T12:42:07.457Z" hostname="runnervm3ublj" tests="9" failures="0" errors="0" skipped="0" time="0.018976772">
        <testcase classname="src/shared/hooks/test/useBodyScrollLock.test.ts" name="useBodyScrollLock &gt; locked = true の場合 &gt; 正常ケース: bodyのスタイルが正しく設定される" time="0.005475673">
        </testcase>
        <testcase classname="src/shared/hooks/test/useBodyScrollLock.test.ts" name="useBodyScrollLock &gt; locked = true の場合 &gt; 正常ケース: クリーンアップ時に元の状態に復元される" time="0.00218477">
        </testcase>
        <testcase classname="src/shared/hooks/test/useBodyScrollLock.test.ts" name="useBodyScrollLock &gt; locked = true の場合 &gt; 境界値ケース: scrollY = 0 の場合" time="0.000509365">
        </testcase>
        <testcase classname="src/shared/hooks/test/useBodyScrollLock.test.ts" name="useBodyScrollLock &gt; locked = false の場合 &gt; 正常ケース: bodyのスタイルが変更されない" time="0.000499878">
        </testcase>
        <testcase classname="src/shared/hooks/test/useBodyScrollLock.test.ts" name="useBodyScrollLock &gt; locked = false の場合 &gt; 正常ケース: scrollToが呼ばれない" time="0.000480462">
        </testcase>
        <testcase classname="src/shared/hooks/test/useBodyScrollLock.test.ts" name="useBodyScrollLock &gt; 状態変更 &gt; 正常ケース: locked が true → false に変更された場合" time="0.000484038">
        </testcase>
        <testcase classname="src/shared/hooks/test/useBodyScrollLock.test.ts" name="useBodyScrollLock &gt; 状態変更 &gt; 正常ケース: locked が false → true に変更された場合" time="0.000493015">
        </testcase>
        <testcase classname="src/shared/hooks/test/useBodyScrollLock.test.ts" name="useBodyScrollLock &gt; 実際のフック使用例 &gt; 正常ケース: フックのAPIが正しく動作する" time="0.005401573">
        </testcase>
        <testcase classname="src/shared/hooks/test/useBodyScrollLock.test.ts" name="useBodyScrollLock &gt; 実際のフック使用例 &gt; 正常ケース: フックが引数を受け取る" time="0.000603342">
        </testcase>
    </testsuite>
    <testsuite name="src/shared/hooks/test/useFixedViewportHeight.test.ts" timestamp="2025-09-28T12:42:07.459Z" hostname="runnervm3ublj" tests="12" failures="0" errors="0" skipped="0" time="0.040413311">
        <testcase classname="src/shared/hooks/test/useFixedViewportHeight.test.ts" name="useFixedViewportHeight &gt; 初期化 &gt; 正常ケース: 初期状態でwindow.innerHeightを正しく取得する" time="0.013666811">
        </testcase>
        <testcase classname="src/shared/hooks/test/useFixedViewportHeight.test.ts" name="useFixedViewportHeight &gt; 初期化 &gt; 境界値ケース: window.innerHeightが0の場合" time="0.001550949">
        </testcase>
        <testcase classname="src/shared/hooks/test/useFixedViewportHeight.test.ts" name="useFixedViewportHeight &gt; 初期化 &gt; 境界値ケース: window.innerHeightが極大値の場合" time="0.001845752">
        </testcase>
        <testcase classname="src/shared/hooks/test/useFixedViewportHeight.test.ts" name="useFixedViewportHeight &gt; 固定値の維持 &gt; 正常ケース: 初回取得後は値が固定される" time="0.002352232">
        </testcase>
        <testcase classname="src/shared/hooks/test/useFixedViewportHeight.test.ts" name="useFixedViewportHeight &gt; 固定値の維持 &gt; 正常ケース: 複数回の再レンダリングでも値が固定される" time="0.003262799">
        </testcase>
        <testcase classname="src/shared/hooks/test/useFixedViewportHeight.test.ts" name="useFixedViewportHeight &gt; SSR対応 &gt; 正常ケース: windowが正常にアクセスできることを確認" time="0.002071405">
        </testcase>
        <testcase classname="src/shared/hooks/test/useFixedViewportHeight.test.ts" name="useFixedViewportHeight &gt; SSR対応 &gt; 正常ケース: useEffectがクライアントサイドでのみ実行される" time="0.001437045">
        </testcase>
        <testcase classname="src/shared/hooks/test/useFixedViewportHeight.test.ts" name="useFixedViewportHeight &gt; 複数インスタンス &gt; 正常ケース: 複数のインスタンスが独立して動作する" time="0.002656683">
        </testcase>
        <testcase classname="src/shared/hooks/test/useFixedViewportHeight.test.ts" name="useFixedViewportHeight &gt; 複数インスタンス &gt; 正常ケース: 異なるタイミングでマウントされたインスタンス" time="0.003857013">
        </testcase>
        <testcase classname="src/shared/hooks/test/useFixedViewportHeight.test.ts" name="useFixedViewportHeight &gt; 戻り値の型 &gt; 正常ケース: 戻り値がnumber型である" time="0.001954095">
        </testcase>
        <testcase classname="src/shared/hooks/test/useFixedViewportHeight.test.ts" name="useFixedViewportHeight &gt; 戻り値の型 &gt; 正常ケース: 戻り値が有限数である" time="0.001818801">
        </testcase>
        <testcase classname="src/shared/hooks/test/useFixedViewportHeight.test.ts" name="useFixedViewportHeight &gt; 戻り値の型 &gt; 正常ケース: 戻り値が非負数である" time="0.001596293">
        </testcase>
    </testsuite>
    <testsuite name="src/shared/utils/test/keyColorUtils.test.ts" timestamp="2025-09-28T12:42:07.461Z" hostname="runnervm3ublj" tests="3" failures="0" errors="0" skipped="0" time="0.002738488">
        <testcase classname="src/shared/utils/test/keyColorUtils.test.ts" name="keyColorUtils &gt; getMusicColorKey &gt; 正常ケース: C Majorで正確なCSS変数名を生成する" time="0.001210941">
        </testcase>
        <testcase classname="src/shared/utils/test/keyColorUtils.test.ts" name="keyColorUtils &gt; getMusicColorKey &gt; 正常ケース: A Minorで正確なCSS変数名を生成する" time="0.000195877">
        </testcase>
        <testcase classname="src/shared/utils/test/keyColorUtils.test.ts" name="keyColorUtils &gt; getMusicColorKey &gt; 正常ケース: F# Majorで正確なCSS変数名を生成する" time="0.000233739">
        </testcase>
    </testsuite>
    <testsuite name="src/shared/utils/test/musicColorSystem.test.ts" timestamp="2025-09-28T12:42:07.461Z" hostname="runnervm3ublj" tests="5" failures="0" errors="0" skipped="0" time="0.00489321">
        <testcase classname="src/shared/utils/test/musicColorSystem.test.ts" name="musicColorSystem generateMusicColorTheme &gt; 正常ケース: 全84色のCSS変数を正確なHSL値で生成する" time="0.001352938">
        </testcase>
        <testcase classname="src/shared/utils/test/musicColorSystem.test.ts" name="musicColorSystem generateMusicColorTheme &gt; 正常ケース: 84個のCSS変数が生成される" time="0.000946996">
        </testcase>
        <testcase classname="src/shared/utils/test/musicColorSystem.test.ts" name="musicColorSystem generateMusicColorTheme &gt; 正常ケース: 正確なHSL形式でカラー値が出力される" time="0.000327294">
        </testcase>
        <testcase classname="src/shared/utils/test/musicColorSystem.test.ts" name="musicColorSystem generateMusicColorTheme &gt; 正常ケース: 五度圏順の色相進行（30°刻み）が正確に生成される" time="0.000644149">
        </testcase>
        <testcase classname="src/shared/utils/test/musicColorSystem.test.ts" name="musicColorSystem generateMusicColorTheme &gt; 正常ケース: モード階層の明度進行（70%→28%）が正確に生成される" time="0.000408657">
        </testcase>
    </testsuite>
    <testsuite name="src/shared/utils/test/scroll.test.ts" timestamp="2025-09-28T12:42:07.462Z" hostname="runnervm3ublj" tests="19" failures="0" errors="0" skipped="0" time="0.020415738">
        <testcase classname="src/shared/utils/test/scroll.test.ts" name="scroll utils &gt; findScrollableParent &gt; 正常系 &gt; 正常ケース: data-scrollable属性がある要素を優先的に検索する" time="0.006309042">
        </testcase>
        <testcase classname="src/shared/utils/test/scroll.test.ts" name="scroll utils &gt; findScrollableParent &gt; 正常系 &gt; 正常ケース: overflow-y: auto の要素を検索する" time="0.001583169">
        </testcase>
        <testcase classname="src/shared/utils/test/scroll.test.ts" name="scroll utils &gt; findScrollableParent &gt; 正常系 &gt; 正常ケース: overflow-y: scroll の要素を検索する" time="0.001297404">
        </testcase>
        <testcase classname="src/shared/utils/test/scroll.test.ts" name="scroll utils &gt; findScrollableParent &gt; 正常系 &gt; 正常ケース: 複数の親要素を遡って検索する" time="0.001474656">
        </testcase>
        <testcase classname="src/shared/utils/test/scroll.test.ts" name="scroll utils &gt; findScrollableParent &gt; 境界値・異常系 &gt; 境界値ケース: スクロール可能な親要素が存在しない場合はnullを返す" time="0.001206122">
        </testcase>
        <testcase classname="src/shared/utils/test/scroll.test.ts" name="scroll utils &gt; findScrollableParent &gt; 境界値・異常系 &gt; 境界値ケース: document.bodyに到達した場合はnullを返す" time="0.000886342">
        </testcase>
        <testcase classname="src/shared/utils/test/scroll.test.ts" name="scroll utils &gt; findScrollableParent &gt; 境界値・異常系 &gt; 境界値ケース: parentElementがnullの場合はnullを返す" time="0.000633718">
        </testcase>
        <testcase classname="src/shared/utils/test/scroll.test.ts" name="scroll utils &gt; findScrollableParent &gt; 境界値・異常系 &gt; 境界値ケース: targetがdocument.bodyの場合はnullを返す" time="0.000626865">
        </testcase>
        <testcase classname="src/shared/utils/test/scroll.test.ts" name="scroll utils &gt; shouldAllowDrag &gt; 正常系 &gt; 上方向ドラッグ + 最上部の場合はドラッグを許可する" time="0.000463519">
        </testcase>
        <testcase classname="src/shared/utils/test/scroll.test.ts" name="scroll utils &gt; shouldAllowDrag &gt; 正常系 &gt; 正常ケース: 上方向ドラッグ + 最上部以外の場合はドラッグを不許可にする" time="0.000357431">
        </testcase>
        <testcase classname="src/shared/utils/test/scroll.test.ts" name="scroll utils &gt; shouldAllowDrag &gt; 正常系 &gt; 正常ケース: 下方向ドラッグ + 最下部の場合はドラッグを許可する" time="0.000392716">
        </testcase>
        <testcase classname="src/shared/utils/test/scroll.test.ts" name="scroll utils &gt; shouldAllowDrag &gt; 正常系 &gt; 正常ケース: 下方向ドラッグ + 最下部以外の場合はドラッグを不許可にする" time="0.000262693">
        </testcase>
        <testcase classname="src/shared/utils/test/scroll.test.ts" name="scroll utils &gt; shouldAllowDrag &gt; 境界値 &gt; 境界値ケース: scrollTop = 0 の場合（最上部）" time="0.000340649">
        </testcase>
        <testcase classname="src/shared/utils/test/scroll.test.ts" name="scroll utils &gt; shouldAllowDrag &gt; 境界値 &gt; 境界値ケース: scrollTop + clientHeight = scrollHeight - 1 の場合（1px余裕の境界）" time="0.000571742">
        </testcase>
        <testcase classname="src/shared/utils/test/scroll.test.ts" name="scroll utils &gt; shouldAllowDrag &gt; 境界値 &gt; 境界値ケース: scrollTop + clientHeight = scrollHeight の場合（完全な最下部）" time="0.000392215">
        </testcase>
        <testcase classname="src/shared/utils/test/scroll.test.ts" name="scroll utils &gt; shouldAllowDrag &gt; 境界値 &gt; 境界値ケース: scrollTop + clientHeight &gt; scrollHeight の場合（理論的には起こらないが）" time="0.000374192">
        </testcase>
        <testcase classname="src/shared/utils/test/scroll.test.ts" name="scroll utils &gt; shouldAllowDrag &gt; 境界値 &gt; 境界値ケース: スクロールがない場合（scrollHeight = clientHeight）" time="0.000356098">
        </testcase>
        <testcase classname="src/shared/utils/test/scroll.test.ts" name="scroll utils &gt; shouldAllowDrag &gt; DragDirection型の網羅 &gt; 正常ケース: up方向のドラッグをテストする" time="0.000238828">
        </testcase>
        <testcase classname="src/shared/utils/test/scroll.test.ts" name="scroll utils &gt; shouldAllowDrag &gt; DragDirection型の網羅 &gt; 正常ケース: down方向のドラッグをテストする" time="0.000235892">
        </testcase>
    </testsuite>
    <testsuite name="src/features/circle-of-fifths/hooks/test/useAudio.test.ts" timestamp="2025-09-28T12:42:07.465Z" hostname="runnervm3ublj" tests="12" failures="0" errors="0" skipped="0" time="0.054648678">
        <testcase classname="src/features/circle-of-fifths/hooks/test/useAudio.test.ts" name="useAudio &gt; 基本機能 &gt; 正常ケース: フックが正しい関数群を返す" time="0.013270337">
        </testcase>
        <testcase classname="src/features/circle-of-fifths/hooks/test/useAudio.test.ts" name="useAudio &gt; 基本機能 &gt; 正常ケース: 複数回レンダリングでも安定したインスタンスを返す" time="0.002089499">
        </testcase>
        <testcase classname="src/features/circle-of-fifths/hooks/test/useAudio.test.ts" name="useAudio &gt; playChordAtPosition &gt; 正常ケース: 五度圏ポジションからメジャーコードを再生" time="0.002774904">
        </testcase>
        <testcase classname="src/features/circle-of-fifths/hooks/test/useAudio.test.ts" name="useAudio &gt; playChordAtPosition &gt; 正常ケース: 五度圏ポジションからマイナーコードを再生" time="0.001817669">
        </testcase>
        <testcase classname="src/features/circle-of-fifths/hooks/test/useAudio.test.ts" name="useAudio &gt; playChordAtPosition &gt; 正常ケース: 異なる五度圏ポジションでの再生" time="0.001817909">
        </testcase>
        <testcase classname="src/features/circle-of-fifths/hooks/test/useAudio.test.ts" name="useAudio &gt; playChordAtPosition &gt; 異常ケース: コード生成でエラーが発生した場合のハンドリング" time="0.00426053">
        </testcase>
        <testcase classname="src/features/circle-of-fifths/hooks/test/useAudio.test.ts" name="useAudio &gt; playChordAtPosition &gt; 異常ケース: 音響再生でエラーが発生した場合のハンドリング" time="0.002259708">
        </testcase>
        <testcase classname="src/features/circle-of-fifths/hooks/test/useAudio.test.ts" name="useAudio &gt; setVolume &gt; 正常ケース: 音量設定がAudioEngineに伝達される" time="0.002018315">
        </testcase>
        <testcase classname="src/features/circle-of-fifths/hooks/test/useAudio.test.ts" name="useAudio &gt; setVolume &gt; 正常ケース: 複数回の音量設定" time="0.003603809">
        </testcase>
        <testcase classname="src/features/circle-of-fifths/hooks/test/useAudio.test.ts" name="useAudio &gt; setArpeggioSpeed &gt; 正常ケース: アルペジオ速度設定がAudioEngineに伝達される" time="0.002413316">
        </testcase>
        <testcase classname="src/features/circle-of-fifths/hooks/test/useAudio.test.ts" name="useAudio &gt; setArpeggioSpeed &gt; 正常ケース: 複数回のアルペジオ速度設定" time="0.01106879">
        </testcase>
        <testcase classname="src/features/circle-of-fifths/hooks/test/useAudio.test.ts" name="useAudio &gt; 統合テスト &gt; 正常ケース: 設定変更と和音再生の組み合わせ" time="0.0051988">
        </testcase>
    </testsuite>
    <testsuite name="src/features/circle-of-fifths/hooks/test/useDiatonicChordHighlight.test.ts" timestamp="2025-09-28T12:42:07.467Z" hostname="runnervm3ublj" tests="8" failures="0" errors="0" skipped="0" time="0.041377859">
        <testcase classname="src/features/circle-of-fifths/hooks/test/useDiatonicChordHighlight.test.ts" name="useDiatonicChordHighlight hook &gt; getHighlightInfo function &gt; 正常ケース: ダイアトニックコード非表示時、常にfalseを返す" time="0.015804781">
        </testcase>
        <testcase classname="src/features/circle-of-fifths/hooks/test/useDiatonicChordHighlight.test.ts" name="useDiatonicChordHighlight hook &gt; getHighlightInfo function &gt; 正常ケース: ダイアトニックコード表示時、該当コードでtrueを返す" time="0.003458478">
        </testcase>
        <testcase classname="src/features/circle-of-fifths/hooks/test/useDiatonicChordHighlight.test.ts" name="useDiatonicChordHighlight hook &gt; getHighlightInfo function &gt; 正常ケース: ダイアトニックコード表示時、非該当コードでfalseを返す" time="0.003012541">
        </testcase>
        <testcase classname="src/features/circle-of-fifths/hooks/test/useDiatonicChordHighlight.test.ts" name="useDiatonicChordHighlight hook &gt; getHighlightInfo function &gt; 境界値ケース: 異なるキーでのダイアトニックコード判定" time="0.002289045">
        </testcase>
        <testcase classname="src/features/circle-of-fifths/hooks/test/useDiatonicChordHighlight.test.ts" name="useDiatonicChordHighlight hook &gt; getHighlightInfo function &gt; ストア変更テスト: layerStore状態変更時の再計算" time="0.004775329">
        </testcase>
        <testcase classname="src/features/circle-of-fifths/hooks/test/useDiatonicChordHighlight.test.ts" name="useDiatonicChordHighlight hook &gt; getHighlightInfo function &gt; キー変更テスト: 異なるキー引数での動作確認" time="0.00412002">
        </testcase>
        <testcase classname="src/features/circle-of-fifths/hooks/test/useDiatonicChordHighlight.test.ts" name="useDiatonicChordHighlight hook &gt; getHighlightInfo function &gt; メモ化テスト: 同じ引数で複数回呼び出した際の一貫性" time="0.002909038">
        </testcase>
        <testcase classname="src/features/circle-of-fifths/hooks/test/useDiatonicChordHighlight.test.ts" name="useDiatonicChordHighlight hook &gt; createCompositeKey utility function &gt; 正常ケース: 異なる引数で異なるキーを生成" time="0.002790145">
        </testcase>
    </testsuite>
    <testsuite name="src/features/circle-of-fifths/hooks/test/useKeyAreaBehavior.test.ts" timestamp="2025-09-28T12:42:07.468Z" hostname="runnervm3ublj" tests="11" failures="0" errors="0" skipped="0" time="0.060553392">
        <testcase classname="src/features/circle-of-fifths/hooks/test/useKeyAreaBehavior.test.ts" name="useKeyAreaBehavior integration hook &gt; 統合機能 &gt; 正常ケース: フックが正しい構造を返す" time="0.019929276">
        </testcase>
        <testcase classname="src/features/circle-of-fifths/hooks/test/useKeyAreaBehavior.test.ts" name="useKeyAreaBehavior integration hook &gt; 統合機能 &gt; 正常ケース: 個別フックが正しい引数で呼ばれる" time="0.004962777">
        </testcase>
        <testcase classname="src/features/circle-of-fifths/hooks/test/useKeyAreaBehavior.test.ts" name="useKeyAreaBehavior integration hook &gt; 統合機能 &gt; 正常ケース: ストア状態変更時の個別フック再実行" time="0.003577188">
        </testcase>
        <testcase classname="src/features/circle-of-fifths/hooks/test/useKeyAreaBehavior.test.ts" name="useKeyAreaBehavior integration hook &gt; 異なるセグメントでの動作 &gt; 正常ケース: 異なるポジションのセグメント" time="0.002630754">
        </testcase>
        <testcase classname="src/features/circle-of-fifths/hooks/test/useKeyAreaBehavior.test.ts" name="useKeyAreaBehavior integration hook &gt; 異なるセグメントでの動作 &gt; 正常ケース: 異なるキーでの動作" time="0.00292737">
        </testcase>
        <testcase classname="src/features/circle-of-fifths/hooks/test/useKeyAreaBehavior.test.ts" name="useKeyAreaBehavior integration hook &gt; リップルエフェクト統合 &gt; 正常ケース: リップルトリガーが正しく統合される" time="0.00228194">
        </testcase>
        <testcase classname="src/features/circle-of-fifths/hooks/test/useKeyAreaBehavior.test.ts" name="useKeyAreaBehavior integration hook &gt; リップルエフェクト統合 &gt; 正常ケース: リップル状態が正しく返される" time="0.002233549">
        </testcase>
        <testcase classname="src/features/circle-of-fifths/hooks/test/useKeyAreaBehavior.test.ts" name="useKeyAreaBehavior integration hook &gt; Props変更の影響 &gt; 正常ケース: Props変更時の個別フック再実行" time="0.002616416">
        </testcase>
        <testcase classname="src/features/circle-of-fifths/hooks/test/useKeyAreaBehavior.test.ts" name="useKeyAreaBehavior integration hook &gt; Props変更の影響 &gt; 正常ケース: 同じPropsでの安定性" time="0.003920392">
        </testcase>
        <testcase classname="src/features/circle-of-fifths/hooks/test/useKeyAreaBehavior.test.ts" name="useKeyAreaBehavior integration hook &gt; エラーハンドリング &gt; 異常ケース: useAudioがundefinedを返す場合" time="0.005263461">
        </testcase>
        <testcase classname="src/features/circle-of-fifths/hooks/test/useKeyAreaBehavior.test.ts" name="useKeyAreaBehavior integration hook &gt; エラーハンドリング &gt; 異常ケース: ストア関数がnullの場合" time="0.007845343">
        </testcase>
    </testsuite>
    <testsuite name="src/features/circle-of-fifths/hooks/test/useKeyAreaPresentation.test.ts" timestamp="2025-09-28T12:42:07.470Z" hostname="runnervm3ublj" tests="17" failures="0" errors="0" skipped="0" time="0.08201985">
        <testcase classname="src/features/circle-of-fifths/hooks/test/useKeyAreaPresentation.test.ts" name="useKeyAreaPresentation hook &gt; 基本機能 &gt; 正常ケース: フックが正しい構造を返す" time="0.020423402">
        </testcase>
        <testcase classname="src/features/circle-of-fifths/hooks/test/useKeyAreaPresentation.test.ts" name="useKeyAreaPresentation hook &gt; 基本機能 &gt; 正常ケース: layoutオブジェクトが正しい構造を持つ" time="0.002569148">
        </testcase>
        <testcase classname="src/features/circle-of-fifths/hooks/test/useKeyAreaPresentation.test.ts" name="useKeyAreaPresentation hook &gt; ダイアトニックハイライト機能 &gt; 正常ケース: ハイライト非表示時の動作" time="0.004742724">
        </testcase>
        <testcase classname="src/features/circle-of-fifths/hooks/test/useKeyAreaPresentation.test.ts" name="useKeyAreaPresentation hook &gt; ダイアトニックハイライト機能 &gt; 正常ケース: ハイライト表示時の動作" time="0.002565311">
        </testcase>
        <testcase classname="src/features/circle-of-fifths/hooks/test/useKeyAreaPresentation.test.ts" name="useKeyAreaPresentation hook &gt; ダイアトニックハイライト機能 &gt; 正常ケース: 異なるローマ数字での動作確認" time="0.008041792">
        </testcase>
        <testcase classname="src/features/circle-of-fifths/hooks/test/useKeyAreaPresentation.test.ts" name="useKeyAreaPresentation hook &gt; 色計算機能 &gt; 正常ケース: keyAreaColorの計算" time="0.003640117">
        </testcase>
        <testcase classname="src/features/circle-of-fifths/hooks/test/useKeyAreaPresentation.test.ts" name="useKeyAreaPresentation hook &gt; 色計算機能 &gt; 正常ケース: currentKeyColorの計算" time="0.002517841">
        </testcase>
        <testcase classname="src/features/circle-of-fifths/hooks/test/useKeyAreaPresentation.test.ts" name="useKeyAreaPresentation hook &gt; 色計算機能 &gt; 正常ケース: 異なるキーでの色計算" time="0.005562712">
        </testcase>
        <testcase classname="src/features/circle-of-fifths/hooks/test/useKeyAreaPresentation.test.ts" name="useKeyAreaPresentation hook &gt; 色計算機能 &gt; 正常ケース: マイナーキーでの色計算" time="0.002437652">
        </testcase>
        <testcase classname="src/features/circle-of-fifths/hooks/test/useKeyAreaPresentation.test.ts" name="useKeyAreaPresentation hook &gt; レイアウト計算機能 &gt; 正常ケース: レイアウトオフセットの適用" time="0.005349362">
        </testcase>
        <testcase classname="src/features/circle-of-fifths/hooks/test/useKeyAreaPresentation.test.ts" name="useKeyAreaPresentation hook &gt; レイアウト計算機能 &gt; 正常ケース: 異なるテキスト位置での計算" time="0.00587603">
        </testcase>
        <testcase classname="src/features/circle-of-fifths/hooks/test/useKeyAreaPresentation.test.ts" name="useKeyAreaPresentation hook &gt; 依存関係の管理 &gt; 正常ケース: useDiatonicChordHighlightが正しい引数で呼ばれる" time="0.00128498">
        </testcase>
        <testcase classname="src/features/circle-of-fifths/hooks/test/useKeyAreaPresentation.test.ts" name="useKeyAreaPresentation hook &gt; 依存関係の管理 &gt; 正常ケース: Props変更時の再計算" time="0.002571202">
        </testcase>
        <testcase classname="src/features/circle-of-fifths/hooks/test/useKeyAreaPresentation.test.ts" name="useKeyAreaPresentation hook &gt; メモ化とパフォーマンス &gt; 正常ケース: 同じProps値での複数回レンダリング" time="0.0017702">
        </testcase>
        <testcase classname="src/features/circle-of-fifths/hooks/test/useKeyAreaPresentation.test.ts" name="useKeyAreaPresentation hook &gt; メモ化とパフォーマンス &gt; 正常ケース: 依存配列の動作確認" time="0.001453195">
        </testcase>
        <testcase classname="src/features/circle-of-fifths/hooks/test/useKeyAreaPresentation.test.ts" name="useKeyAreaPresentation hook &gt; エラーハンドリング &gt; 異常ケース: getMusicColorVariableがエラーをスローした場合" time="0.007064599">
        </testcase>
        <testcase classname="src/features/circle-of-fifths/hooks/test/useKeyAreaPresentation.test.ts" name="useKeyAreaPresentation hook &gt; エラーハンドリング &gt; 異常ケース: useDiatonicChordHighlightがnullを返した場合" time="0.001481267">
        </testcase>
    </testsuite>
    <testsuite name="src/features/circle-of-fifths/hooks/test/useKeyInteraction.test.ts" timestamp="2025-09-28T12:42:07.473Z" hostname="runnervm3ublj" tests="17" failures="0" errors="0" skipped="0" time="0.073687904">
        <testcase classname="src/features/circle-of-fifths/hooks/test/useKeyInteraction.test.ts" name="useKeyInteraction hook &gt; 基本機能 &gt; 正常ケース: フックが正しい構造を返す" time="0.017299784">
        </testcase>
        <testcase classname="src/features/circle-of-fifths/hooks/test/useKeyInteraction.test.ts" name="useKeyInteraction hook &gt; 基本機能 &gt; 正常ケース: 複数回レンダリングで安定した関数参照を返す" time="0.003402912">
        </testcase>
        <testcase classname="src/features/circle-of-fifths/hooks/test/useKeyInteraction.test.ts" name="useKeyInteraction hook &gt; useLongPress統合 &gt; 正常ケース: useLongPressが正しい引数で呼ばれる" time="0.005530272">
        </testcase>
        <testcase classname="src/features/circle-of-fifths/hooks/test/useKeyInteraction.test.ts" name="useKeyInteraction hook &gt; useLongPress統合 &gt; 正常ケース: ハンドラがuseLongPressから返される" time="0.002798989">
        </testcase>
        <testcase classname="src/features/circle-of-fifths/hooks/test/useKeyInteraction.test.ts" name="useKeyInteraction hook &gt; コールバック関数の動作 &gt; 正常ケース: handleClickコールバックの動作" time="0.003139709">
        </testcase>
        <testcase classname="src/features/circle-of-fifths/hooks/test/useKeyInteraction.test.ts" name="useKeyInteraction hook &gt; コールバック関数の動作 &gt; 正常ケース: handleLongPressコールバックの動作" time="0.003215961">
        </testcase>
        <testcase classname="src/features/circle-of-fifths/hooks/test/useKeyInteraction.test.ts" name="useKeyInteraction hook &gt; コールバック関数の動作 &gt; 正常ケース: マイナーキーでのhandleLongPress動作" time="0.002605838">
        </testcase>
        <testcase classname="src/features/circle-of-fifths/hooks/test/useKeyInteraction.test.ts" name="useKeyInteraction hook &gt; コールバック関数の動作 &gt; 正常ケース: handleLongPressStartコールバックの動作" time="0.001989882">
        </testcase>
        <testcase classname="src/features/circle-of-fifths/hooks/test/useKeyInteraction.test.ts" name="useKeyInteraction hook &gt; onMouseEnter機能 &gt; 正常ケース: マウス進入時の処理" time="0.003485317">
        </testcase>
        <testcase classname="src/features/circle-of-fifths/hooks/test/useKeyInteraction.test.ts" name="useKeyInteraction hook &gt; onMouseEnter機能 &gt; 正常ケース: 異なるキーでのマウス進入" time="0.016831612">
        </testcase>
        <testcase classname="src/features/circle-of-fifths/hooks/test/useKeyInteraction.test.ts" name="useKeyInteraction hook &gt; onMouseLeave機能 &gt; 正常ケース: マウス退出時の処理" time="0.00161574">
        </testcase>
        <testcase classname="src/features/circle-of-fifths/hooks/test/useKeyInteraction.test.ts" name="useKeyInteraction hook &gt; onMouseLeave機能 &gt; 正常ケース: 複数回のマウス退出" time="0.001553824">
        </testcase>
        <testcase classname="src/features/circle-of-fifths/hooks/test/useKeyInteraction.test.ts" name="useKeyInteraction hook &gt; onMouseLeave機能 &gt; 正常ケース: マウス進入→退出のサイクル" time="0.00203665">
        </testcase>
        <testcase classname="src/features/circle-of-fifths/hooks/test/useKeyInteraction.test.ts" name="useKeyInteraction hook &gt; 依存関係とメモ化 &gt; 正常ケース: Props変更時の関数再生成" time="0.001655585">
        </testcase>
        <testcase classname="src/features/circle-of-fifths/hooks/test/useKeyInteraction.test.ts" name="useKeyInteraction hook &gt; 依存関係とメモ化 &gt; 正常ケース: 同じPropsでの関数安定性" time="0.001537837">
        </testcase>
        <testcase classname="src/features/circle-of-fifths/hooks/test/useKeyInteraction.test.ts" name="useKeyInteraction hook &gt; 統合テスト &gt; 正常ケース: フル操作シーケンス" time="0.00097576">
        </testcase>
        <testcase classname="src/features/circle-of-fifths/hooks/test/useKeyInteraction.test.ts" name="useKeyInteraction hook &gt; 統合テスト &gt; 正常ケース: useLongPressの統合テスト" time="0.001238963">
        </testcase>
    </testsuite>
    <testsuite name="src/features/circle-of-fifths/hooks/test/useKeyState.test.ts" timestamp="2025-09-28T12:42:07.475Z" hostname="runnervm3ublj" tests="23" failures="0" errors="0" skipped="0" time="0.075641839">
        <testcase classname="src/features/circle-of-fifths/hooks/test/useKeyState.test.ts" name="useKeyState hook &gt; 基本機能 &gt; 正常ケース: フックが正しい構造を返す" time="0.016747619">
        </testcase>
        <testcase classname="src/features/circle-of-fifths/hooks/test/useKeyState.test.ts" name="useKeyState hook &gt; 基本機能 &gt; 正常ケース: 初期状態（選択・ホバーなし）" time="0.002041739">
        </testcase>
        <testcase classname="src/features/circle-of-fifths/hooks/test/useKeyState.test.ts" name="useKeyState hook &gt; 選択状態の判定 &gt; 正常ケース: 選択されている場合" time="0.002664016">
        </testcase>
        <testcase classname="src/features/circle-of-fifths/hooks/test/useKeyState.test.ts" name="useKeyState hook &gt; 選択状態の判定 &gt; 正常ケース: 異なるキーが選択されている場合" time="0.002362381">
        </testcase>
        <testcase classname="src/features/circle-of-fifths/hooks/test/useKeyState.test.ts" name="useKeyState hook &gt; 選択状態の判定 &gt; 正常ケース: メジャー・マイナーキーの判定" time="0.004431491">
        </testcase>
        <testcase classname="src/features/circle-of-fifths/hooks/test/useKeyState.test.ts" name="useKeyState hook &gt; 選択状態の判定 &gt; 境界値ケース: fifthsIndexとisMajorの厳密な比較" time="0.006681806">
        </testcase>
        <testcase classname="src/features/circle-of-fifths/hooks/test/useKeyState.test.ts" name="useKeyState hook &gt; ホバー状態の判定 &gt; 正常ケース: ホバーされている場合" time="0.002345369">
        </testcase>
        <testcase classname="src/features/circle-of-fifths/hooks/test/useKeyState.test.ts" name="useKeyState hook &gt; ホバー状態の判定 &gt; 正常ケース: 異なるキーがホバーされている場合" time="0.002265969">
        </testcase>
        <testcase classname="src/features/circle-of-fifths/hooks/test/useKeyState.test.ts" name="useKeyState hook &gt; ホバー状態の判定 &gt; 正常ケース: 選択かつホバーの場合" time="0.005501267">
        </testcase>
        <testcase classname="src/features/circle-of-fifths/hooks/test/useKeyState.test.ts" name="useKeyState hook &gt; クラス名の生成 &gt; fillClassName &gt; 正常ケース: メジャーキーの通常状態" time="0.008191601">
        </testcase>
        <testcase classname="src/features/circle-of-fifths/hooks/test/useKeyState.test.ts" name="useKeyState hook &gt; クラス名の生成 &gt; fillClassName &gt; 正常ケース: マイナーキーの通常状態" time="0.001440582">
        </testcase>
        <testcase classname="src/features/circle-of-fifths/hooks/test/useKeyState.test.ts" name="useKeyState hook &gt; クラス名の生成 &gt; fillClassName &gt; 正常ケース: 選択状態の優先" time="0.000929043">
        </testcase>
        <testcase classname="src/features/circle-of-fifths/hooks/test/useKeyState.test.ts" name="useKeyState hook &gt; クラス名の生成 &gt; fillClassName &gt; 正常ケース: ホバー状態" time="0.001167329">
        </testcase>
        <testcase classname="src/features/circle-of-fifths/hooks/test/useKeyState.test.ts" name="useKeyState hook &gt; クラス名の生成 &gt; fillClassName &gt; 正常ケース: 選択状態がホバー状態より優先される" time="0.001595542">
        </testcase>
        <testcase classname="src/features/circle-of-fifths/hooks/test/useKeyState.test.ts" name="useKeyState hook &gt; クラス名の生成 &gt; textClassName &gt; 正常ケース: メジャーキーのテキストクラス" time="0.001122525">
        </testcase>
        <testcase classname="src/features/circle-of-fifths/hooks/test/useKeyState.test.ts" name="useKeyState hook &gt; クラス名の生成 &gt; textClassName &gt; 正常ケース: マイナーキーのテキストクラス" time="0.001084103">
        </testcase>
        <testcase classname="src/features/circle-of-fifths/hooks/test/useKeyState.test.ts" name="useKeyState hook &gt; クラス名の生成 &gt; textClassName &gt; 正常ケース: 状態によらずキータイプでテキストクラスが決まる" time="0.00111949">
        </testcase>
        <testcase classname="src/features/circle-of-fifths/hooks/test/useKeyState.test.ts" name="useKeyState hook &gt; 状態変更の反応性 &gt; 正常ケース: ストア状態変更時の再計算" time="0.001906463">
        </testcase>
        <testcase classname="src/features/circle-of-fifths/hooks/test/useKeyState.test.ts" name="useKeyState hook &gt; 状態変更の反応性 &gt; 正常ケース: ホバー状態の変化" time="0.001235046">
        </testcase>
        <testcase classname="src/features/circle-of-fifths/hooks/test/useKeyState.test.ts" name="useKeyState hook &gt; メモ化とパフォーマンス &gt; 正常ケース: 同じProps・ストア状態での結果安定性" time="0.000986871">
        </testcase>
        <testcase classname="src/features/circle-of-fifths/hooks/test/useKeyState.test.ts" name="useKeyState hook &gt; メモ化とパフォーマンス &gt; 正常ケース: Props変更時の再計算" time="0.002075302">
        </testcase>
        <testcase classname="src/features/circle-of-fifths/hooks/test/useKeyState.test.ts" name="useKeyState hook &gt; エッジケース &gt; 正常ケース: nullストア値の処理" time="0.001106765">
        </testcase>
        <testcase classname="src/features/circle-of-fifths/hooks/test/useKeyState.test.ts" name="useKeyState hook &gt; エッジケース &gt; 境界値ケース: 極端なfifthsIndex値" time="0.003622744">
        </testcase>
    </testsuite>
    <testsuite name="src/features/circle-of-fifths/hooks/test/useLongPress.test.ts" timestamp="2025-09-28T12:42:07.479Z" hostname="runnervm3ublj" tests="16" failures="0" errors="0" skipped="0" time="0.08293153">
        <testcase classname="src/features/circle-of-fifths/hooks/test/useLongPress.test.ts" name="useLongPress hook &gt; 基本機能 &gt; 正常ケース: フックが正しい構造を返す" time="0.022809387">
        </testcase>
        <testcase classname="src/features/circle-of-fifths/hooks/test/useLongPress.test.ts" name="useLongPress hook &gt; 基本機能 &gt; 正常ケース: 複数回レンダリングで安定した関数参照を返す" time="0.003835664">
        </testcase>
        <testcase classname="src/features/circle-of-fifths/hooks/test/useLongPress.test.ts" name="useLongPress hook &gt; マウスイベント処理 &gt; 正常ケース: 短時間クリック（onClick）" time="0.004534785">
        </testcase>
        <testcase classname="src/features/circle-of-fifths/hooks/test/useLongPress.test.ts" name="useLongPress hook &gt; マウスイベント処理 &gt; 正常ケース: 長押し（onLongPress）" time="0.003106436">
        </testcase>
        <testcase classname="src/features/circle-of-fifths/hooks/test/useLongPress.test.ts" name="useLongPress hook &gt; マウスイベント処理 &gt; 正常ケース: カスタム遅延時間" time="0.003201193">
        </testcase>
        <testcase classname="src/features/circle-of-fifths/hooks/test/useLongPress.test.ts" name="useLongPress hook &gt; マウスイベント処理 &gt; 正常ケース: マウスムーブでの中断" time="0.003511285">
        </testcase>
        <testcase classname="src/features/circle-of-fifths/hooks/test/useLongPress.test.ts" name="useLongPress hook &gt; マウスイベント処理 &gt; 正常ケース: マウスリーブでの中断" time="0.002824508">
        </testcase>
        <testcase classname="src/features/circle-of-fifths/hooks/test/useLongPress.test.ts" name="useLongPress hook &gt; タッチイベント処理 &gt; 正常ケース: 短時間タッチ（onClick）" time="0.002576311">
        </testcase>
        <testcase classname="src/features/circle-of-fifths/hooks/test/useLongPress.test.ts" name="useLongPress hook &gt; タッチイベント処理 &gt; 正常ケース: 長押しタッチ（onLongPress）" time="0.003213767">
        </testcase>
        <testcase classname="src/features/circle-of-fifths/hooks/test/useLongPress.test.ts" name="useLongPress hook &gt; タッチイベント処理 &gt; 正常ケース: タッチムーブでの中断" time="0.003185064">
        </testcase>
        <testcase classname="src/features/circle-of-fifths/hooks/test/useLongPress.test.ts" name="useLongPress hook &gt; エッジケース &gt; 正常ケース: 遅延時間0での即座実行" time="0.005899965">
        </testcase>
        <testcase classname="src/features/circle-of-fifths/hooks/test/useLongPress.test.ts" name="useLongPress hook &gt; エッジケース &gt; 正常ケース: 負の遅延時間の処理" time="0.005456964">
        </testcase>
        <testcase classname="src/features/circle-of-fifths/hooks/test/useLongPress.test.ts" name="useLongPress hook &gt; エッジケース &gt; 異常ケース: コールバック関数でエラーが発生" time="0.006533342">
        </testcase>
        <testcase classname="src/features/circle-of-fifths/hooks/test/useLongPress.test.ts" name="useLongPress hook &gt; メモ化とパフォーマンス &gt; 正常ケース: 同じPropsでの関数安定性" time="0.004914407">
        </testcase>
        <testcase classname="src/features/circle-of-fifths/hooks/test/useLongPress.test.ts" name="useLongPress hook &gt; メモ化とパフォーマンス &gt; 正常ケース: 異なるコールバックでの再生成" time="0.002127179">
        </testcase>
        <testcase classname="src/features/circle-of-fifths/hooks/test/useLongPress.test.ts" name="useLongPress hook &gt; 複雑なシーケンス &gt; 正常ケース: 複数回の操作サイクル" time="0.002418967">
        </testcase>
    </testsuite>
    <testsuite name="src/features/circle-of-fifths/hooks/test/useRippleEffect.test.ts" timestamp="2025-09-28T12:42:07.482Z" hostname="runnervm3ublj" tests="18" failures="0" errors="0" skipped="0" time="0.091624618">
        <testcase classname="src/features/circle-of-fifths/hooks/test/useRippleEffect.test.ts" name="useRippleEffect hook &gt; 基本機能 &gt; 正常ケース: フックが正しい構造を返す" time="0.022103894">
        </testcase>
        <testcase classname="src/features/circle-of-fifths/hooks/test/useRippleEffect.test.ts" name="useRippleEffect hook &gt; 基本機能 &gt; 正常ケース: 初期状態でリップルが非活性" time="0.002644639">
        </testcase>
        <testcase classname="src/features/circle-of-fifths/hooks/test/useRippleEffect.test.ts" name="useRippleEffect hook &gt; 基本機能 &gt; 正常ケース: 複数回レンダリングで安定した関数参照を返す" time="0.004278594">
        </testcase>
        <testcase classname="src/features/circle-of-fifths/hooks/test/useRippleEffect.test.ts" name="useRippleEffect hook &gt; リップルトリガー機能 &gt; 正常ケース: triggerRippleでリップルが活性化" time="0.003719204">
        </testcase>
        <testcase classname="src/features/circle-of-fifths/hooks/test/useRippleEffect.test.ts" name="useRippleEffect hook &gt; リップルトリガー機能 &gt; 正常ケース: 複数回triggerRippleを呼び出し" time="0.003466942">
        </testcase>
        <testcase classname="src/features/circle-of-fifths/hooks/test/useRippleEffect.test.ts" name="useRippleEffect hook &gt; リップルトリガー機能 &gt; 正常ケース: triggerRipple後の自動リセット" time="0.003399255">
        </testcase>
        <testcase classname="src/features/circle-of-fifths/hooks/test/useRippleEffect.test.ts" name="useRippleEffect hook &gt; リップルトリガー機能 &gt; 正常ケース: 適切なタイムアウト時間での自動リセット" time="0.003446493">
        </testcase>
        <testcase classname="src/features/circle-of-fifths/hooks/test/useRippleEffect.test.ts" name="useRippleEffect hook &gt; リップルリセット機能 &gt; 正常ケース: resetRippleで手動リセット" time="0.002589136">
        </testcase>
        <testcase classname="src/features/circle-of-fifths/hooks/test/useRippleEffect.test.ts" name="useRippleEffect hook &gt; リップルリセット機能 &gt; 正常ケース: 非活性状態でのresetRipple" time="0.002448061">
        </testcase>
        <testcase classname="src/features/circle-of-fifths/hooks/test/useRippleEffect.test.ts" name="useRippleEffect hook &gt; リップルリセット機能 &gt; 正常ケース: 複数回resetRippleを呼び出し" time="0.008705777">
        </testcase>
        <testcase classname="src/features/circle-of-fifths/hooks/test/useRippleEffect.test.ts" name="useRippleEffect hook &gt; タイマー管理 &gt; 正常ケース: 手動リセット後の自動リセットタイマー無効化" time="0.008316066">
        </testcase>
        <testcase classname="src/features/circle-of-fifths/hooks/test/useRippleEffect.test.ts" name="useRippleEffect hook &gt; タイマー管理 &gt; 正常ケース: 複数回のトリガーでタイマーリセット" time="0.008217571">
        </testcase>
        <testcase classname="src/features/circle-of-fifths/hooks/test/useRippleEffect.test.ts" name="useRippleEffect hook &gt; タイマー管理 &gt; 正常ケース: コンポーネントアンマウント時のタイマークリア" time="0.006620669">
        </testcase>
        <testcase classname="src/features/circle-of-fifths/hooks/test/useRippleEffect.test.ts" name="useRippleEffect hook &gt; エッジケース &gt; 正常ケース: 高速連続トリガー" time="0.002023155">
        </testcase>
        <testcase classname="src/features/circle-of-fifths/hooks/test/useRippleEffect.test.ts" name="useRippleEffect hook &gt; エッジケース &gt; 正常ケース: トリガー→リセット→トリガーのサイクル" time="0.001885697">
        </testcase>
        <testcase classname="src/features/circle-of-fifths/hooks/test/useRippleEffect.test.ts" name="useRippleEffect hook &gt; メモ化とパフォーマンス &gt; 正常ケース: 関数の安定性" time="0.001605942">
        </testcase>
        <testcase classname="src/features/circle-of-fifths/hooks/test/useRippleEffect.test.ts" name="useRippleEffect hook &gt; メモ化とパフォーマンス &gt; 正常ケース: 状態変更時の適切な再レンダリング" time="0.00151398">
        </testcase>
        <testcase classname="src/features/circle-of-fifths/hooks/test/useRippleEffect.test.ts" name="useRippleEffect hook &gt; 統合テスト &gt; 正常ケース: 完全なリップルライフサイクル" time="0.00196238">
        </testcase>
    </testsuite>
    <testsuite name="src/features/circle-of-fifths/utils/test/circleOfFifthsData.test.ts" timestamp="2025-09-28T12:42:07.485Z" hostname="runnervm3ublj" tests="12" failures="0" errors="0" skipped="0" time="0.016570439">
        <testcase classname="src/features/circle-of-fifths/utils/test/circleOfFifthsData.test.ts" name="getCircleOfFifthsData &gt; 基本機能 &gt; 正常ケース: 関数が正しい構造を返す" time="0.001623205">
        </testcase>
        <testcase classname="src/features/circle-of-fifths/utils/test/circleOfFifthsData.test.ts" name="getCircleOfFifthsData &gt; 基本機能 &gt; 正常ケース: 複数回呼び出しで同じ値を返す（事前計算済み）" time="0.000242065">
        </testcase>
        <testcase classname="src/features/circle-of-fifths/utils/test/circleOfFifthsData.test.ts" name="getCircleOfFifthsData &gt; viewBox計算 &gt; 正常ケース: 正しいSVGビューボックス形式" time="0.000247034">
        </testcase>
        <testcase classname="src/features/circle-of-fifths/utils/test/circleOfFifthsData.test.ts" name="getCircleOfFifthsData &gt; viewBox計算 &gt; 境界値ケース: CIRCLE_LAYOUT.RADIUSの値に基づく計算" time="0.000950714">
        </testcase>
        <testcase classname="src/features/circle-of-fifths/utils/test/circleOfFifthsData.test.ts" name="getCircleOfFifthsData &gt; segments配列 &gt; 正常ケース: 12セグメントが生成される" time="0.000329799">
        </testcase>
        <testcase classname="src/features/circle-of-fifths/utils/test/circleOfFifthsData.test.ts" name="getCircleOfFifthsData &gt; segments配列 &gt; 正常ケース: 各セグメントが必要なプロパティを持つ" time="0.005024456">
        </testcase>
        <testcase classname="src/features/circle-of-fifths/utils/test/circleOfFifthsData.test.ts" name="getCircleOfFifthsData &gt; segments配列 &gt; 正常ケース: セグメントのposition値が0-11の範囲" time="0.000900489">
        </testcase>
        <testcase classname="src/features/circle-of-fifths/utils/test/circleOfFifthsData.test.ts" name="getCircleOfFifthsData &gt; segments配列 &gt; 正常ケース: 各セグメントのキー情報が正しく設定される" time="0.001662599">
        </testcase>
        <testcase classname="src/features/circle-of-fifths/utils/test/circleOfFifthsData.test.ts" name="getCircleOfFifthsData &gt; textRotation &gt; 正常ケース: textRotationが数値である" time="0.000247574">
        </testcase>
        <testcase classname="src/features/circle-of-fifths/utils/test/circleOfFifthsData.test.ts" name="getCircleOfFifthsData &gt; テキスト位置計算 &gt; 正常ケース: 3つの異なる半径でテキスト位置が計算される" time="0.002421002">
        </testcase>
        <testcase classname="src/features/circle-of-fifths/utils/test/circleOfFifthsData.test.ts" name="getCircleOfFifthsData &gt; 事前計算の最適化 &gt; パフォーマンステスト: 関数呼び出しが高速である" time="0.000441568">
        </testcase>
        <testcase classname="src/features/circle-of-fifths/utils/test/circleOfFifthsData.test.ts" name="getCircleOfFifthsData &gt; 事前計算の最適化 &gt; メモ化テスト: 同じオブジェクト参照が返される" time="0.000578074">
        </testcase>
    </testsuite>
    <testsuite name="src/features/circle-of-fifths/utils/test/geometry.test.ts" timestamp="2025-09-28T12:42:07.487Z" hostname="runnervm3ublj" tests="18" failures="0" errors="0" skipped="0" time="0.008070892">
        <testcase classname="src/features/circle-of-fifths/utils/test/geometry.test.ts" name="geometry utils &gt; calculateAngle &gt; 正常ケース: 位置0で正しい角度を返す" time="0.001314727">
        </testcase>
        <testcase classname="src/features/circle-of-fifths/utils/test/geometry.test.ts" name="geometry utils &gt; calculateAngle &gt; 正常ケース: 各位置（0-11）で正しい角度を計算" time="0.00065057">
        </testcase>
        <testcase classname="src/features/circle-of-fifths/utils/test/geometry.test.ts" name="geometry utils &gt; calculateAngle &gt; 正常ケース: 位置3（A）で正しい角度を返す" time="0.000216336">
        </testcase>
        <testcase classname="src/features/circle-of-fifths/utils/test/geometry.test.ts" name="geometry utils &gt; calculateAngle &gt; 正常ケース: 位置6（F#/G♭）で正しい角度を返す" time="0.000151214">
        </testcase>
        <testcase classname="src/features/circle-of-fifths/utils/test/geometry.test.ts" name="geometry utils &gt; calculateAngle &gt; 異常ケース: 無効な位置でCircleOfFifthsErrorをスロー" time="0.000945894">
        </testcase>
        <testcase classname="src/features/circle-of-fifths/utils/test/geometry.test.ts" name="geometry utils &gt; normalizeAngle &gt; 正常ケース: 正の角度をそのまま返す" time="0.000236404">
        </testcase>
        <testcase classname="src/features/circle-of-fifths/utils/test/geometry.test.ts" name="geometry utils &gt; normalizeAngle &gt; 正常ケース: 負の角度を正規化" time="0.000206727">
        </testcase>
        <testcase classname="src/features/circle-of-fifths/utils/test/geometry.test.ts" name="geometry utils &gt; normalizeAngle &gt; 正常ケース: 2π以上の角度を正規化" time="0.000169729">
        </testcase>
        <testcase classname="src/features/circle-of-fifths/utils/test/geometry.test.ts" name="geometry utils &gt; normalizeAngle &gt; 境界値ケース: 0度と2π度の処理" time="0.000283191">
        </testcase>
        <testcase classname="src/features/circle-of-fifths/utils/test/geometry.test.ts" name="geometry utils &gt; polarToCartesian &gt; 正常ケース: 0度で正しい座標を返す" time="0.000220764">
        </testcase>
        <testcase classname="src/features/circle-of-fifths/utils/test/geometry.test.ts" name="geometry utils &gt; polarToCartesian &gt; 正常ケース: 90度で正しい座標を返す" time="0.00015451">
        </testcase>
        <testcase classname="src/features/circle-of-fifths/utils/test/geometry.test.ts" name="geometry utils &gt; polarToCartesian &gt; 正常ケース: 180度で正しい座標を返す" time="0.000153278">
        </testcase>
        <testcase classname="src/features/circle-of-fifths/utils/test/geometry.test.ts" name="geometry utils &gt; polarToCartesian &gt; 正常ケース: 270度で正しい座標を返す" time="0.000141085">
        </testcase>
        <testcase classname="src/features/circle-of-fifths/utils/test/geometry.test.ts" name="geometry utils &gt; polarToCartesian &gt; 正常ケース: 半径0で原点を返す" time="0.000281808">
        </testcase>
        <testcase classname="src/features/circle-of-fifths/utils/test/geometry.test.ts" name="geometry utils &gt; calculateTextPosition &gt; 正常ケース: 各位置で正しいテキスト座標を計算" time="0.000667923">
        </testcase>
        <testcase classname="src/features/circle-of-fifths/utils/test/geometry.test.ts" name="geometry utils &gt; calculateTextPosition &gt; 異常ケース: 無効な位置でCircleOfFifthsErrorをスロー" time="0.000336251">
        </testcase>
        <testcase classname="src/features/circle-of-fifths/utils/test/geometry.test.ts" name="geometry utils &gt; calculateTextPosition &gt; 異常ケース: 負の半径でCircleOfFifthsErrorをスロー" time="0.000236553">
        </testcase>
        <testcase classname="src/features/circle-of-fifths/utils/test/geometry.test.ts" name="geometry utils &gt; calculateTextRotation &gt; 正常ケース: 常に0を返す" time="0.000134442">
        </testcase>
    </testsuite>
    <testsuite name="src/features/circle-of-fifths/utils/test/index.test.ts" timestamp="2025-09-28T12:42:07.491Z" hostname="runnervm3ublj" tests="3" failures="0" errors="0" skipped="0" time="0.004405555">
        <testcase classname="src/features/circle-of-fifths/utils/test/index.test.ts" name="utils index exports &gt; エクスポートの確認: すべてのモジュールが正しくエクスポートされている" time="0.001806369">
        </testcase>
        <testcase classname="src/features/circle-of-fifths/utils/test/index.test.ts" name="utils index exports &gt; エクスポートの確認: ネームスペース形式でアクセス可能" time="0.000524704">
        </testcase>
        <testcase classname="src/features/circle-of-fifths/utils/test/index.test.ts" name="utils index exports &gt; エクスポートの確認: 各モジュールが独立している" time="0.00089553">
        </testcase>
    </testsuite>
    <testsuite name="src/features/circle-of-fifths/utils/test/pathGeneration.test.ts" timestamp="2025-09-28T12:42:07.491Z" hostname="runnervm3ublj" tests="11" failures="0" errors="0" skipped="0" time="0.011313806">
        <testcase classname="src/features/circle-of-fifths/utils/test/pathGeneration.test.ts" name="pathGeneration utils &gt; generatePizzaSlicePath &gt; 正常ケース: 有効なパラメータで正しいSVGパスを生成" time="0.002688263">
        </testcase>
        <testcase classname="src/features/circle-of-fifths/utils/test/pathGeneration.test.ts" name="pathGeneration utils &gt; generatePizzaSlicePath &gt; 正常ケース: 複数の位置で一貫したパス構造を生成" time="0.001986006">
        </testcase>
        <testcase classname="src/features/circle-of-fifths/utils/test/pathGeneration.test.ts" name="pathGeneration utils &gt; generatePizzaSlicePath &gt; 境界値ケース: large-arc-flagの計算が正しい" time="0.000645391">
        </testcase>
        <testcase classname="src/features/circle-of-fifths/utils/test/pathGeneration.test.ts" name="pathGeneration utils &gt; generatePizzaSlicePath &gt; 異常ケース: 無効な位置でCircleOfFifthsErrorをスロー" time="0.000581892">
        </testcase>
        <testcase classname="src/features/circle-of-fifths/utils/test/pathGeneration.test.ts" name="pathGeneration utils &gt; generatePizzaSlicePath &gt; 異常ケース: 負の半径でCircleOfFifthsErrorをスロー" time="0.000274124">
        </testcase>
        <testcase classname="src/features/circle-of-fifths/utils/test/pathGeneration.test.ts" name="pathGeneration utils &gt; generatePizzaSlicePath &gt; 異常ケース: 内側半径≥外側半径でCircleOfFifthsErrorをスロー" time="0.000334136">
        </testcase>
        <testcase classname="src/features/circle-of-fifths/utils/test/pathGeneration.test.ts" name="pathGeneration utils &gt; generateThreeSegmentPaths &gt; 正常ケース: 有効なパラメータで3つのパスを正しく生成" time="0.000609934">
        </testcase>
        <testcase classname="src/features/circle-of-fifths/utils/test/pathGeneration.test.ts" name="pathGeneration utils &gt; generateThreeSegmentPaths &gt; 正常ケース: 実際のCIRCLE_LAYOUT値で正しく動作" time="0.000844965">
        </testcase>
        <testcase classname="src/features/circle-of-fifths/utils/test/pathGeneration.test.ts" name="pathGeneration utils &gt; generateThreeSegmentPaths &gt; 異常ケース: 無効な位置でCircleOfFifthsErrorをスロー" time="0.000600266">
        </testcase>
        <testcase classname="src/features/circle-of-fifths/utils/test/pathGeneration.test.ts" name="pathGeneration utils &gt; generateThreeSegmentPaths &gt; 異常ケース: 負の半径でCircleOfFifthsErrorをスロー" time="0.000436158">
        </testcase>
        <testcase classname="src/features/circle-of-fifths/utils/test/pathGeneration.test.ts" name="pathGeneration utils &gt; generateThreeSegmentPaths &gt; 異常ケース: 半径の順序が正しくない場合でErrorをスロー" time="0.000459361">
        </testcase>
    </testsuite>
    <testsuite name="src/features/circle-of-fifths/utils/test/validation.test.ts" timestamp="2025-09-28T12:42:07.494Z" hostname="runnervm3ublj" tests="6" failures="0" errors="0" skipped="0" time="0.00420533">
        <testcase classname="src/features/circle-of-fifths/utils/test/validation.test.ts" name="validation utils &gt; isValidPosition &gt; 正常ケース: 有効な位置（0-11）でtrueを返す" time="0.00167905">
        </testcase>
        <testcase classname="src/features/circle-of-fifths/utils/test/validation.test.ts" name="validation utils &gt; isValidPosition &gt; 境界値ケース: 負の数でfalseを返す" time="0.000216847">
        </testcase>
        <testcase classname="src/features/circle-of-fifths/utils/test/validation.test.ts" name="validation utils &gt; isValidPosition &gt; 境界値ケース: getSegmentCount()以上の数でfalseを返す" time="0.000251191">
        </testcase>
        <testcase classname="src/features/circle-of-fifths/utils/test/validation.test.ts" name="validation utils &gt; isValidPosition &gt; 異常ケース: 小数でfalseを返す" time="0.00020782">
        </testcase>
        <testcase classname="src/features/circle-of-fifths/utils/test/validation.test.ts" name="validation utils &gt; isValidPosition &gt; 異常ケース: NaNでfalseを返す" time="0.000118432">
        </testcase>
        <testcase classname="src/features/circle-of-fifths/utils/test/validation.test.ts" name="validation utils &gt; isValidPosition &gt; 異常ケース: Infinityでfalseを返す" time="0.000135505">
        </testcase>
    </testsuite>
    <testsuite name="src/features/view-controller/hooks/test/useViewController.test.ts" timestamp="2025-09-28T12:42:07.495Z" hostname="runnervm3ublj" tests="28" failures="0" errors="0" skipped="0" time="0.102619453">
        <testcase classname="src/features/view-controller/hooks/test/useViewController.test.ts" name="useViewController &gt; 初期化 &gt; 正常ケース: フックが正常に初期化される" time="0.022566071">
        </testcase>
        <testcase classname="src/features/view-controller/hooks/test/useViewController.test.ts" name="useViewController &gt; 初期化 &gt; 正常ケース: 初期状態でcircle-of-fifthsが選択されている" time="0.003271065">
        </testcase>
        <testcase classname="src/features/view-controller/hooks/test/useViewController.test.ts" name="useViewController &gt; 初期化 &gt; 正常ケース: hubOptionsが正しく取得される" time="0.00513488">
        </testcase>
        <testcase classname="src/features/view-controller/hooks/test/useViewController.test.ts" name="useViewController &gt; 初期化 &gt; 正常ケース: selectedOptionが正しく設定される" time="0.002715152">
        </testcase>
        <testcase classname="src/features/view-controller/hooks/test/useViewController.test.ts" name="useViewController &gt; 初期化 &gt; 正常ケース: radioGroupRefが初期化される" time="0.003018521">
        </testcase>
        <testcase classname="src/features/view-controller/hooks/test/useViewController.test.ts" name="useViewController &gt; hubType変更 &gt; 正常ケース: hubStoreの状態変更が反映される" time="0.004275719">
        </testcase>
        <testcase classname="src/features/view-controller/hooks/test/useViewController.test.ts" name="useViewController &gt; hubType変更 &gt; 正常ケース: hubType変更時にselectedOptionが更新される" time="0.002830689">
        </testcase>
        <testcase classname="src/features/view-controller/hooks/test/useViewController.test.ts" name="useViewController &gt; handleHubTypeChange &gt; 正常ケース: circle-of-fifthsに変更できる" time="0.003272567">
        </testcase>
        <testcase classname="src/features/view-controller/hooks/test/useViewController.test.ts" name="useViewController &gt; handleHubTypeChange &gt; 正常ケース: chromatic-circleに変更できる" time="0.004403248">
        </testcase>
        <testcase classname="src/features/view-controller/hooks/test/useViewController.test.ts" name="useViewController &gt; handleHubTypeChange &gt; 正常ケース: 連続して変更できる" time="0.003045942">
        </testcase>
        <testcase classname="src/features/view-controller/hooks/test/useViewController.test.ts" name="useViewController &gt; handleKeyDown &gt; ArrowLeft/ArrowUpキー &gt; 正常ケース: ArrowLeftで前のオプションに移動" time="0.005809976">
        </testcase>
        <testcase classname="src/features/view-controller/hooks/test/useViewController.test.ts" name="useViewController &gt; handleKeyDown &gt; ArrowLeft/ArrowUpキー &gt; 正常ケース: ArrowUpで前のオプションに移動" time="0.002851097">
        </testcase>
        <testcase classname="src/features/view-controller/hooks/test/useViewController.test.ts" name="useViewController &gt; handleKeyDown &gt; ArrowLeft/ArrowUpキー &gt; 境界値ケース: 最初のオプションで前に移動すると最後のオプションに移動" time="0.002539432">
        </testcase>
        <testcase classname="src/features/view-controller/hooks/test/useViewController.test.ts" name="useViewController &gt; handleKeyDown &gt; ArrowRight/ArrowDownキー &gt; 正常ケース: ArrowRightで次のオプションに移動" time="0.002383951">
        </testcase>
        <testcase classname="src/features/view-controller/hooks/test/useViewController.test.ts" name="useViewController &gt; handleKeyDown &gt; ArrowRight/ArrowDownキー &gt; 正常ケース: ArrowDownで次のオプションに移動" time="0.002061776">
        </testcase>
        <testcase classname="src/features/view-controller/hooks/test/useViewController.test.ts" name="useViewController &gt; handleKeyDown &gt; ArrowRight/ArrowDownキー &gt; 境界値ケース: 最後のオプションで次に移動すると最初のオプションに移動" time="0.002309481">
        </testcase>
        <testcase classname="src/features/view-controller/hooks/test/useViewController.test.ts" name="useViewController &gt; handleKeyDown &gt; Home/Endキー &gt; 正常ケース: Homeキーで最初のオプションに移動" time="0.002215064">
        </testcase>
        <testcase classname="src/features/view-controller/hooks/test/useViewController.test.ts" name="useViewController &gt; handleKeyDown &gt; Home/Endキー &gt; 正常ケース: Endキーで最後のオプションに移動" time="0.002053201">
        </testcase>
        <testcase classname="src/features/view-controller/hooks/test/useViewController.test.ts" name="useViewController &gt; handleKeyDown &gt; Home/Endキー &gt; 境界値ケース: 既に最初のオプションでHomeキーを押しても変化なし" time="0.003547252">
        </testcase>
        <testcase classname="src/features/view-controller/hooks/test/useViewController.test.ts" name="useViewController &gt; handleKeyDown &gt; Home/Endキー &gt; 境界値ケース: 既に最後のオプションでEndキーを押しても変化なし" time="0.001612113">
        </testcase>
        <testcase classname="src/features/view-controller/hooks/test/useViewController.test.ts" name="useViewController &gt; handleKeyDown &gt; その他のキー &gt; 正常ケース: サポートされていないキーは何も実行しない" time="0.001357566">
        </testcase>
        <testcase classname="src/features/view-controller/hooks/test/useViewController.test.ts" name="useViewController &gt; handleKeyDown &gt; その他のキー &gt; 正常ケース: 複数の無効なキーを連続して処理" time="0.001837135">
        </testcase>
        <testcase classname="src/features/view-controller/hooks/test/useViewController.test.ts" name="useViewController &gt; フォーカス管理 &gt; 正常ケース: DOM要素が存在しない場合はエラーなし" time="0.002331983">
        </testcase>
        <testcase classname="src/features/view-controller/hooks/test/useViewController.test.ts" name="useViewController &gt; フォーカス管理 &gt; 正常ケース: DOM要素が存在する場合のフォーカス処理" time="0.003286594">
        </testcase>
        <testcase classname="src/features/view-controller/hooks/test/useViewController.test.ts" name="useViewController &gt; メモ化の動作 &gt; 正常ケース: hubOptionsがメモ化される" time="0.001624426">
        </testcase>
        <testcase classname="src/features/view-controller/hooks/test/useViewController.test.ts" name="useViewController &gt; メモ化の動作 &gt; 正常ケース: hubTypeが変更されない場合はselectedOptionがメモ化される" time="0.001495124">
        </testcase>
        <testcase classname="src/features/view-controller/hooks/test/useViewController.test.ts" name="useViewController &gt; メモ化の動作 &gt; 正常ケース: hubTypeが変更されるとselectedOptionが更新される" time="0.002824356">
        </testcase>
        <testcase classname="src/features/view-controller/hooks/test/useViewController.test.ts" name="useViewController &gt; メモ化の動作 &gt; 正常ケース: handleHubTypeChangeとhandleKeyDownがメモ化される" time="0.002760858">
        </testcase>
    </testsuite>
</testsuites>
